Log file open, 01/27/19 16:44:53
LogWindows: Failed to load 'aqProf.dll' (GetLastError=126)
LogWindows: File 'aqProf.dll' does not exist
LogWindows: Failed to load 'VSPerf140.dll' (GetLastError=126)
LogWindows: File 'VSPerf140.dll' does not exist
LogWindows: Failed to load 'VtuneApi.dll' (GetLastError=126)
LogWindows: File 'VtuneApi.dll' does not exist
LogWindows: Failed to load 'VtuneApi32e.dll' (GetLastError=126)
LogWindows: File 'VtuneApi32e.dll' does not exist
LogInit: Display: Running engine for game: ParallelNoteV2
LogPlatformFile: Not using cached read wrapper
LogTaskGraph: Started task graph with 5 named threads and 11 total threads with 3 sets of task threads.
LogStats: Stats thread started at 0.182799
LogD3D11RHI: Loaded GFSDK_Aftermath_Lib.x64.dll
LogICUInternationalization: Display: ICU TimeZone Detection - Raw Offset: +7:00, Platform Override: ''
LogPluginManager: Mounting plugin Paper2D
LogPluginManager: Mounting plugin AISupport
LogPluginManager: Mounting plugin LightPropagationVolume
LogPluginManager: Mounting plugin CLionSourceCodeAccess
LogPluginManager: Mounting plugin CodeLiteSourceCodeAccess
LogPluginManager: Mounting plugin GitSourceControl
LogPluginManager: Mounting plugin KDevelopSourceCodeAccess
LogPluginManager: Mounting plugin NullSourceCodeAccess
LogPluginManager: Mounting plugin PerforceSourceControl
LogPluginManager: Mounting plugin SubversionSourceControl
LogPluginManager: Mounting plugin UObjectPlugin
LogPluginManager: Mounting plugin VisualStudioCodeSourceCodeAccess
LogPluginManager: Mounting plugin VisualStudioSourceCodeAccess
LogPluginManager: Mounting plugin XCodeSourceCodeAccess
LogPluginManager: Mounting plugin AssetManagerEditor
LogPluginManager: Mounting plugin CryptoKeys
LogPluginManager: Mounting plugin DataValidation
LogPluginManager: Mounting plugin FacialAnimation
LogPluginManager: Mounting plugin GameplayTagsEditor
LogPluginManager: Mounting plugin MacGraphicsSwitching
LogPluginManager: Mounting plugin MeshEditor
LogPluginManager: Mounting plugin MobileLauncherProfileWizard
LogPluginManager: Mounting plugin PluginBrowser
LogPluginManager: Mounting plugin SpeedTreeImporter
LogPluginManager: Mounting plugin DatasmithContent
LogPluginManager: Mounting plugin AlembicImporter
LogPluginManager: Mounting plugin AppleImageUtils
LogPluginManager: Mounting plugin AppleVision
LogPluginManager: Mounting plugin BackChannel
LogPluginManager: Mounting plugin CharacterAI
LogPluginManager: Mounting plugin GeometryCache
LogPluginManager: Mounting plugin HTML5Networking
LogPluginManager: Mounting plugin ProxyLODPlugin
LogPluginManager: Mounting plugin MagicLeap
LogPluginManager: Mounting plugin MagicLeapEmulator
LogPluginManager: Mounting plugin MagicLeapMedia
LogPluginManager: Mounting plugin AndroidMedia
LogPluginManager: Mounting plugin AvfMedia
LogPluginManager: Mounting plugin ImgMedia
LogPluginManager: Mounting plugin LinearTimecode
LogPluginManager: Mounting plugin MediaCompositing
LogPluginManager: Mounting plugin MediaPlayerEditor
LogPluginManager: Mounting plugin WmfMedia
LogPluginManager: Mounting plugin TcpMessaging
LogPluginManager: Mounting plugin UdpMessaging
LogPluginManager: Mounting plugin ActorSequence
LogPluginManager: Mounting plugin LevelSequenceEditor
LogPluginManager: Mounting plugin MatineeToLevelSequence
LogPluginManager: Mounting plugin NetcodeUnitTest
LogPluginManager: Mounting plugin NUTUnrealEngine4
LogPluginManager: Mounting plugin OnlineSubsystemGooglePlay
LogPluginManager: Mounting plugin OnlineSubsystemIOS
LogPluginManager: Mounting plugin OnlineSubsystem
LogPluginManager: Mounting plugin OnlineSubsystemNull
LogPluginManager: Mounting plugin OnlineSubsystemUtils
LogPluginManager: Mounting plugin LauncherChunkInstaller
LogPluginManager: Mounting plugin AndroidDeviceProfileSelector
LogPluginManager: Mounting plugin AndroidMoviePlayer
LogPluginManager: Mounting plugin AndroidPermission
LogPluginManager: Mounting plugin AppleMoviePlayer
LogPluginManager: Mounting plugin ArchVisCharacter
LogPluginManager: Mounting plugin AudioCapture
LogPluginManager: Mounting plugin CableComponent
LogPluginManager: Mounting plugin CustomMeshComponent
LogPluginManager: Mounting plugin EditableMesh
LogPluginManager: Mounting plugin ExampleDeviceProfileSelector
LogPluginManager: Mounting plugin GoogleCloudMessaging
LogPluginManager: Mounting plugin ImmediatePhysics
LogPluginManager: Mounting plugin IOSDeviceProfileSelector
LogPluginManager: Mounting plugin LinuxDeviceProfileSelector
LogPluginManager: Mounting plugin LocationServicesBPLibrary
LogPluginManager: Mounting plugin MobilePatchingUtils
LogPluginManager: Mounting plugin OculusVR
LogPluginManager: Plugin shader directory ../../../Engine/Plugins/Runtime/Oculus/OculusVR/Shaders found
LogPluginManager: Mapping shader source directory ../../../Engine/Plugins/Runtime/Oculus/OculusVR/Shaders to virtual directory /Plugin/OculusVR
LogPluginManager: Mounting plugin PhysXVehicles
LogPluginManager: Mounting plugin ProceduralMeshComponent
LogPluginManager: Mounting plugin RuntimePhysXCooking
LogPluginManager: Mounting plugin SteamVR
LogPluginManager: Mounting plugin WindowsMoviePlayer
LogStreaming: Display: Took  0.082s to configure plugins.
LogInit: Using libcurl 7.55.1-DEV
LogInit:  - built for x86_64-pc-win32
LogInit:  - supports SSL with OpenSSL/1.0.2h
LogInit:  - supports HTTP deflate (compression) using libz 1.2.8
LogInit:  - other features:
LogInit:      CURL_VERSION_SSL
LogInit:      CURL_VERSION_LIBZ
LogInit:      CURL_VERSION_IPV6
LogInit:      CURL_VERSION_ASYNCHDNS
LogInit:      CURL_VERSION_LARGEFILE
LogInit:      CURL_VERSION_IDN
LogInit:  CurlRequestOptions (configurable via config and command line):
LogInit:  - bVerifyPeer = false  - Libcurl will NOT verify peer certificate
LogInit:  - bUseHttpProxy = false  - Libcurl will NOT use HTTP proxy
LogInit:  - bDontReuseConnections = false  - Libcurl will reuse connections
LogInit:  - CertBundlePath = nullptr  - Libcurl will use whatever was configured at build time.
LogInit:  - MaxHostConnections = 16  - Libcurl will limit the number of connections to a host
LogInit:  - LocalHostAddr = Default
LogInit:  - BufferSize = 65536
LogInit: WinSock: version 1.1 (2.2), MaxSocks=32767, MaxUdp=65467
LogInit: Build: ++UE4+Release-4.20-CL-4369336
LogInit: Engine Version: 4.20.3-4369336+++UE4+Release-4.20
LogInit: Compatible Engine Version: 4.20.0-4212847+++UE4+Release-4.20
LogInit: Net CL: 4212847
LogInit: OS: Windows 10 (), CPU: Intel(R) Core(TM) i5-7200U CPU @ 2.50GHz, GPU: Intel(R) HD Graphics 620
LogInit: Compiled (64-bit): Sep 17 2018 12:26:19
LogInit: Compiled with Visual C++: 19.13.26129.00
LogInit: Build Configuration: Development
LogInit: Branch Name: ++UE4+Release-4.20
LogInit: Command Line: -EpicPortal  -epicusername="DiscEgco" -epicuserid=22749f5dc94043539296409fed06cb6c -epiclocale=en-US
LogInit: Base Directory: C:/Program Files/Epic Games/UE_4.20/Engine/Binaries/Win64/
LogInit: Installed Engine Build: 1
LogDevObjectVersion: Number of dev versions registered: 20
LogDevObjectVersion:   Dev-Blueprints (B0D832E4-1F89-4F0D-ACCF-7EB736FD4AA2): 10
LogDevObjectVersion:   Dev-Build (E1C64328-A22C-4D53-A36C-8E866417BD8C): 0
LogDevObjectVersion:   Dev-Core (375EC13C-06E4-48FB-B500-84F0262A717E): 2
LogDevObjectVersion:   Dev-Editor (E4B068ED-F494-42E9-A231-DA0B2E46BB41): 24
LogDevObjectVersion:   Dev-Framework (CFFC743F-43B0-4480-9391-14DF171D2073): 34
LogDevObjectVersion:   Dev-Mobile (B02B49B5-BB20-44E9-A304-32B752E40360): 2
LogDevObjectVersion:   Dev-Networking (A4E4105C-59A1-49B5-A7C5-40C4547EDFEE): 0
LogDevObjectVersion:   Dev-Online (39C831C9-5AE6-47DC-9A44-9C173E1C8E7C): 0
LogDevObjectVersion:   Dev-Physics (78F01B33-EBEA-4F98-B9B4-84EACCB95AA2): 0
LogDevObjectVersion:   Dev-Platform (6631380F-2D4D-43E0-8009-CF276956A95A): 0
LogDevObjectVersion:   Dev-Rendering (12F88B9F-8875-4AFC-A67C-D90C383ABD29): 26
LogDevObjectVersion:   Dev-Sequencer (7B5AE74C-D270-4C10-A958-57980B212A5A): 9
LogDevObjectVersion:   Dev-VR (D7296918-1DD6-4BDD-9DE2-64A83CC13884): 2
LogDevObjectVersion:   Dev-LoadTimes (C2A15278-BFE7-4AFE-6C17-90FF531DF755): 1
LogDevObjectVersion:   Private-Geometry (6EACA3D4-40EC-4CC1-B786-8BED09428FC5): 3
LogDevObjectVersion:   Dev-AnimPhys (29E575DD-E0A3-4627-9D10-D276232CDCEA): 17
LogDevObjectVersion:   Dev-ReflectionCapture (6B266CEC-1EC7-4B8F-A30B-E4D90942FC07): 1
LogDevObjectVersion:   Dev-Automation (0DF73D61-A23F-47EA-B727-89E90C41499A): 1
LogDevObjectVersion:   FortniteMain (601D1886-AC64-4F84-AA16-D3DE0DEAC7D6): 12
LogDevObjectVersion:   Dev-Enterprise (9DFFBCD6-494F-0158-E221-12823C92A888): 1
LogStreaming: Display: Took  0.000s to delete old logs.
LogInit: Presizing for max 8388607 objects, including 0 objects not considered by GC, pre-allocating 0 bytes for permanent pool.
LogInit: Object subsystem initialized
[2019.01.27-09.44.54:013][  0]LogInit: Selected Device Profile: [Windows]
[2019.01.27-09.44.54:013][  0]LogInit: Applying CVar settings loaded from the selected device profile: [Windows]
[2019.01.27-09.44.54:027][  0]LogHAL: Display: Platform has ~ 8 GB [8451756032 / 8589934592 / 8], which maps to Default [LargestMinGB=32, LargerMinGB=12, DefaultMinGB=8, SmallerMinGB=6, SmallestMinGB=0)
[2019.01.27-09.44.54:028][  0]LogInit: Setting Device Profile CVar: [[r.Vulkan.UseRealUBs:1]]
[2019.01.27-09.44.54:028][  0]LogInit: Going up to parent DeviceProfile []
[2019.01.27-09.44.54:028][  0]LogInit: Computer: DESKTOP-CM3AHG7
[2019.01.27-09.44.54:028][  0]LogInit: User: Disc
[2019.01.27-09.44.54:028][  0]LogInit: CPU Page size=4096, Cores=2
[2019.01.27-09.44.54:028][  0]LogInit: High frequency timer resolution =2.648442 MHz
[2019.01.27-09.44.54:028][  0]LogMemory: Memory total: Physical=7.9GB (8GB approx)
[2019.01.27-09.44.54:028][  0]LogMemory: Platform Memory Stats for Windows
[2019.01.27-09.44.54:028][  0]LogMemory: Process Physical Memory: 99.61 MB used, 99.61 MB peak
[2019.01.27-09.44.54:028][  0]LogMemory: Process Virtual Memory: 90.59 MB used, 90.59 MB peak
[2019.01.27-09.44.54:028][  0]LogMemory: Physical Memory: 5360.50 MB used,  2699.72 MB free, 8060.22 MB total
[2019.01.27-09.44.54:028][  0]LogMemory: Virtual Memory: 4623.05 MB used,  2699.72 MB free, 134217728.00 MB total
[2019.01.27-09.44.54:046][  0]LogInit: Using OS detected language (en-US).
[2019.01.27-09.44.54:046][  0]LogInit: Using OS detected locale (en-US).
[2019.01.27-09.44.54:047][  0]LogTextLocalizationManager: No specific localization for 'en-US' exists, so the 'en' localization will be used.
[2019.01.27-09.44.54:508][  0]LogStreaming: Display: Took  0.462s to InitEngineTextLocalization.
[2019.01.27-09.44.54:508][  0]LogInit: Setting process to per monitor DPI aware
[2019.01.27-09.44.54:565][  0]LogSlate: New Slate User Created.  User Index 0, Is Virtual User: 0
[2019.01.27-09.44.54:565][  0]LogSlate: Slate User Registered.  User Index 0, Is Virtual User: 0
[2019.01.27-09.44.54:820][  0]LogHMD: Failed to initialize OpenVR with code 110
[2019.01.27-09.44.54:820][  0]LogD3D11RHI: D3D11 adapters:
[2019.01.27-09.44.54:854][  0]LogD3D11RHI:    0. 'NVIDIA GeForce GTX 950M' (Feature Level 11_0)
[2019.01.27-09.44.54:854][  0]LogD3D11RHI:       4062/0/4030 MB DedicatedVideo/DedicatedSystem/SharedSystem, Outputs:1, VendorId:0x10de
[2019.01.27-09.44.54:864][  0]LogD3D11RHI:    1. 'Intel(R) HD Graphics 620' (Feature Level 11_0)
[2019.01.27-09.44.54:864][  0]LogD3D11RHI:       128/0/4030 MB DedicatedVideo/DedicatedSystem/SharedSystem, Outputs:0, VendorId:0x8086
[2019.01.27-09.44.54:866][  0]LogD3D11RHI:    2. 'Microsoft Basic Render Driver' (Feature Level 11_0)
[2019.01.27-09.44.54:866][  0]LogD3D11RHI:       0/0/4030 MB DedicatedVideo/DedicatedSystem/SharedSystem, Outputs:0, VendorId:0x1414
[2019.01.27-09.44.54:866][  0]LogD3D11RHI: Chosen D3D11 Adapter: 0
[2019.01.27-09.44.54:887][  0]LogD3D11RHI: Creating new Direct3DDevice
[2019.01.27-09.44.54:887][  0]LogD3D11RHI:     GPU DeviceId: 0x139a (for the marketing name, search the web for "GPU Device Id")
[2019.01.27-09.44.54:887][  0]LogWindows: EnumDisplayDevices:
[2019.01.27-09.44.54:887][  0]LogWindows:    0. 'Intel(R) HD Graphics 620' (P:1 D:1)
[2019.01.27-09.44.54:888][  0]LogWindows:    1. 'Intel(R) HD Graphics 620' (P:0 D:0)
[2019.01.27-09.44.54:888][  0]LogWindows:    2. 'Intel(R) HD Graphics 620' (P:0 D:0)
[2019.01.27-09.44.54:888][  0]LogWindows: DebugString: PrimaryIsNotTheChoosenAdapter PrimaryIsNotTheChoosenAdapter PrimaryIsNotTheChoosenAdapter FoundDriverCount:0 
[2019.01.27-09.44.54:888][  0]LogD3D11RHI:     Adapter Name: NVIDIA GeForce GTX 950M
[2019.01.27-09.44.54:888][  0]LogD3D11RHI:   Driver Version: Unknown (internal:Unknown, unified:Unknown)
[2019.01.27-09.44.54:888][  0]LogD3D11RHI:      Driver Date: Unknown
[2019.01.27-09.44.54:888][  0]LogRHI: Texture pool is 2843 MB (70% of 4062 MB)
[2019.01.27-09.44.54:910][  0]LogD3D11RHI: Async texture creation enabled
[2019.01.27-09.44.54:932][  0]LogD3D11RHI: GPU Timing Frequency: 1000.000000 (Debug: 2 2)
[2019.01.27-09.44.54:933][  0]LogShaderCompilers: Guid format shader working directory is 3 characters bigger than the processId version (D:/Projects/Unreal Projects/ParallelNoteV2/Intermediate/Shaders/WorkingDirectory/4956/).
[2019.01.27-09.44.54:933][  0]LogShaderCompilers: Cleaned the shader compiler working directory 'C:/Users/Disc/AppData/Local/Temp/UnrealShaderWorkingDir/273C47124A7D8A90F94966AB26C8007A/'.
[2019.01.27-09.44.55:435][  0]LogTemp: Display: Loaded TP AllDesktopTargetPlatform
[2019.01.27-09.44.55:450][  0]LogTemp: Display: Loaded TP MacClientTargetPlatform
[2019.01.27-09.44.55:467][  0]LogTemp: Display: Loaded TP MacNoEditorTargetPlatform
[2019.01.27-09.44.55:484][  0]LogTemp: Display: Loaded TP MacServerTargetPlatform
[2019.01.27-09.44.55:501][  0]LogTemp: Display: Loaded TP MacTargetPlatform
[2019.01.27-09.44.55:516][  0]LogTemp: Display: Loaded TP WindowsClientTargetPlatform
[2019.01.27-09.44.55:532][  0]LogTemp: Display: Loaded TP WindowsNoEditorTargetPlatform
[2019.01.27-09.44.55:546][  0]LogTemp: Display: Loaded TP WindowsServerTargetPlatform
[2019.01.27-09.44.55:553][  0]LogTemp: Display: Loaded TP WindowsTargetPlatform
[2019.01.27-09.44.55:645][  0]LogTemp: Display: Loaded TP AndroidTargetPlatform
[2019.01.27-09.44.55:645][  0]LogTemp: Display: Loaded TP AndroidTargetPlatform
[2019.01.27-09.44.55:645][  0]LogTemp: Display: Loaded TP AndroidTargetPlatform
[2019.01.27-09.44.55:645][  0]LogTemp: Display: Loaded TP AndroidTargetPlatform
[2019.01.27-09.44.55:645][  0]LogTemp: Display: Loaded TP AndroidTargetPlatform
[2019.01.27-09.44.55:645][  0]LogTemp: Display: Loaded TP AndroidTargetPlatform
[2019.01.27-09.44.55:645][  0]LogTemp: Display: Loaded TP AndroidTargetPlatform
[2019.01.27-09.44.55:645][  0]LogTemp: Display: Loaded TP AndroidTargetPlatform
[2019.01.27-09.44.55:645][  0]LogTemp: Display: Loaded TP AndroidTargetPlatform
[2019.01.27-09.44.55:645][  0]LogTemp: Display: Loaded TP AndroidTargetPlatform
[2019.01.27-09.44.55:645][  0]LogTemp: Display: Loaded TP AndroidTargetPlatform
[2019.01.27-09.44.55:645][  0]LogTemp: Display: Loaded TP AndroidTargetPlatform
[2019.01.27-09.44.55:645][  0]LogTemp: Display: Loaded TP AndroidTargetPlatform
[2019.01.27-09.44.55:645][  0]LogTemp: Display: Loaded TP AndroidTargetPlatform
[2019.01.27-09.44.55:645][  0]LogTemp: Display: Loaded TP AndroidTargetPlatform
[2019.01.27-09.44.55:645][  0]LogTemp: Display: Loaded TP AndroidTargetPlatform
[2019.01.27-09.44.55:645][  0]LogTemp: Display: Loaded TP AndroidTargetPlatform
[2019.01.27-09.44.55:645][  0]LogTemp: Display: Loaded TP AndroidTargetPlatform
[2019.01.27-09.44.55:647][  0]LogTemp: Display: Loaded TP HTML5TargetPlatform
[2019.01.27-09.44.55:722][  0]LogTemp: Display: Loaded TP IOSTargetPlatform
[2019.01.27-09.44.55:722][  0]LogTemp: Display: Loaded TP IOSTargetPlatform
[2019.01.27-09.44.55:767][  0]LogTemp: Display: Loaded TP TVOSTargetPlatform
[2019.01.27-09.44.55:767][  0]LogTemp: Display: Loaded TP TVOSTargetPlatform
[2019.01.27-09.44.55:791][  0]LogTemp: Display: Loaded TP LinuxClientTargetPlatform
[2019.01.27-09.44.55:813][  0]LogTemp: Display: Loaded TP LinuxNoEditorTargetPlatform
[2019.01.27-09.44.55:828][  0]LogTemp: Display: Loaded TP LinuxServerTargetPlatform
[2019.01.27-09.44.55:845][  0]LogTemp: Display: Loaded TP LinuxTargetPlatform
[2019.01.27-09.44.55:857][  0]LogTemp: Display: Loaded TP LuminTargetPlatform
[2019.01.27-09.44.55:858][  0]LogTargetPlatformManager: Display: Building Assets For Windows
[2019.01.27-09.44.55:944][  0]LogXGEController: Cannot use XGE Controller as Incredibuild is not installed on this machine.
[2019.01.27-09.44.55:944][  0]LogShaderCompilers: Cannot use XGE Shader Compiler as Incredibuild is not installed on this machine.
[2019.01.27-09.44.55:944][  0]LogShaderCompilers: Display: Using Local Shader Compiler.
[2019.01.27-09.44.56:922][  0]LogDerivedDataCache: Display: Max Cache Size: 512 MB
[2019.01.27-09.44.57:012][  0]LogDerivedDataCache: Loaded boot cache 0.09s 87MB C:/Users/Disc/AppData/Local/UnrealEngine/4.20/DerivedDataCache/Boot.ddc.
[2019.01.27-09.44.57:012][  0]LogDerivedDataCache: Display: Loaded Boot cache: C:/Users/Disc/AppData/Local/UnrealEngine/4.20/DerivedDataCache/Boot.ddc
[2019.01.27-09.44.57:012][  0]LogDerivedDataCache: FDerivedDataBackendGraph:  Pak pak cache file D:/Projects/Unreal Projects/ParallelNoteV2/DerivedDataCache/DDC.ddp not found, will not use a pak cache.
[2019.01.27-09.44.57:012][  0]LogDerivedDataCache: Unable to find inner node Pak for hierarchical cache Hierarchy.
[2019.01.27-09.44.57:012][  0]LogDerivedDataCache: FDerivedDataBackendGraph:  CompressedPak pak cache file D:/Projects/Unreal Projects/ParallelNoteV2/DerivedDataCache/Compressed.ddp not found, will not use a pak cache.
[2019.01.27-09.44.57:012][  0]LogDerivedDataCache: Unable to find inner node CompressedPak for hierarchical cache Hierarchy.
[2019.01.27-09.44.57:032][  0]LogDerivedDataCache: Display: Pak cache opened for reading ../../../Engine/DerivedDataCache/Compressed.ddp.
[2019.01.27-09.44.57:045][  0]LogDerivedDataCache: Using Local data cache path C:/Users/Disc/AppData/Local/UnrealEngine/Common/DerivedDataCache: Writable
[2019.01.27-09.44.57:045][  0]LogDerivedDataCache: Shared data cache path not found in *engine.ini, will not use an Shared cache.
[2019.01.27-09.44.57:045][  0]LogDerivedDataCache: Unable to find inner node Shared for hierarchical cache Hierarchy.
[2019.01.27-09.44.57:067][  0]LogMaterial: Verifying Global Shaders for PCD3D_SM5
[2019.01.27-09.44.57:068][  0]LogSlate: Using FreeType 2.6.0
[2019.01.27-09.44.57:069][  0]LogSlate: SlateFontServices - WITH_FREETYPE: 1, WITH_HARFBUZZ: 1
[2019.01.27-09.44.57:154][  0]LogAssetRegistry: FAssetRegistry took 0.0282 seconds to start up
[2019.01.27-09.44.57:575][  0]LogInit: Selected Device Profile: [Windows]
[2019.01.27-09.44.57:749][  0]LogSimplygon: Simplygon DLL not present - disabling.
[2019.01.27-09.44.57:753][  0]LogMeshReduction: Using SimplygonSwarm for distributed automatic mesh merging
[2019.01.27-09.44.57:753][  0]LogMeshReduction: Using ProxyLODMeshReduction for automatic mesh merging
[2019.01.27-09.44.57:753][  0]LogMeshReduction: Using QuadricMeshReduction for automatic static mesh reduction
[2019.01.27-09.44.57:753][  0]LogMeshReduction: No automatic skeletal mesh reduction module available
[2019.01.27-09.44.57:772][  0]LogNetVersion: ParallelNoteV2 1.0.0, NetCL: 4212847, EngineNetVer: 5, GameNetVer: 0 (Checksum: 3415175619)
[2019.01.27-09.44.58:519][  0]LogPackageLocalizationCache: Processed 11 localized package path(s) for 2 prioritized culture(s) in 0.122092 seconds
[2019.01.27-09.44.58:530][  0]LogUObjectArray: 38425 objects as part of root set at end of initial load.
[2019.01.27-09.44.58:530][  0]LogUObjectAllocator: 6690864 out of 0 bytes used by permanent object pool.
[2019.01.27-09.44.58:530][  0]LogUObjectArray: CloseDisregardForGC: 0/0 objects in disregard for GC pool
[2019.01.27-09.44.59:682][  0]LogTcpMessaging: Initializing TcpMessaging bridge
[2019.01.27-09.44.59:712][  0]LogUdpMessaging: Initializing bridge on interface 0.0.0.0:0 to multicast group 230.0.0.1:6666.
[2019.01.27-09.44.59:887][  0]SourceControl: Source control is disabled
[2019.01.27-09.44.59:887][  0]SourceControl: Source control is disabled
[2019.01.27-09.44.59:888][  0]SourceControl: Source control is disabled
[2019.01.27-09.44.59:889][  0]SourceControl: Source control is disabled
[2019.01.27-09.45.00:074][  0]LogAndroidPermission: UAndroidPermissionCallbackProxy::GetInstance
[2019.01.27-09.45.00:149][  0]LogOcInput: OculusInput pre-init called
[2019.01.27-09.45.00:235][  0]LogEngine: Initializing Engine...
[2019.01.27-09.45.00:237][  0]LogHMD: Failed to initialize OpenVR with code 110
[2019.01.27-09.45.00:238][  0]LogStats: UGameplayTagsManager::ConstructGameplayTagTree: ImportINI prefixes -  0.000 s
[2019.01.27-09.45.00:238][  0]LogStats: UGameplayTagsManager::ConstructGameplayTagTree: Construct from data asset -  0.000 s
[2019.01.27-09.45.00:238][  0]LogStats: UGameplayTagsManager::ConstructGameplayTagTree: ImportINI -  0.000 s
[2019.01.27-09.45.00:238][  0]LogStats: UGameplayTagsManager::ConstructGameplayTagTree: GameplayTagTreeChangedEvent.Broadcast -  0.000 s
[2019.01.27-09.45.00:606][  0]LogInit: Initializing FReadOnlyCVARCache
[2019.01.27-09.45.00:632][  0]LogAIModule: Creating AISystem for world Untitled
[2019.01.27-09.45.00:649][  0]LogInit: XAudio2 using 'Speakers (Realtek High Definition Audio)' : 2 channels at 48 kHz using 32 bits per sample (channel mask 0x3)
[2019.01.27-09.45.00:677][  0]LogInit: FAudioDevice initialized.
[2019.01.27-09.45.00:678][  0]LogNetVersion: Set ProjectVersion to 1.0.0.0. Version Checksum will be recalculated on next use.
[2019.01.27-09.45.01:058][  0]LogDerivedDataCache: Saved boot cache 0.38s 71MB C:/Users/Disc/AppData/Local/UnrealEngine/4.20/DerivedDataCache/Boot.ddc.
[2019.01.27-09.45.01:065][  0]LogInit: Texture streaming: Enabled
[2019.01.27-09.45.01:098][  0]LogEngineSessionManager: EngineSessionManager initialized
[2019.01.27-09.45.01:130][  0]LogInit: Transaction tracking system initialized
[2019.01.27-09.45.01:183][  0]BlueprintLog: New page: Editor Load
[2019.01.27-09.45.01:308][  0]LogInit: Warning: CVar named 'r.MobileHDR' marked up in RendererSettings was not found or is set to read-only
[2019.01.27-09.45.01:546][  0]LocalizationService: Localization service is disabled
[2019.01.27-09.45.01:971][  0]LogCook: Display: Max memory allowance for cook 16384mb min free memory 0mb
[2019.01.27-09.45.01:971][  0]LogCook: Display: Mobile HDR setting 0
[2019.01.27-09.45.01:971][  0]LogGameplayTags: Display: UGameplayTagsManager::DoneAddingNativeTags. DelegateIsBound: 0
[2019.01.27-09.45.01:971][  0]LogStats: UGameplayTagsManager::ConstructGameplayTagTree: ImportINI prefixes -  0.000 s
[2019.01.27-09.45.01:971][  0]LogStats: UGameplayTagsManager::ConstructGameplayTagTree: Construct from data asset -  0.000 s
[2019.01.27-09.45.01:971][  0]LogStats: UGameplayTagsManager::ConstructGameplayTagTree: ImportINI -  0.000 s
[2019.01.27-09.45.01:971][  0]LogStats: UGameplayTagsManager::ConstructGameplayTagTree: GameplayTagTreeChangedEvent.Broadcast -  0.000 s
[2019.01.27-09.45.02:155][  0]LogFileCache: Scanning file cache for directory 'D:/Projects/Unreal Projects/ParallelNoteV2/Content/' took 0.01s
[2019.01.27-09.45.02:155][  0]SourceControl: Source control is disabled
[2019.01.27-09.45.02:156][  0]LogFactory: FactoryCreateFile: PackFactory with PackFactory (0 0 C:/Program Files/Epic Games/UE_4.20/FeaturePacks/MobileStarterContent.upack)
[2019.01.27-09.45.02:165][  0]LogPackFactory: Finished extracting 8 files (including 0 errors).
[2019.01.27-09.45.02:243][  0]LogPackFactory: Copied "../../../Samples/MobileStarterContent/Content/MobileStarterContent/Architecture/Floor_400x400.uasset" to "D:/Projects/Unreal Projects/ParallelNoteV2/Content/MobileStarterContent/Architecture/Floor_400x400.uasset"
[2019.01.27-09.45.02:274][  0]LogPackFactory: Copied "../../../Samples/MobileStarterContent/Content/MobileStarterContent/Architecture/Pillar_50x500.uasset" to "D:/Projects/Unreal Projects/ParallelNoteV2/Content/MobileStarterContent/Architecture/Pillar_50x500.uasset"
[2019.01.27-09.45.02:289][  0]LogPackFactory: Copied "../../../Samples/MobileStarterContent/Content/MobileStarterContent/Architecture/Wall_400x200.uasset" to "D:/Projects/Unreal Projects/ParallelNoteV2/Content/MobileStarterContent/Architecture/Wall_400x200.uasset"
[2019.01.27-09.45.02:302][  0]LogPackFactory: Copied "../../../Samples/MobileStarterContent/Content/MobileStarterContent/Architecture/Wall_400x300.uasset" to "D:/Projects/Unreal Projects/ParallelNoteV2/Content/MobileStarterContent/Architecture/Wall_400x300.uasset"
[2019.01.27-09.45.02:338][  0]LogPackFactory: Copied "../../../Samples/MobileStarterContent/Content/MobileStarterContent/Architecture/Wall_400x400.uasset" to "D:/Projects/Unreal Projects/ParallelNoteV2/Content/MobileStarterContent/Architecture/Wall_400x400.uasset"
[2019.01.27-09.45.02:403][  0]LogPackFactory: Copied "../../../Samples/MobileStarterContent/Content/MobileStarterContent/Architecture/Wall_500x500.uasset" to "D:/Projects/Unreal Projects/ParallelNoteV2/Content/MobileStarterContent/Architecture/Wall_500x500.uasset"
[2019.01.27-09.45.02:435][  0]LogPackFactory: Copied "../../../Samples/MobileStarterContent/Content/MobileStarterContent/Architecture/Wall_Door_400x300.uasset" to "D:/Projects/Unreal Projects/ParallelNoteV2/Content/MobileStarterContent/Architecture/Wall_Door_400x300.uasset"
[2019.01.27-09.45.02:449][  0]LogPackFactory: Copied "../../../Samples/MobileStarterContent/Content/MobileStarterContent/Architecture/Wall_Door_400x400.uasset" to "D:/Projects/Unreal Projects/ParallelNoteV2/Content/MobileStarterContent/Architecture/Wall_Door_400x400.uasset"
[2019.01.27-09.45.02:464][  0]LogPackFactory: Copied "../../../Samples/MobileStarterContent/Content/MobileStarterContent/Architecture/Wall_Window_400x300.uasset" to "D:/Projects/Unreal Projects/ParallelNoteV2/Content/MobileStarterContent/Architecture/Wall_Window_400x300.uasset"
[2019.01.27-09.45.02:483][  0]LogPackFactory: Copied "../../../Samples/MobileStarterContent/Content/MobileStarterContent/Architecture/Wall_Window_400x400.uasset" to "D:/Projects/Unreal Projects/ParallelNoteV2/Content/MobileStarterContent/Architecture/Wall_Window_400x400.uasset"
[2019.01.27-09.45.02:508][  0]LogPackFactory: Copied "../../../Samples/MobileStarterContent/Content/MobileStarterContent/Audio/Collapse01.uasset" to "D:/Projects/Unreal Projects/ParallelNoteV2/Content/MobileStarterContent/Audio/Collapse01.uasset"
[2019.01.27-09.45.02:567][  0]LogPackFactory: Copied "../../../Samples/MobileStarterContent/Content/MobileStarterContent/Audio/Collapse02.uasset" to "D:/Projects/Unreal Projects/ParallelNoteV2/Content/MobileStarterContent/Audio/Collapse02.uasset"
[2019.01.27-09.45.02:591][  0]LogPackFactory: Copied "../../../Samples/MobileStarterContent/Content/MobileStarterContent/Audio/Collapse_Cue.uasset" to "D:/Projects/Unreal Projects/ParallelNoteV2/Content/MobileStarterContent/Audio/Collapse_Cue.uasset"
[2019.01.27-09.45.02:627][  0]LogPackFactory: Copied "../../../Samples/MobileStarterContent/Content/MobileStarterContent/Audio/Explosion01.uasset" to "D:/Projects/Unreal Projects/ParallelNoteV2/Content/MobileStarterContent/Audio/Explosion01.uasset"
[2019.01.27-09.45.02:781][  0]LogPackFactory: Copied "../../../Samples/MobileStarterContent/Content/MobileStarterContent/Audio/Explosion02.uasset" to "D:/Projects/Unreal Projects/ParallelNoteV2/Content/MobileStarterContent/Audio/Explosion02.uasset"
[2019.01.27-09.45.02:822][  0]LogPackFactory: Copied "../../../Samples/MobileStarterContent/Content/MobileStarterContent/Audio/Explosion_Cue.uasset" to "D:/Projects/Unreal Projects/ParallelNoteV2/Content/MobileStarterContent/Audio/Explosion_Cue.uasset"
[2019.01.27-09.45.02:860][  0]LogPackFactory: Copied "../../../Samples/MobileStarterContent/Content/MobileStarterContent/Audio/Fire01.uasset" to "D:/Projects/Unreal Projects/ParallelNoteV2/Content/MobileStarterContent/Audio/Fire01.uasset"
[2019.01.27-09.45.02:863][  0]LogPackFactory: Copied "../../../Samples/MobileStarterContent/Content/MobileStarterContent/Audio/Fire01_Cue.uasset" to "D:/Projects/Unreal Projects/ParallelNoteV2/Content/MobileStarterContent/Audio/Fire01_Cue.uasset"
[2019.01.27-09.45.02:891][  0]LogPackFactory: Copied "../../../Samples/MobileStarterContent/Content/MobileStarterContent/Audio/Fire_Sparks01.uasset" to "D:/Projects/Unreal Projects/ParallelNoteV2/Content/MobileStarterContent/Audio/Fire_Sparks01.uasset"
[2019.01.27-09.45.02:907][  0]LogPackFactory: Copied "../../../Samples/MobileStarterContent/Content/MobileStarterContent/Audio/Fire_Sparks01_Cue.uasset" to "D:/Projects/Unreal Projects/ParallelNoteV2/Content/MobileStarterContent/Audio/Fire_Sparks01_Cue.uasset"
[2019.01.27-09.45.02:941][  0]LogPackFactory: Copied "../../../Samples/MobileStarterContent/Content/MobileStarterContent/Audio/Light01.uasset" to "D:/Projects/Unreal Projects/ParallelNoteV2/Content/MobileStarterContent/Audio/Light01.uasset"
[2019.01.27-09.45.02:949][  0]LogPackFactory: Copied "../../../Samples/MobileStarterContent/Content/MobileStarterContent/Audio/Light01_Cue.uasset" to "D:/Projects/Unreal Projects/ParallelNoteV2/Content/MobileStarterContent/Audio/Light01_Cue.uasset"
[2019.01.27-09.45.02:982][  0]LogPackFactory: Copied "../../../Samples/MobileStarterContent/Content/MobileStarterContent/Audio/Light02.uasset" to "D:/Projects/Unreal Projects/ParallelNoteV2/Content/MobileStarterContent/Audio/Light02.uasset"
[2019.01.27-09.45.02:991][  0]LogPackFactory: Copied "../../../Samples/MobileStarterContent/Content/MobileStarterContent/Audio/Light02_Cue.uasset" to "D:/Projects/Unreal Projects/ParallelNoteV2/Content/MobileStarterContent/Audio/Light02_Cue.uasset"
[2019.01.27-09.45.03:016][  0]LogPackFactory: Copied "../../../Samples/MobileStarterContent/Content/MobileStarterContent/Audio/Smoke01.uasset" to "D:/Projects/Unreal Projects/ParallelNoteV2/Content/MobileStarterContent/Audio/Smoke01.uasset"
[2019.01.27-09.45.03:026][  0]LogPackFactory: Copied "../../../Samples/MobileStarterContent/Content/MobileStarterContent/Audio/Smoke01_Cue.uasset" to "D:/Projects/Unreal Projects/ParallelNoteV2/Content/MobileStarterContent/Audio/Smoke01_Cue.uasset"
[2019.01.27-09.45.03:049][  0]LogPackFactory: Copied "../../../Samples/MobileStarterContent/Content/MobileStarterContent/Audio/Starter_Background_Cue.uasset" to "D:/Projects/Unreal Projects/ParallelNoteV2/Content/MobileStarterContent/Audio/Starter_Background_Cue.uasset"
[2019.01.27-09.45.03:136][  0]LogPackFactory: Copied "../../../Samples/MobileStarterContent/Content/MobileStarterContent/Audio/Starter_Birds01.uasset" to "D:/Projects/Unreal Projects/ParallelNoteV2/Content/MobileStarterContent/Audio/Starter_Birds01.uasset"
[2019.01.27-09.45.03:260][  0]LogPackFactory: Copied "../../../Samples/MobileStarterContent/Content/MobileStarterContent/Audio/Starter_Music01.uasset" to "D:/Projects/Unreal Projects/ParallelNoteV2/Content/MobileStarterContent/Audio/Starter_Music01.uasset"
[2019.01.27-09.45.03:288][  0]LogPackFactory: Copied "../../../Samples/MobileStarterContent/Content/MobileStarterContent/Audio/Starter_Music_Cue.uasset" to "D:/Projects/Unreal Projects/ParallelNoteV2/Content/MobileStarterContent/Audio/Starter_Music_Cue.uasset"
[2019.01.27-09.45.03:337][  0]LogPackFactory: Copied "../../../Samples/MobileStarterContent/Content/MobileStarterContent/Audio/Starter_Wind05.uasset" to "D:/Projects/Unreal Projects/ParallelNoteV2/Content/MobileStarterContent/Audio/Starter_Wind05.uasset"
[2019.01.27-09.45.03:389][  0]LogPackFactory: Copied "../../../Samples/MobileStarterContent/Content/MobileStarterContent/Audio/Starter_Wind06.uasset" to "D:/Projects/Unreal Projects/ParallelNoteV2/Content/MobileStarterContent/Audio/Starter_Wind06.uasset"
[2019.01.27-09.45.03:424][  0]LogPackFactory: Copied "../../../Samples/MobileStarterContent/Content/MobileStarterContent/Audio/Steam01.uasset" to "D:/Projects/Unreal Projects/ParallelNoteV2/Content/MobileStarterContent/Audio/Steam01.uasset"
[2019.01.27-09.45.03:577][  0]LogPackFactory: Copied "../../../Samples/MobileStarterContent/Content/MobileStarterContent/Audio/Steam01_Cue.uasset" to "D:/Projects/Unreal Projects/ParallelNoteV2/Content/MobileStarterContent/Audio/Steam01_Cue.uasset"
[2019.01.27-09.45.03:605][  0]LogPackFactory: Copied "../../../Samples/MobileStarterContent/Content/MobileStarterContent/Blueprints/Blueprint_CeilingLight.uasset" to "D:/Projects/Unreal Projects/ParallelNoteV2/Content/MobileStarterContent/Blueprints/Blueprint_CeilingLight.uasset"
[2019.01.27-09.45.03:631][  0]LogPackFactory: Copied "../../../Samples/MobileStarterContent/Content/MobileStarterContent/Blueprints/Blueprint_Effect_Explosion.uasset" to "D:/Projects/Unreal Projects/ParallelNoteV2/Content/MobileStarterContent/Blueprints/Blueprint_Effect_Explosion.uasset"
[2019.01.27-09.45.03:648][  0]LogPackFactory: Copied "../../../Samples/MobileStarterContent/Content/MobileStarterContent/Blueprints/Blueprint_Effect_Fire.uasset" to "D:/Projects/Unreal Projects/ParallelNoteV2/Content/MobileStarterContent/Blueprints/Blueprint_Effect_Fire.uasset"
[2019.01.27-09.45.03:663][  0]LogPackFactory: Copied "../../../Samples/MobileStarterContent/Content/MobileStarterContent/Blueprints/Blueprint_Effect_Smoke.uasset" to "D:/Projects/Unreal Projects/ParallelNoteV2/Content/MobileStarterContent/Blueprints/Blueprint_Effect_Smoke.uasset"
[2019.01.27-09.45.03:678][  0]LogPackFactory: Copied "../../../Samples/MobileStarterContent/Content/MobileStarterContent/Blueprints/Blueprint_Effect_Sparks.uasset" to "D:/Projects/Unreal Projects/ParallelNoteV2/Content/MobileStarterContent/Blueprints/Blueprint_Effect_Sparks.uasset"
[2019.01.27-09.45.03:733][  0]LogPackFactory: Copied "../../../Samples/MobileStarterContent/Content/MobileStarterContent/Blueprints/Blueprint_WallSconce.uasset" to "D:/Projects/Unreal Projects/ParallelNoteV2/Content/MobileStarterContent/Blueprints/Blueprint_WallSconce.uasset"
[2019.01.27-09.45.03:764][  0]LogPackFactory: Copied "../../../Samples/MobileStarterContent/Content/MobileStarterContent/Maps/Minimal_Default.umap" to "D:/Projects/Unreal Projects/ParallelNoteV2/Content/MobileStarterContent/Maps/Minimal_Default.umap"
[2019.01.27-09.45.03:805][  0]LogPackFactory: Copied "../../../Samples/MobileStarterContent/Content/MobileStarterContent/Maps/Minimal_Default_BuiltData.uasset" to "D:/Projects/Unreal Projects/ParallelNoteV2/Content/MobileStarterContent/Maps/Minimal_Default_BuiltData.uasset"
[2019.01.27-09.45.03:841][  0]LogPackFactory: Copied "../../../Samples/MobileStarterContent/Content/MobileStarterContent/Maps/StarterMap.umap" to "D:/Projects/Unreal Projects/ParallelNoteV2/Content/MobileStarterContent/Maps/StarterMap.umap"
[2019.01.27-09.45.04:667][  0]LogPackFactory: Copied "../../../Samples/MobileStarterContent/Content/MobileStarterContent/Maps/StarterMap_BuiltData.uasset" to "D:/Projects/Unreal Projects/ParallelNoteV2/Content/MobileStarterContent/Maps/StarterMap_BuiltData.uasset"
[2019.01.27-09.45.04:696][  0]LogPackFactory: Copied "../../../Samples/MobileStarterContent/Content/MobileStarterContent/Materials/M_Basic_Floor.uasset" to "D:/Projects/Unreal Projects/ParallelNoteV2/Content/MobileStarterContent/Materials/M_Basic_Floor.uasset"
[2019.01.27-09.45.04:726][  0]LogPackFactory: Copied "../../../Samples/MobileStarterContent/Content/MobileStarterContent/Materials/M_Basic_Wall.uasset" to "D:/Projects/Unreal Projects/ParallelNoteV2/Content/MobileStarterContent/Materials/M_Basic_Wall.uasset"
[2019.01.27-09.45.04:743][  0]LogPackFactory: Copied "../../../Samples/MobileStarterContent/Content/MobileStarterContent/Materials/M_Brick_Clay_Beveled.uasset" to "D:/Projects/Unreal Projects/ParallelNoteV2/Content/MobileStarterContent/Materials/M_Brick_Clay_Beveled.uasset"
[2019.01.27-09.45.04:756][  0]LogPackFactory: Copied "../../../Samples/MobileStarterContent/Content/MobileStarterContent/Materials/M_Brick_Clay_New.uasset" to "D:/Projects/Unreal Projects/ParallelNoteV2/Content/MobileStarterContent/Materials/M_Brick_Clay_New.uasset"
[2019.01.27-09.45.04:790][  0]LogPackFactory: Copied "../../../Samples/MobileStarterContent/Content/MobileStarterContent/Materials/M_Brick_Clay_Old.uasset" to "D:/Projects/Unreal Projects/ParallelNoteV2/Content/MobileStarterContent/Materials/M_Brick_Clay_Old.uasset"
[2019.01.27-09.45.04:813][  0]LogPackFactory: Copied "../../../Samples/MobileStarterContent/Content/MobileStarterContent/Materials/M_Brick_Cut_Stone.uasset" to "D:/Projects/Unreal Projects/ParallelNoteV2/Content/MobileStarterContent/Materials/M_Brick_Cut_Stone.uasset"
[2019.01.27-09.45.04:828][  0]LogPackFactory: Copied "../../../Samples/MobileStarterContent/Content/MobileStarterContent/Materials/M_Brick_Hewn_Stone.uasset" to "D:/Projects/Unreal Projects/ParallelNoteV2/Content/MobileStarterContent/Materials/M_Brick_Hewn_Stone.uasset"
[2019.01.27-09.45.04:845][  0]LogPackFactory: Copied "../../../Samples/MobileStarterContent/Content/MobileStarterContent/Materials/M_Ceramic_Tile_Checker.uasset" to "D:/Projects/Unreal Projects/ParallelNoteV2/Content/MobileStarterContent/Materials/M_Ceramic_Tile_Checker.uasset"
[2019.01.27-09.45.04:913][  0]LogPackFactory: Copied "../../../Samples/MobileStarterContent/Content/MobileStarterContent/Materials/M_CobbleStone_Pebble.uasset" to "D:/Projects/Unreal Projects/ParallelNoteV2/Content/MobileStarterContent/Materials/M_CobbleStone_Pebble.uasset"
[2019.01.27-09.45.04:948][  0]LogPackFactory: Copied "../../../Samples/MobileStarterContent/Content/MobileStarterContent/Materials/M_CobbleStone_Rough.uasset" to "D:/Projects/Unreal Projects/ParallelNoteV2/Content/MobileStarterContent/Materials/M_CobbleStone_Rough.uasset"
[2019.01.27-09.45.04:960][  0]LogPackFactory: Copied "../../../Samples/MobileStarterContent/Content/MobileStarterContent/Materials/M_CobbleStone_Smooth.uasset" to "D:/Projects/Unreal Projects/ParallelNoteV2/Content/MobileStarterContent/Materials/M_CobbleStone_Smooth.uasset"
[2019.01.27-09.45.05:084][  0]LogPackFactory: Copied "../../../Samples/MobileStarterContent/Content/MobileStarterContent/Materials/M_Concrete_Grime.uasset" to "D:/Projects/Unreal Projects/ParallelNoteV2/Content/MobileStarterContent/Materials/M_Concrete_Grime.uasset"
[2019.01.27-09.45.05:098][  0]LogPackFactory: Copied "../../../Samples/MobileStarterContent/Content/MobileStarterContent/Materials/M_Concrete_Panels.uasset" to "D:/Projects/Unreal Projects/ParallelNoteV2/Content/MobileStarterContent/Materials/M_Concrete_Panels.uasset"
[2019.01.27-09.45.05:112][  0]LogPackFactory: Copied "../../../Samples/MobileStarterContent/Content/MobileStarterContent/Materials/M_Concrete_Poured.uasset" to "D:/Projects/Unreal Projects/ParallelNoteV2/Content/MobileStarterContent/Materials/M_Concrete_Poured.uasset"
[2019.01.27-09.45.05:125][  0]LogPackFactory: Copied "../../../Samples/MobileStarterContent/Content/MobileStarterContent/Materials/M_Concrete_Tiles.uasset" to "D:/Projects/Unreal Projects/ParallelNoteV2/Content/MobileStarterContent/Materials/M_Concrete_Tiles.uasset"
[2019.01.27-09.45.05:138][  0]LogPackFactory: Copied "../../../Samples/MobileStarterContent/Content/MobileStarterContent/Materials/M_Glass.uasset" to "D:/Projects/Unreal Projects/ParallelNoteV2/Content/MobileStarterContent/Materials/M_Glass.uasset"
[2019.01.27-09.45.05:153][  0]LogPackFactory: Copied "../../../Samples/MobileStarterContent/Content/MobileStarterContent/Materials/M_Ground_Grass.uasset" to "D:/Projects/Unreal Projects/ParallelNoteV2/Content/MobileStarterContent/Materials/M_Ground_Grass.uasset"
[2019.01.27-09.45.05:165][  0]LogPackFactory: Copied "../../../Samples/MobileStarterContent/Content/MobileStarterContent/Materials/M_Ground_Gravel.uasset" to "D:/Projects/Unreal Projects/ParallelNoteV2/Content/MobileStarterContent/Materials/M_Ground_Gravel.uasset"
[2019.01.27-09.45.05:198][  0]LogPackFactory: Copied "../../../Samples/MobileStarterContent/Content/MobileStarterContent/Materials/M_Ground_Moss.uasset" to "D:/Projects/Unreal Projects/ParallelNoteV2/Content/MobileStarterContent/Materials/M_Ground_Moss.uasset"
[2019.01.27-09.45.05:211][  0]LogPackFactory: Copied "../../../Samples/MobileStarterContent/Content/MobileStarterContent/Materials/M_Metal_Brushed_Nickel.uasset" to "D:/Projects/Unreal Projects/ParallelNoteV2/Content/MobileStarterContent/Materials/M_Metal_Brushed_Nickel.uasset"
[2019.01.27-09.45.05:240][  0]LogPackFactory: Copied "../../../Samples/MobileStarterContent/Content/MobileStarterContent/Materials/M_Metal_Burnished_Steel.uasset" to "D:/Projects/Unreal Projects/ParallelNoteV2/Content/MobileStarterContent/Materials/M_Metal_Burnished_Steel.uasset"
[2019.01.27-09.45.05:275][  0]LogPackFactory: Copied "../../../Samples/MobileStarterContent/Content/MobileStarterContent/Materials/M_Metal_Chrome.uasset" to "D:/Projects/Unreal Projects/ParallelNoteV2/Content/MobileStarterContent/Materials/M_Metal_Chrome.uasset"
[2019.01.27-09.45.05:289][  0]LogPackFactory: Copied "../../../Samples/MobileStarterContent/Content/MobileStarterContent/Materials/M_Metal_Copper.uasset" to "D:/Projects/Unreal Projects/ParallelNoteV2/Content/MobileStarterContent/Materials/M_Metal_Copper.uasset"
[2019.01.27-09.45.05:312][  0]LogPackFactory: Copied "../../../Samples/MobileStarterContent/Content/MobileStarterContent/Materials/M_Metal_Gold.uasset" to "D:/Projects/Unreal Projects/ParallelNoteV2/Content/MobileStarterContent/Materials/M_Metal_Gold.uasset"
[2019.01.27-09.45.05:330][  0]LogPackFactory: Copied "../../../Samples/MobileStarterContent/Content/MobileStarterContent/Materials/M_Metal_Rust.uasset" to "D:/Projects/Unreal Projects/ParallelNoteV2/Content/MobileStarterContent/Materials/M_Metal_Rust.uasset"
[2019.01.27-09.45.05:357][  0]LogPackFactory: Copied "../../../Samples/MobileStarterContent/Content/MobileStarterContent/Materials/M_Metal_Steel.uasset" to "D:/Projects/Unreal Projects/ParallelNoteV2/Content/MobileStarterContent/Materials/M_Metal_Steel.uasset"
[2019.01.27-09.45.05:371][  0]LogPackFactory: Copied "../../../Samples/MobileStarterContent/Content/MobileStarterContent/Materials/M_Rock_Basalt.uasset" to "D:/Projects/Unreal Projects/ParallelNoteV2/Content/MobileStarterContent/Materials/M_Rock_Basalt.uasset"
[2019.01.27-09.45.05:383][  0]LogPackFactory: Copied "../../../Samples/MobileStarterContent/Content/MobileStarterContent/Materials/M_Rock_Marble_Polished.uasset" to "D:/Projects/Unreal Projects/ParallelNoteV2/Content/MobileStarterContent/Materials/M_Rock_Marble_Polished.uasset"
[2019.01.27-09.45.05:442][  0]LogPackFactory: Copied "../../../Samples/MobileStarterContent/Content/MobileStarterContent/Materials/M_Rock_Sandstone.uasset" to "D:/Projects/Unreal Projects/ParallelNoteV2/Content/MobileStarterContent/Materials/M_Rock_Sandstone.uasset"
[2019.01.27-09.45.05:512][  0]LogPackFactory: Copied "../../../Samples/MobileStarterContent/Content/MobileStarterContent/Materials/M_Rock_Slate.uasset" to "D:/Projects/Unreal Projects/ParallelNoteV2/Content/MobileStarterContent/Materials/M_Rock_Slate.uasset"
[2019.01.27-09.45.05:526][  0]LogPackFactory: Copied "../../../Samples/MobileStarterContent/Content/MobileStarterContent/Materials/M_Tech_Checker_Dot.uasset" to "D:/Projects/Unreal Projects/ParallelNoteV2/Content/MobileStarterContent/Materials/M_Tech_Checker_Dot.uasset"
[2019.01.27-09.45.05:543][  0]LogPackFactory: Copied "../../../Samples/MobileStarterContent/Content/MobileStarterContent/Materials/M_Tech_Hex_Tile.uasset" to "D:/Projects/Unreal Projects/ParallelNoteV2/Content/MobileStarterContent/Materials/M_Tech_Hex_Tile.uasset"
[2019.01.27-09.45.05:557][  0]LogPackFactory: Copied "../../../Samples/MobileStarterContent/Content/MobileStarterContent/Materials/M_Tech_Hex_Tile_Pulse.uasset" to "D:/Projects/Unreal Projects/ParallelNoteV2/Content/MobileStarterContent/Materials/M_Tech_Hex_Tile_Pulse.uasset"
[2019.01.27-09.45.05:569][  0]LogPackFactory: Copied "../../../Samples/MobileStarterContent/Content/MobileStarterContent/Materials/M_Tech_Panel.uasset" to "D:/Projects/Unreal Projects/ParallelNoteV2/Content/MobileStarterContent/Materials/M_Tech_Panel.uasset"
[2019.01.27-09.45.05:584][  0]LogPackFactory: Copied "../../../Samples/MobileStarterContent/Content/MobileStarterContent/Materials/M_Water_Lake.uasset" to "D:/Projects/Unreal Projects/ParallelNoteV2/Content/MobileStarterContent/Materials/M_Water_Lake.uasset"
[2019.01.27-09.45.05:598][  0]LogPackFactory: Copied "../../../Samples/MobileStarterContent/Content/MobileStarterContent/Materials/M_Water_Ocean.uasset" to "D:/Projects/Unreal Projects/ParallelNoteV2/Content/MobileStarterContent/Materials/M_Water_Ocean.uasset"
[2019.01.27-09.45.05:642][  0]LogPackFactory: Copied "../../../Samples/MobileStarterContent/Content/MobileStarterContent/Materials/M_Wood_Floor_Walnut_Polished.uasset" to "D:/Projects/Unreal Projects/ParallelNoteV2/Content/MobileStarterContent/Materials/M_Wood_Floor_Walnut_Polished.uasset"
[2019.01.27-09.45.05:655][  0]LogPackFactory: Copied "../../../Samples/MobileStarterContent/Content/MobileStarterContent/Materials/M_Wood_Floor_Walnut_Worn.uasset" to "D:/Projects/Unreal Projects/ParallelNoteV2/Content/MobileStarterContent/Materials/M_Wood_Floor_Walnut_Worn.uasset"
[2019.01.27-09.45.05:670][  0]LogPackFactory: Copied "../../../Samples/MobileStarterContent/Content/MobileStarterContent/Materials/M_Wood_Oak.uasset" to "D:/Projects/Unreal Projects/ParallelNoteV2/Content/MobileStarterContent/Materials/M_Wood_Oak.uasset"
[2019.01.27-09.45.05:688][  0]LogPackFactory: Copied "../../../Samples/MobileStarterContent/Content/MobileStarterContent/Materials/M_Wood_Pine.uasset" to "D:/Projects/Unreal Projects/ParallelNoteV2/Content/MobileStarterContent/Materials/M_Wood_Pine.uasset"
[2019.01.27-09.45.05:715][  0]LogPackFactory: Copied "../../../Samples/MobileStarterContent/Content/MobileStarterContent/Materials/M_Wood_Walnut.uasset" to "D:/Projects/Unreal Projects/ParallelNoteV2/Content/MobileStarterContent/Materials/M_Wood_Walnut.uasset"
[2019.01.27-09.45.05:752][  0]LogPackFactory: Copied "../../../Samples/MobileStarterContent/Content/MobileStarterContent/Particles/P_Ambient_Dust.uasset" to "D:/Projects/Unreal Projects/ParallelNoteV2/Content/MobileStarterContent/Particles/P_Ambient_Dust.uasset"
[2019.01.27-09.45.05:765][  0]LogPackFactory: Copied "../../../Samples/MobileStarterContent/Content/MobileStarterContent/Particles/P_Explosion.uasset" to "D:/Projects/Unreal Projects/ParallelNoteV2/Content/MobileStarterContent/Particles/P_Explosion.uasset"
[2019.01.27-09.45.05:781][  0]LogPackFactory: Copied "../../../Samples/MobileStarterContent/Content/MobileStarterContent/Particles/P_Fire.uasset" to "D:/Projects/Unreal Projects/ParallelNoteV2/Content/MobileStarterContent/Particles/P_Fire.uasset"
[2019.01.27-09.45.05:816][  0]LogPackFactory: Copied "../../../Samples/MobileStarterContent/Content/MobileStarterContent/Particles/P_Smoke.uasset" to "D:/Projects/Unreal Projects/ParallelNoteV2/Content/MobileStarterContent/Particles/P_Smoke.uasset"
[2019.01.27-09.45.05:832][  0]LogPackFactory: Copied "../../../Samples/MobileStarterContent/Content/MobileStarterContent/Particles/P_Sparks.uasset" to "D:/Projects/Unreal Projects/ParallelNoteV2/Content/MobileStarterContent/Particles/P_Sparks.uasset"
[2019.01.27-09.45.05:859][  0]LogPackFactory: Copied "../../../Samples/MobileStarterContent/Content/MobileStarterContent/Particles/Materials/M_Burst.uasset" to "D:/Projects/Unreal Projects/ParallelNoteV2/Content/MobileStarterContent/Particles/Materials/M_Burst.uasset"
[2019.01.27-09.45.05:878][  0]LogPackFactory: Copied "../../../Samples/MobileStarterContent/Content/MobileStarterContent/Particles/Materials/M_Dust_Particle.uasset" to "D:/Projects/Unreal Projects/ParallelNoteV2/Content/MobileStarterContent/Particles/Materials/M_Dust_Particle.uasset"
[2019.01.27-09.45.05:891][  0]LogPackFactory: Copied "../../../Samples/MobileStarterContent/Content/MobileStarterContent/Particles/Materials/M_explosion_subUV.uasset" to "D:/Projects/Unreal Projects/ParallelNoteV2/Content/MobileStarterContent/Particles/Materials/M_explosion_subUV.uasset"
[2019.01.27-09.45.05:928][  0]LogPackFactory: Copied "../../../Samples/MobileStarterContent/Content/MobileStarterContent/Particles/Materials/M_Fire_SubUV.uasset" to "D:/Projects/Unreal Projects/ParallelNoteV2/Content/MobileStarterContent/Particles/Materials/M_Fire_SubUV.uasset"
[2019.01.27-09.45.05:943][  0]LogPackFactory: Copied "../../../Samples/MobileStarterContent/Content/MobileStarterContent/Particles/Materials/m_flare_01.uasset" to "D:/Projects/Unreal Projects/ParallelNoteV2/Content/MobileStarterContent/Particles/Materials/m_flare_01.uasset"
[2019.01.27-09.45.05:957][  0]LogPackFactory: Copied "../../../Samples/MobileStarterContent/Content/MobileStarterContent/Particles/Materials/M_Radial_Gradient.uasset" to "D:/Projects/Unreal Projects/ParallelNoteV2/Content/MobileStarterContent/Particles/Materials/M_Radial_Gradient.uasset"
[2019.01.27-09.45.05:978][  0]LogPackFactory: Copied "../../../Samples/MobileStarterContent/Content/MobileStarterContent/Particles/Materials/M_radial_ramp.uasset" to "D:/Projects/Unreal Projects/ParallelNoteV2/Content/MobileStarterContent/Particles/Materials/M_radial_ramp.uasset"
[2019.01.27-09.45.05:991][  0]LogPackFactory: Copied "../../../Samples/MobileStarterContent/Content/MobileStarterContent/Particles/Materials/M_smoke_subUV.uasset" to "D:/Projects/Unreal Projects/ParallelNoteV2/Content/MobileStarterContent/Particles/Materials/M_smoke_subUV.uasset"
[2019.01.27-09.45.06:005][  0]LogPackFactory: Copied "../../../Samples/MobileStarterContent/Content/MobileStarterContent/Particles/Materials/M_Spark.uasset" to "D:/Projects/Unreal Projects/ParallelNoteV2/Content/MobileStarterContent/Particles/Materials/M_Spark.uasset"
[2019.01.27-09.45.06:031][  0]LogPackFactory: Copied "../../../Samples/MobileStarterContent/Content/MobileStarterContent/Props/MaterialSphere.uasset" to "D:/Projects/Unreal Projects/ParallelNoteV2/Content/MobileStarterContent/Props/MaterialSphere.uasset"
[2019.01.27-09.45.06:078][  0]LogPackFactory: Copied "../../../Samples/MobileStarterContent/Content/MobileStarterContent/Props/SM_Bush.uasset" to "D:/Projects/Unreal Projects/ParallelNoteV2/Content/MobileStarterContent/Props/SM_Bush.uasset"
[2019.01.27-09.45.06:093][  0]LogPackFactory: Copied "../../../Samples/MobileStarterContent/Content/MobileStarterContent/Props/SM_Chair.uasset" to "D:/Projects/Unreal Projects/ParallelNoteV2/Content/MobileStarterContent/Props/SM_Chair.uasset"
[2019.01.27-09.45.06:106][  0]LogPackFactory: Copied "../../../Samples/MobileStarterContent/Content/MobileStarterContent/Props/SM_CornerFrame.uasset" to "D:/Projects/Unreal Projects/ParallelNoteV2/Content/MobileStarterContent/Props/SM_CornerFrame.uasset"
[2019.01.27-09.45.06:139][  0]LogPackFactory: Copied "../../../Samples/MobileStarterContent/Content/MobileStarterContent/Props/SM_Couch.uasset" to "D:/Projects/Unreal Projects/ParallelNoteV2/Content/MobileStarterContent/Props/SM_Couch.uasset"
[2019.01.27-09.45.06:283][  0]LogPackFactory: Copied "../../../Samples/MobileStarterContent/Content/MobileStarterContent/Props/SM_Door.uasset" to "D:/Projects/Unreal Projects/ParallelNoteV2/Content/MobileStarterContent/Props/SM_Door.uasset"
[2019.01.27-09.45.06:530][  0]LogPackFactory: Copied "../../../Samples/MobileStarterContent/Content/MobileStarterContent/Props/SM_DoorFrame.uasset" to "D:/Projects/Unreal Projects/ParallelNoteV2/Content/MobileStarterContent/Props/SM_DoorFrame.uasset"
[2019.01.27-09.45.06:620][  0]LogPackFactory: Copied "../../../Samples/MobileStarterContent/Content/MobileStarterContent/Props/SM_GlassWindow.uasset" to "D:/Projects/Unreal Projects/ParallelNoteV2/Content/MobileStarterContent/Props/SM_GlassWindow.uasset"
[2019.01.27-09.45.06:634][  0]LogPackFactory: Copied "../../../Samples/MobileStarterContent/Content/MobileStarterContent/Props/SM_Lamp_Ceiling.uasset" to "D:/Projects/Unreal Projects/ParallelNoteV2/Content/MobileStarterContent/Props/SM_Lamp_Ceiling.uasset"
[2019.01.27-09.45.06:648][  0]LogPackFactory: Copied "../../../Samples/MobileStarterContent/Content/MobileStarterContent/Props/SM_Lamp_Wall.uasset" to "D:/Projects/Unreal Projects/ParallelNoteV2/Content/MobileStarterContent/Props/SM_Lamp_Wall.uasset"
[2019.01.27-09.45.06:706][  0]LogPackFactory: Copied "../../../Samples/MobileStarterContent/Content/MobileStarterContent/Props/SM_MatPreviewMesh_02.uasset" to "D:/Projects/Unreal Projects/ParallelNoteV2/Content/MobileStarterContent/Props/SM_MatPreviewMesh_02.uasset"
[2019.01.27-09.45.06:753][  0]LogPackFactory: Copied "../../../Samples/MobileStarterContent/Content/MobileStarterContent/Props/SM_PillarFrame.uasset" to "D:/Projects/Unreal Projects/ParallelNoteV2/Content/MobileStarterContent/Props/SM_PillarFrame.uasset"
[2019.01.27-09.45.06:768][  0]LogPackFactory: Copied "../../../Samples/MobileStarterContent/Content/MobileStarterContent/Props/SM_PillarFrame300.uasset" to "D:/Projects/Unreal Projects/ParallelNoteV2/Content/MobileStarterContent/Props/SM_PillarFrame300.uasset"
[2019.01.27-09.45.06:782][  0]LogPackFactory: Copied "../../../Samples/MobileStarterContent/Content/MobileStarterContent/Props/SM_Rock.uasset" to "D:/Projects/Unreal Projects/ParallelNoteV2/Content/MobileStarterContent/Props/SM_Rock.uasset"
[2019.01.27-09.45.06:796][  0]LogPackFactory: Copied "../../../Samples/MobileStarterContent/Content/MobileStarterContent/Props/SM_Shelf.uasset" to "D:/Projects/Unreal Projects/ParallelNoteV2/Content/MobileStarterContent/Props/SM_Shelf.uasset"
[2019.01.27-09.45.06:821][  0]LogPackFactory: Copied "../../../Samples/MobileStarterContent/Content/MobileStarterContent/Props/SM_Stairs.uasset" to "D:/Projects/Unreal Projects/ParallelNoteV2/Content/MobileStarterContent/Props/SM_Stairs.uasset"
[2019.01.27-09.45.06:850][  0]LogPackFactory: Copied "../../../Samples/MobileStarterContent/Content/MobileStarterContent/Props/SM_Statue.uasset" to "D:/Projects/Unreal Projects/ParallelNoteV2/Content/MobileStarterContent/Props/SM_Statue.uasset"
[2019.01.27-09.45.06:892][  0]LogPackFactory: Copied "../../../Samples/MobileStarterContent/Content/MobileStarterContent/Props/SM_TableRound.uasset" to "D:/Projects/Unreal Projects/ParallelNoteV2/Content/MobileStarterContent/Props/SM_TableRound.uasset"
[2019.01.27-09.45.06:906][  0]LogPackFactory: Copied "../../../Samples/MobileStarterContent/Content/MobileStarterContent/Props/SM_WindowFrame.uasset" to "D:/Projects/Unreal Projects/ParallelNoteV2/Content/MobileStarterContent/Props/SM_WindowFrame.uasset"
[2019.01.27-09.45.06:942][  0]LogPackFactory: Copied "../../../Samples/MobileStarterContent/Content/MobileStarterContent/Props/Materials/M_Bush.uasset" to "D:/Projects/Unreal Projects/ParallelNoteV2/Content/MobileStarterContent/Props/Materials/M_Bush.uasset"
[2019.01.27-09.45.06:960][  0]LogPackFactory: Copied "../../../Samples/MobileStarterContent/Content/MobileStarterContent/Props/Materials/M_Chair.uasset" to "D:/Projects/Unreal Projects/ParallelNoteV2/Content/MobileStarterContent/Props/Materials/M_Chair.uasset"
[2019.01.27-09.45.06:971][  0]LogPackFactory: Copied "../../../Samples/MobileStarterContent/Content/MobileStarterContent/Props/Materials/M_Door.uasset" to "D:/Projects/Unreal Projects/ParallelNoteV2/Content/MobileStarterContent/Props/Materials/M_Door.uasset"
[2019.01.27-09.45.06:984][  0]LogPackFactory: Copied "../../../Samples/MobileStarterContent/Content/MobileStarterContent/Props/Materials/M_Frame.uasset" to "D:/Projects/Unreal Projects/ParallelNoteV2/Content/MobileStarterContent/Props/Materials/M_Frame.uasset"
[2019.01.27-09.45.06:998][  0]LogPackFactory: Copied "../../../Samples/MobileStarterContent/Content/MobileStarterContent/Props/Materials/M_Lamp.uasset" to "D:/Projects/Unreal Projects/ParallelNoteV2/Content/MobileStarterContent/Props/Materials/M_Lamp.uasset"
[2019.01.27-09.45.07:011][  0]LogPackFactory: Copied "../../../Samples/MobileStarterContent/Content/MobileStarterContent/Props/Materials/M_MaterialSphere.uasset" to "D:/Projects/Unreal Projects/ParallelNoteV2/Content/MobileStarterContent/Props/Materials/M_MaterialSphere.uasset"
[2019.01.27-09.45.07:035][  0]LogPackFactory: Copied "../../../Samples/MobileStarterContent/Content/MobileStarterContent/Props/Materials/M_MaterialSphere_Plain.uasset" to "D:/Projects/Unreal Projects/ParallelNoteV2/Content/MobileStarterContent/Props/Materials/M_MaterialSphere_Plain.uasset"
[2019.01.27-09.45.07:048][  0]LogPackFactory: Copied "../../../Samples/MobileStarterContent/Content/MobileStarterContent/Props/Materials/M_Rock.uasset" to "D:/Projects/Unreal Projects/ParallelNoteV2/Content/MobileStarterContent/Props/Materials/M_Rock.uasset"
[2019.01.27-09.45.07:079][  0]LogPackFactory: Copied "../../../Samples/MobileStarterContent/Content/MobileStarterContent/Props/Materials/M_Shelf.uasset" to "D:/Projects/Unreal Projects/ParallelNoteV2/Content/MobileStarterContent/Props/Materials/M_Shelf.uasset"
[2019.01.27-09.45.07:093][  0]LogPackFactory: Copied "../../../Samples/MobileStarterContent/Content/MobileStarterContent/Props/Materials/M_Statue.uasset" to "D:/Projects/Unreal Projects/ParallelNoteV2/Content/MobileStarterContent/Props/Materials/M_Statue.uasset"
[2019.01.27-09.45.07:107][  0]LogPackFactory: Copied "../../../Samples/MobileStarterContent/Content/MobileStarterContent/Props/Materials/M_StatueGlass.uasset" to "D:/Projects/Unreal Projects/ParallelNoteV2/Content/MobileStarterContent/Props/Materials/M_StatueGlass.uasset"
[2019.01.27-09.45.07:139][  0]LogPackFactory: Copied "../../../Samples/MobileStarterContent/Content/MobileStarterContent/Props/Materials/M_TableRound.uasset" to "D:/Projects/Unreal Projects/ParallelNoteV2/Content/MobileStarterContent/Props/Materials/M_TableRound.uasset"
[2019.01.27-09.45.07:172][  0]LogPackFactory: Copied "../../../Samples/MobileStarterContent/Content/MobileStarterContent/Shapes/Shape_Cone.uasset" to "D:/Projects/Unreal Projects/ParallelNoteV2/Content/MobileStarterContent/Shapes/Shape_Cone.uasset"
[2019.01.27-09.45.07:212][  0]LogPackFactory: Copied "../../../Samples/MobileStarterContent/Content/MobileStarterContent/Shapes/Shape_Cube.uasset" to "D:/Projects/Unreal Projects/ParallelNoteV2/Content/MobileStarterContent/Shapes/Shape_Cube.uasset"
[2019.01.27-09.45.07:228][  0]LogPackFactory: Copied "../../../Samples/MobileStarterContent/Content/MobileStarterContent/Shapes/Shape_Cylinder.uasset" to "D:/Projects/Unreal Projects/ParallelNoteV2/Content/MobileStarterContent/Shapes/Shape_Cylinder.uasset"
[2019.01.27-09.45.07:295][  0]LogPackFactory: Copied "../../../Samples/MobileStarterContent/Content/MobileStarterContent/Shapes/Shape_NarrowCapsule.uasset" to "D:/Projects/Unreal Projects/ParallelNoteV2/Content/MobileStarterContent/Shapes/Shape_NarrowCapsule.uasset"
[2019.01.27-09.45.07:351][  0]LogPackFactory: Copied "../../../Samples/MobileStarterContent/Content/MobileStarterContent/Shapes/Shape_Pipe.uasset" to "D:/Projects/Unreal Projects/ParallelNoteV2/Content/MobileStarterContent/Shapes/Shape_Pipe.uasset"
[2019.01.27-09.45.07:385][  0]LogPackFactory: Copied "../../../Samples/MobileStarterContent/Content/MobileStarterContent/Shapes/Shape_Pipe_180.uasset" to "D:/Projects/Unreal Projects/ParallelNoteV2/Content/MobileStarterContent/Shapes/Shape_Pipe_180.uasset"
[2019.01.27-09.45.07:411][  0]LogPackFactory: Copied "../../../Samples/MobileStarterContent/Content/MobileStarterContent/Shapes/Shape_Pipe_90.uasset" to "D:/Projects/Unreal Projects/ParallelNoteV2/Content/MobileStarterContent/Shapes/Shape_Pipe_90.uasset"
[2019.01.27-09.45.07:422][  0]LogPackFactory: Copied "../../../Samples/MobileStarterContent/Content/MobileStarterContent/Shapes/Shape_Plane.uasset" to "D:/Projects/Unreal Projects/ParallelNoteV2/Content/MobileStarterContent/Shapes/Shape_Plane.uasset"
[2019.01.27-09.45.07:436][  0]LogPackFactory: Copied "../../../Samples/MobileStarterContent/Content/MobileStarterContent/Shapes/Shape_QuadPyramid.uasset" to "D:/Projects/Unreal Projects/ParallelNoteV2/Content/MobileStarterContent/Shapes/Shape_QuadPyramid.uasset"
[2019.01.27-09.45.07:449][  0]LogPackFactory: Copied "../../../Samples/MobileStarterContent/Content/MobileStarterContent/Shapes/Shape_Sphere.uasset" to "D:/Projects/Unreal Projects/ParallelNoteV2/Content/MobileStarterContent/Shapes/Shape_Sphere.uasset"
[2019.01.27-09.45.07:478][  0]LogPackFactory: Copied "../../../Samples/MobileStarterContent/Content/MobileStarterContent/Shapes/Shape_Torus.uasset" to "D:/Projects/Unreal Projects/ParallelNoteV2/Content/MobileStarterContent/Shapes/Shape_Torus.uasset"
[2019.01.27-09.45.07:490][  0]LogPackFactory: Copied "../../../Samples/MobileStarterContent/Content/MobileStarterContent/Shapes/Shape_Trim.uasset" to "D:/Projects/Unreal Projects/ParallelNoteV2/Content/MobileStarterContent/Shapes/Shape_Trim.uasset"
[2019.01.27-09.45.07:508][  0]LogPackFactory: Copied "../../../Samples/MobileStarterContent/Content/MobileStarterContent/Shapes/Shape_Trim_90_In.uasset" to "D:/Projects/Unreal Projects/ParallelNoteV2/Content/MobileStarterContent/Shapes/Shape_Trim_90_In.uasset"
[2019.01.27-09.45.07:688][  0]LogPackFactory: Copied "../../../Samples/MobileStarterContent/Content/MobileStarterContent/Shapes/Shape_Trim_90_Out.uasset" to "D:/Projects/Unreal Projects/ParallelNoteV2/Content/MobileStarterContent/Shapes/Shape_Trim_90_Out.uasset"
[2019.01.27-09.45.07:702][  0]LogPackFactory: Copied "../../../Samples/MobileStarterContent/Content/MobileStarterContent/Shapes/Shape_TriPyramid.uasset" to "D:/Projects/Unreal Projects/ParallelNoteV2/Content/MobileStarterContent/Shapes/Shape_TriPyramid.uasset"
[2019.01.27-09.45.07:717][  0]LogPackFactory: Copied "../../../Samples/MobileStarterContent/Content/MobileStarterContent/Shapes/Shape_Tube.uasset" to "D:/Projects/Unreal Projects/ParallelNoteV2/Content/MobileStarterContent/Shapes/Shape_Tube.uasset"
[2019.01.27-09.45.07:729][  0]LogPackFactory: Copied "../../../Samples/MobileStarterContent/Content/MobileStarterContent/Shapes/Shape_Wedge_A.uasset" to "D:/Projects/Unreal Projects/ParallelNoteV2/Content/MobileStarterContent/Shapes/Shape_Wedge_A.uasset"
[2019.01.27-09.45.07:752][  0]LogPackFactory: Copied "../../../Samples/MobileStarterContent/Content/MobileStarterContent/Shapes/Shape_Wedge_B.uasset" to "D:/Projects/Unreal Projects/ParallelNoteV2/Content/MobileStarterContent/Shapes/Shape_Wedge_B.uasset"
[2019.01.27-09.45.07:766][  0]LogPackFactory: Copied "../../../Samples/MobileStarterContent/Content/MobileStarterContent/Shapes/Shape_WideCapsule.uasset" to "D:/Projects/Unreal Projects/ParallelNoteV2/Content/MobileStarterContent/Shapes/Shape_WideCapsule.uasset"
[2019.01.27-09.45.07:832][  0]LogPackFactory: Copied "../../../Samples/MobileStarterContent/Content/MobileStarterContent/Textures/T_Brick_Clay_Beveled_D.uasset" to "D:/Projects/Unreal Projects/ParallelNoteV2/Content/MobileStarterContent/Textures/T_Brick_Clay_Beveled_D.uasset"
[2019.01.27-09.45.07:883][  0]LogPackFactory: Copied "../../../Samples/MobileStarterContent/Content/MobileStarterContent/Textures/T_Brick_Clay_Beveled_M.uasset" to "D:/Projects/Unreal Projects/ParallelNoteV2/Content/MobileStarterContent/Textures/T_Brick_Clay_Beveled_M.uasset"
[2019.01.27-09.45.07:927][  0]LogPackFactory: Copied "../../../Samples/MobileStarterContent/Content/MobileStarterContent/Textures/T_Brick_Clay_Beveled_N.uasset" to "D:/Projects/Unreal Projects/ParallelNoteV2/Content/MobileStarterContent/Textures/T_Brick_Clay_Beveled_N.uasset"
[2019.01.27-09.45.07:983][  0]LogPackFactory: Copied "../../../Samples/MobileStarterContent/Content/MobileStarterContent/Textures/T_Brick_Clay_New_D.uasset" to "D:/Projects/Unreal Projects/ParallelNoteV2/Content/MobileStarterContent/Textures/T_Brick_Clay_New_D.uasset"
[2019.01.27-09.45.08:033][  0]LogPackFactory: Copied "../../../Samples/MobileStarterContent/Content/MobileStarterContent/Textures/T_Brick_Clay_New_M.uasset" to "D:/Projects/Unreal Projects/ParallelNoteV2/Content/MobileStarterContent/Textures/T_Brick_Clay_New_M.uasset"
[2019.01.27-09.45.08:089][  0]LogPackFactory: Copied "../../../Samples/MobileStarterContent/Content/MobileStarterContent/Textures/T_Brick_Clay_New_N.uasset" to "D:/Projects/Unreal Projects/ParallelNoteV2/Content/MobileStarterContent/Textures/T_Brick_Clay_New_N.uasset"
[2019.01.27-09.45.08:182][  0]LogPackFactory: Copied "../../../Samples/MobileStarterContent/Content/MobileStarterContent/Textures/T_Brick_Clay_Old_D.uasset" to "D:/Projects/Unreal Projects/ParallelNoteV2/Content/MobileStarterContent/Textures/T_Brick_Clay_Old_D.uasset"
[2019.01.27-09.45.08:248][  0]LogPackFactory: Copied "../../../Samples/MobileStarterContent/Content/MobileStarterContent/Textures/T_Brick_Clay_Old_N.uasset" to "D:/Projects/Unreal Projects/ParallelNoteV2/Content/MobileStarterContent/Textures/T_Brick_Clay_Old_N.uasset"
[2019.01.27-09.45.08:404][  0]LogPackFactory: Copied "../../../Samples/MobileStarterContent/Content/MobileStarterContent/Textures/T_Brick_Cut_Stone_D.uasset" to "D:/Projects/Unreal Projects/ParallelNoteV2/Content/MobileStarterContent/Textures/T_Brick_Cut_Stone_D.uasset"
[2019.01.27-09.45.08:471][  0]LogPackFactory: Copied "../../../Samples/MobileStarterContent/Content/MobileStarterContent/Textures/T_Brick_Cut_Stone_N.uasset" to "D:/Projects/Unreal Projects/ParallelNoteV2/Content/MobileStarterContent/Textures/T_Brick_Cut_Stone_N.uasset"
[2019.01.27-09.45.08:528][  0]LogPackFactory: Copied "../../../Samples/MobileStarterContent/Content/MobileStarterContent/Textures/T_Brick_Hewn_Stone_D.uasset" to "D:/Projects/Unreal Projects/ParallelNoteV2/Content/MobileStarterContent/Textures/T_Brick_Hewn_Stone_D.uasset"
[2019.01.27-09.45.08:578][  0]LogPackFactory: Copied "../../../Samples/MobileStarterContent/Content/MobileStarterContent/Textures/T_Brick_Hewn_Stone_M.uasset" to "D:/Projects/Unreal Projects/ParallelNoteV2/Content/MobileStarterContent/Textures/T_Brick_Hewn_Stone_M.uasset"
[2019.01.27-09.45.08:624][  0]LogPackFactory: Copied "../../../Samples/MobileStarterContent/Content/MobileStarterContent/Textures/T_Brick_Hewn_Stone_N.uasset" to "D:/Projects/Unreal Projects/ParallelNoteV2/Content/MobileStarterContent/Textures/T_Brick_Hewn_Stone_N.uasset"
[2019.01.27-09.45.08:658][  0]LogPackFactory: Copied "../../../Samples/MobileStarterContent/Content/MobileStarterContent/Textures/T_Burst_M.uasset" to "D:/Projects/Unreal Projects/ParallelNoteV2/Content/MobileStarterContent/Textures/T_Burst_M.uasset"
[2019.01.27-09.45.08:703][  0]LogPackFactory: Copied "../../../Samples/MobileStarterContent/Content/MobileStarterContent/Textures/T_Bush_D.uasset" to "D:/Projects/Unreal Projects/ParallelNoteV2/Content/MobileStarterContent/Textures/T_Bush_D.uasset"
[2019.01.27-09.45.08:718][  0]LogPackFactory: Copied "../../../Samples/MobileStarterContent/Content/MobileStarterContent/Textures/T_Bush_N.uasset" to "D:/Projects/Unreal Projects/ParallelNoteV2/Content/MobileStarterContent/Textures/T_Bush_N.uasset"
[2019.01.27-09.45.08:752][  0]LogPackFactory: Copied "../../../Samples/MobileStarterContent/Content/MobileStarterContent/Textures/T_Ceramic_Tile_M.uasset" to "D:/Projects/Unreal Projects/ParallelNoteV2/Content/MobileStarterContent/Textures/T_Ceramic_Tile_M.uasset"
[2019.01.27-09.45.08:766][  0]LogPackFactory: Copied "../../../Samples/MobileStarterContent/Content/MobileStarterContent/Textures/T_Ceramic_Tile_N.uasset" to "D:/Projects/Unreal Projects/ParallelNoteV2/Content/MobileStarterContent/Textures/T_Ceramic_Tile_N.uasset"
[2019.01.27-09.45.08:807][  0]LogPackFactory: Copied "../../../Samples/MobileStarterContent/Content/MobileStarterContent/Textures/T_Chair_M.uasset" to "D:/Projects/Unreal Projects/ParallelNoteV2/Content/MobileStarterContent/Textures/T_Chair_M.uasset"
[2019.01.27-09.45.08:875][  0]LogPackFactory: Copied "../../../Samples/MobileStarterContent/Content/MobileStarterContent/Textures/T_Chair_N.uasset" to "D:/Projects/Unreal Projects/ParallelNoteV2/Content/MobileStarterContent/Textures/T_Chair_N.uasset"
[2019.01.27-09.45.09:032][  0]LogPackFactory: Copied "../../../Samples/MobileStarterContent/Content/MobileStarterContent/Textures/T_Checker_Noise_M.uasset" to "D:/Projects/Unreal Projects/ParallelNoteV2/Content/MobileStarterContent/Textures/T_Checker_Noise_M.uasset"
[2019.01.27-09.45.09:157][  0]LogPackFactory: Copied "../../../Samples/MobileStarterContent/Content/MobileStarterContent/Textures/T_CobbleStone_Pebble_D.uasset" to "D:/Projects/Unreal Projects/ParallelNoteV2/Content/MobileStarterContent/Textures/T_CobbleStone_Pebble_D.uasset"
[2019.01.27-09.45.09:219][  0]LogPackFactory: Copied "../../../Samples/MobileStarterContent/Content/MobileStarterContent/Textures/T_CobbleStone_Pebble_M.uasset" to "D:/Projects/Unreal Projects/ParallelNoteV2/Content/MobileStarterContent/Textures/T_CobbleStone_Pebble_M.uasset"
[2019.01.27-09.45.09:502][  0]LogPackFactory: Copied "../../../Samples/MobileStarterContent/Content/MobileStarterContent/Textures/T_CobbleStone_Pebble_N.uasset" to "D:/Projects/Unreal Projects/ParallelNoteV2/Content/MobileStarterContent/Textures/T_CobbleStone_Pebble_N.uasset"
[2019.01.27-09.45.09:830][  0]LogPackFactory: Copied "../../../Samples/MobileStarterContent/Content/MobileStarterContent/Textures/T_CobbleStone_Rough_D.uasset" to "D:/Projects/Unreal Projects/ParallelNoteV2/Content/MobileStarterContent/Textures/T_CobbleStone_Rough_D.uasset"
[2019.01.27-09.45.09:881][  0]LogPackFactory: Copied "../../../Samples/MobileStarterContent/Content/MobileStarterContent/Textures/T_CobbleStone_Rough_N.uasset" to "D:/Projects/Unreal Projects/ParallelNoteV2/Content/MobileStarterContent/Textures/T_CobbleStone_Rough_N.uasset"
[2019.01.27-09.45.09:955][  0]LogPackFactory: Copied "../../../Samples/MobileStarterContent/Content/MobileStarterContent/Textures/T_CobbleStone_Smooth_D.uasset" to "D:/Projects/Unreal Projects/ParallelNoteV2/Content/MobileStarterContent/Textures/T_CobbleStone_Smooth_D.uasset"
[2019.01.27-09.45.09:999][  0]LogPackFactory: Copied "../../../Samples/MobileStarterContent/Content/MobileStarterContent/Textures/T_CobbleStone_Smooth_M.uasset" to "D:/Projects/Unreal Projects/ParallelNoteV2/Content/MobileStarterContent/Textures/T_CobbleStone_Smooth_M.uasset"
[2019.01.27-09.45.10:055][  0]LogPackFactory: Copied "../../../Samples/MobileStarterContent/Content/MobileStarterContent/Textures/T_CobbleStone_Smooth_N.uasset" to "D:/Projects/Unreal Projects/ParallelNoteV2/Content/MobileStarterContent/Textures/T_CobbleStone_Smooth_N.uasset"
[2019.01.27-09.45.10:118][  0]LogPackFactory: Copied "../../../Samples/MobileStarterContent/Content/MobileStarterContent/Textures/T_Concrete_Grime_D.uasset" to "D:/Projects/Unreal Projects/ParallelNoteV2/Content/MobileStarterContent/Textures/T_Concrete_Grime_D.uasset"
[2019.01.27-09.45.10:162][  0]LogPackFactory: Copied "../../../Samples/MobileStarterContent/Content/MobileStarterContent/Textures/T_Concrete_Panels_D.uasset" to "D:/Projects/Unreal Projects/ParallelNoteV2/Content/MobileStarterContent/Textures/T_Concrete_Panels_D.uasset"
[2019.01.27-09.45.10:218][  0]LogPackFactory: Copied "../../../Samples/MobileStarterContent/Content/MobileStarterContent/Textures/T_Concrete_Panels_N.uasset" to "D:/Projects/Unreal Projects/ParallelNoteV2/Content/MobileStarterContent/Textures/T_Concrete_Panels_N.uasset"
[2019.01.27-09.45.10:654][  0]LogPackFactory: Copied "../../../Samples/MobileStarterContent/Content/MobileStarterContent/Textures/T_Concrete_Poured_D.uasset" to "D:/Projects/Unreal Projects/ParallelNoteV2/Content/MobileStarterContent/Textures/T_Concrete_Poured_D.uasset"
[2019.01.27-09.45.11:131][  0]LogPackFactory: Copied "../../../Samples/MobileStarterContent/Content/MobileStarterContent/Textures/T_Concrete_Poured_N.uasset" to "D:/Projects/Unreal Projects/ParallelNoteV2/Content/MobileStarterContent/Textures/T_Concrete_Poured_N.uasset"
[2019.01.27-09.45.11:198][  0]LogPackFactory: Copied "../../../Samples/MobileStarterContent/Content/MobileStarterContent/Textures/T_Concrete_Tiles_D.uasset" to "D:/Projects/Unreal Projects/ParallelNoteV2/Content/MobileStarterContent/Textures/T_Concrete_Tiles_D.uasset"
[2019.01.27-09.45.11:244][  0]LogPackFactory: Copied "../../../Samples/MobileStarterContent/Content/MobileStarterContent/Textures/T_Concrete_Tiles_M.uasset" to "D:/Projects/Unreal Projects/ParallelNoteV2/Content/MobileStarterContent/Textures/T_Concrete_Tiles_M.uasset"
[2019.01.27-09.45.11:392][  0]LogPackFactory: Copied "../../../Samples/MobileStarterContent/Content/MobileStarterContent/Textures/T_Concrete_Tiles_N.uasset" to "D:/Projects/Unreal Projects/ParallelNoteV2/Content/MobileStarterContent/Textures/T_Concrete_Tiles_N.uasset"
[2019.01.27-09.45.11:423][  0]LogPackFactory: Copied "../../../Samples/MobileStarterContent/Content/MobileStarterContent/Textures/T_Concrete_Tiles_Variation_M.uasset" to "D:/Projects/Unreal Projects/ParallelNoteV2/Content/MobileStarterContent/Textures/T_Concrete_Tiles_Variation_M.uasset"
[2019.01.27-09.45.11:467][  0]LogPackFactory: Copied "../../../Samples/MobileStarterContent/Content/MobileStarterContent/Textures/T_Detail_Rocky_N.uasset" to "D:/Projects/Unreal Projects/ParallelNoteV2/Content/MobileStarterContent/Textures/T_Detail_Rocky_N.uasset"
[2019.01.27-09.45.11:500][  0]LogPackFactory: Copied "../../../Samples/MobileStarterContent/Content/MobileStarterContent/Textures/T_Door_M.uasset" to "D:/Projects/Unreal Projects/ParallelNoteV2/Content/MobileStarterContent/Textures/T_Door_M.uasset"
[2019.01.27-09.45.11:533][  0]LogPackFactory: Copied "../../../Samples/MobileStarterContent/Content/MobileStarterContent/Textures/T_Door_N.uasset" to "D:/Projects/Unreal Projects/ParallelNoteV2/Content/MobileStarterContent/Textures/T_Door_N.uasset"
[2019.01.27-09.45.11:547][  0]LogPackFactory: Copied "../../../Samples/MobileStarterContent/Content/MobileStarterContent/Textures/T_Dust_Particle_D.uasset" to "D:/Projects/Unreal Projects/ParallelNoteV2/Content/MobileStarterContent/Textures/T_Dust_Particle_D.uasset"
[2019.01.27-09.45.11:575][  0]LogPackFactory: Copied "../../../Samples/MobileStarterContent/Content/MobileStarterContent/Textures/T_Explosion_SubUV.uasset" to "D:/Projects/Unreal Projects/ParallelNoteV2/Content/MobileStarterContent/Textures/T_Explosion_SubUV.uasset"
[2019.01.27-09.45.11:613][  0]LogPackFactory: Copied "../../../Samples/MobileStarterContent/Content/MobileStarterContent/Textures/T_Fire_SubUV.uasset" to "D:/Projects/Unreal Projects/ParallelNoteV2/Content/MobileStarterContent/Textures/T_Fire_SubUV.uasset"
[2019.01.27-09.45.11:744][  0]LogPackFactory: Copied "../../../Samples/MobileStarterContent/Content/MobileStarterContent/Textures/T_Fire_Tiled_D.uasset" to "D:/Projects/Unreal Projects/ParallelNoteV2/Content/MobileStarterContent/Textures/T_Fire_Tiled_D.uasset"
[2019.01.27-09.45.11:887][  0]LogPackFactory: Copied "../../../Samples/MobileStarterContent/Content/MobileStarterContent/Textures/T_Frame_M.uasset" to "D:/Projects/Unreal Projects/ParallelNoteV2/Content/MobileStarterContent/Textures/T_Frame_M.uasset"
[2019.01.27-09.45.11:910][  0]LogPackFactory: Copied "../../../Samples/MobileStarterContent/Content/MobileStarterContent/Textures/T_Frame_N.uasset" to "D:/Projects/Unreal Projects/ParallelNoteV2/Content/MobileStarterContent/Textures/T_Frame_N.uasset"
[2019.01.27-09.45.12:022][  0]LogPackFactory: Copied "../../../Samples/MobileStarterContent/Content/MobileStarterContent/Textures/T_Gradinet_01.uasset" to "D:/Projects/Unreal Projects/ParallelNoteV2/Content/MobileStarterContent/Textures/T_Gradinet_01.uasset"
[2019.01.27-09.45.12:113][  0]LogPackFactory: Copied "../../../Samples/MobileStarterContent/Content/MobileStarterContent/Textures/T_Ground_Grass_D.uasset" to "D:/Projects/Unreal Projects/ParallelNoteV2/Content/MobileStarterContent/Textures/T_Ground_Grass_D.uasset"
[2019.01.27-09.45.12:172][  0]LogPackFactory: Copied "../../../Samples/MobileStarterContent/Content/MobileStarterContent/Textures/T_Ground_Grass_N.uasset" to "D:/Projects/Unreal Projects/ParallelNoteV2/Content/MobileStarterContent/Textures/T_Ground_Grass_N.uasset"
[2019.01.27-09.45.12:229][  0]LogPackFactory: Copied "../../../Samples/MobileStarterContent/Content/MobileStarterContent/Textures/T_Ground_Gravel_D.uasset" to "D:/Projects/Unreal Projects/ParallelNoteV2/Content/MobileStarterContent/Textures/T_Ground_Gravel_D.uasset"
[2019.01.27-09.45.12:275][  0]LogPackFactory: Copied "../../../Samples/MobileStarterContent/Content/MobileStarterContent/Textures/T_Ground_Gravel_N.uasset" to "D:/Projects/Unreal Projects/ParallelNoteV2/Content/MobileStarterContent/Textures/T_Ground_Gravel_N.uasset"
[2019.01.27-09.45.12:335][  0]LogPackFactory: Copied "../../../Samples/MobileStarterContent/Content/MobileStarterContent/Textures/T_ground_Moss_D.uasset" to "D:/Projects/Unreal Projects/ParallelNoteV2/Content/MobileStarterContent/Textures/T_ground_Moss_D.uasset"
[2019.01.27-09.45.12:391][  0]LogPackFactory: Copied "../../../Samples/MobileStarterContent/Content/MobileStarterContent/Textures/T_Ground_Moss_N.uasset" to "D:/Projects/Unreal Projects/ParallelNoteV2/Content/MobileStarterContent/Textures/T_Ground_Moss_N.uasset"
[2019.01.27-09.45.12:427][  0]LogPackFactory: Copied "../../../Samples/MobileStarterContent/Content/MobileStarterContent/Textures/T_Lamp_M.uasset" to "D:/Projects/Unreal Projects/ParallelNoteV2/Content/MobileStarterContent/Textures/T_Lamp_M.uasset"
[2019.01.27-09.45.12:492][  0]LogPackFactory: Copied "../../../Samples/MobileStarterContent/Content/MobileStarterContent/Textures/T_Lamp_N.uasset" to "D:/Projects/Unreal Projects/ParallelNoteV2/Content/MobileStarterContent/Textures/T_Lamp_N.uasset"
[2019.01.27-09.45.12:577][  0]LogPackFactory: Copied "../../../Samples/MobileStarterContent/Content/MobileStarterContent/Textures/T_MacroVariation.uasset" to "D:/Projects/Unreal Projects/ParallelNoteV2/Content/MobileStarterContent/Textures/T_MacroVariation.uasset"
[2019.01.27-09.45.12:631][  0]LogPackFactory: Copied "../../../Samples/MobileStarterContent/Content/MobileStarterContent/Textures/T_Metal_Aluminum_D.uasset" to "D:/Projects/Unreal Projects/ParallelNoteV2/Content/MobileStarterContent/Textures/T_Metal_Aluminum_D.uasset"
[2019.01.27-09.45.12:687][  0]LogPackFactory: Copied "../../../Samples/MobileStarterContent/Content/MobileStarterContent/Textures/T_Metal_Copper_D.uasset" to "D:/Projects/Unreal Projects/ParallelNoteV2/Content/MobileStarterContent/Textures/T_Metal_Copper_D.uasset"
[2019.01.27-09.45.12:752][  0]LogPackFactory: Copied "../../../Samples/MobileStarterContent/Content/MobileStarterContent/Textures/T_Metal_Gold_D.uasset" to "D:/Projects/Unreal Projects/ParallelNoteV2/Content/MobileStarterContent/Textures/T_Metal_Gold_D.uasset"
[2019.01.27-09.45.12:788][  0]LogPackFactory: Copied "../../../Samples/MobileStarterContent/Content/MobileStarterContent/Textures/T_Metal_Gold_N.uasset" to "D:/Projects/Unreal Projects/ParallelNoteV2/Content/MobileStarterContent/Textures/T_Metal_Gold_N.uasset"
[2019.01.27-09.45.12:840][  0]LogPackFactory: Copied "../../../Samples/MobileStarterContent/Content/MobileStarterContent/Textures/T_Metal_Rust_D.uasset" to "D:/Projects/Unreal Projects/ParallelNoteV2/Content/MobileStarterContent/Textures/T_Metal_Rust_D.uasset"
[2019.01.27-09.45.12:894][  0]LogPackFactory: Copied "../../../Samples/MobileStarterContent/Content/MobileStarterContent/Textures/T_Metal_Rust_N.uasset" to "D:/Projects/Unreal Projects/ParallelNoteV2/Content/MobileStarterContent/Textures/T_Metal_Rust_N.uasset"
[2019.01.27-09.45.12:960][  0]LogPackFactory: Copied "../../../Samples/MobileStarterContent/Content/MobileStarterContent/Textures/T_Metal_Steel_D.uasset" to "D:/Projects/Unreal Projects/ParallelNoteV2/Content/MobileStarterContent/Textures/T_Metal_Steel_D.uasset"
[2019.01.27-09.45.13:474][  0]LogPackFactory: Copied "../../../Samples/MobileStarterContent/Content/MobileStarterContent/Textures/T_Metal_Steel_N.uasset" to "D:/Projects/Unreal Projects/ParallelNoteV2/Content/MobileStarterContent/Textures/T_Metal_Steel_N.uasset"
[2019.01.27-09.45.13:539][  0]LogPackFactory: Copied "../../../Samples/MobileStarterContent/Content/MobileStarterContent/Textures/T_Perlin_Noise_M.uasset" to "D:/Projects/Unreal Projects/ParallelNoteV2/Content/MobileStarterContent/Textures/T_Perlin_Noise_M.uasset"
[2019.01.27-09.45.13:571][  0]LogPackFactory: Copied "../../../Samples/MobileStarterContent/Content/MobileStarterContent/Textures/T_RockMesh_M.uasset" to "D:/Projects/Unreal Projects/ParallelNoteV2/Content/MobileStarterContent/Textures/T_RockMesh_M.uasset"
[2019.01.27-09.45.13:613][  0]LogPackFactory: Copied "../../../Samples/MobileStarterContent/Content/MobileStarterContent/Textures/T_RockMesh_N.uasset" to "D:/Projects/Unreal Projects/ParallelNoteV2/Content/MobileStarterContent/Textures/T_RockMesh_N.uasset"
[2019.01.27-09.45.13:673][  0]LogPackFactory: Copied "../../../Samples/MobileStarterContent/Content/MobileStarterContent/Textures/T_Rock_Basalt_D.uasset" to "D:/Projects/Unreal Projects/ParallelNoteV2/Content/MobileStarterContent/Textures/T_Rock_Basalt_D.uasset"
[2019.01.27-09.45.13:767][  0]LogPackFactory: Copied "../../../Samples/MobileStarterContent/Content/MobileStarterContent/Textures/T_Rock_Basalt_N.uasset" to "D:/Projects/Unreal Projects/ParallelNoteV2/Content/MobileStarterContent/Textures/T_Rock_Basalt_N.uasset"
[2019.01.27-09.45.13:854][  0]LogPackFactory: Copied "../../../Samples/MobileStarterContent/Content/MobileStarterContent/Textures/T_Rock_Marble_Polished_D.uasset" to "D:/Projects/Unreal Projects/ParallelNoteV2/Content/MobileStarterContent/Textures/T_Rock_Marble_Polished_D.uasset"
[2019.01.27-09.45.13:953][  0]LogPackFactory: Copied "../../../Samples/MobileStarterContent/Content/MobileStarterContent/Textures/T_Rock_Sandstone_D.uasset" to "D:/Projects/Unreal Projects/ParallelNoteV2/Content/MobileStarterContent/Textures/T_Rock_Sandstone_D.uasset"
[2019.01.27-09.45.14:075][  0]LogPackFactory: Copied "../../../Samples/MobileStarterContent/Content/MobileStarterContent/Textures/T_Rock_Sandstone_N.uasset" to "D:/Projects/Unreal Projects/ParallelNoteV2/Content/MobileStarterContent/Textures/T_Rock_Sandstone_N.uasset"
[2019.01.27-09.45.14:138][  0]LogPackFactory: Copied "../../../Samples/MobileStarterContent/Content/MobileStarterContent/Textures/T_Rock_Slate_D.uasset" to "D:/Projects/Unreal Projects/ParallelNoteV2/Content/MobileStarterContent/Textures/T_Rock_Slate_D.uasset"
[2019.01.27-09.45.14:188][  0]LogPackFactory: Copied "../../../Samples/MobileStarterContent/Content/MobileStarterContent/Textures/T_Rock_Slate_N.uasset" to "D:/Projects/Unreal Projects/ParallelNoteV2/Content/MobileStarterContent/Textures/T_Rock_Slate_N.uasset"
[2019.01.27-09.45.14:238][  0]LogPackFactory: Copied "../../../Samples/MobileStarterContent/Content/MobileStarterContent/Textures/T_Rock_Smooth_Granite_D.uasset" to "D:/Projects/Unreal Projects/ParallelNoteV2/Content/MobileStarterContent/Textures/T_Rock_Smooth_Granite_D.uasset"
[2019.01.27-09.45.14:261][  0]LogPackFactory: Copied "../../../Samples/MobileStarterContent/Content/MobileStarterContent/Textures/T_Shelf_M.uasset" to "D:/Projects/Unreal Projects/ParallelNoteV2/Content/MobileStarterContent/Textures/T_Shelf_M.uasset"
[2019.01.27-09.45.14:443][  0]LogPackFactory: Copied "../../../Samples/MobileStarterContent/Content/MobileStarterContent/Textures/T_Shelf_N.uasset" to "D:/Projects/Unreal Projects/ParallelNoteV2/Content/MobileStarterContent/Textures/T_Shelf_N.uasset"
[2019.01.27-09.45.14:648][  0]LogPackFactory: Copied "../../../Samples/MobileStarterContent/Content/MobileStarterContent/Textures/T_Single_Tile_N.uasset" to "D:/Projects/Unreal Projects/ParallelNoteV2/Content/MobileStarterContent/Textures/T_Single_Tile_N.uasset"
[2019.01.27-09.45.14:797][  0]LogPackFactory: Copied "../../../Samples/MobileStarterContent/Content/MobileStarterContent/Textures/T_Smoke_SubUV.uasset" to "D:/Projects/Unreal Projects/ParallelNoteV2/Content/MobileStarterContent/Textures/T_Smoke_SubUV.uasset"
[2019.01.27-09.45.14:838][  0]LogPackFactory: Copied "../../../Samples/MobileStarterContent/Content/MobileStarterContent/Textures/T_Smoke_Tiled_D.uasset" to "D:/Projects/Unreal Projects/ParallelNoteV2/Content/MobileStarterContent/Textures/T_Smoke_Tiled_D.uasset"
[2019.01.27-09.45.14:937][  0]LogPackFactory: Copied "../../../Samples/MobileStarterContent/Content/MobileStarterContent/Textures/T_Spark_Core.uasset" to "D:/Projects/Unreal Projects/ParallelNoteV2/Content/MobileStarterContent/Textures/T_Spark_Core.uasset"
[2019.01.27-09.45.14:971][  0]LogPackFactory: Copied "../../../Samples/MobileStarterContent/Content/MobileStarterContent/Textures/T_Statue_M.uasset" to "D:/Projects/Unreal Projects/ParallelNoteV2/Content/MobileStarterContent/Textures/T_Statue_M.uasset"
[2019.01.27-09.45.15:066][  0]LogPackFactory: Copied "../../../Samples/MobileStarterContent/Content/MobileStarterContent/Textures/T_Statue_N.uasset" to "D:/Projects/Unreal Projects/ParallelNoteV2/Content/MobileStarterContent/Textures/T_Statue_N.uasset"
[2019.01.27-09.45.15:102][  0]LogPackFactory: Copied "../../../Samples/MobileStarterContent/Content/MobileStarterContent/Textures/T_TableRound_M.uasset" to "D:/Projects/Unreal Projects/ParallelNoteV2/Content/MobileStarterContent/Textures/T_TableRound_M.uasset"
[2019.01.27-09.45.15:116][  0]LogPackFactory: Copied "../../../Samples/MobileStarterContent/Content/MobileStarterContent/Textures/T_TableRound_N.uasset" to "D:/Projects/Unreal Projects/ParallelNoteV2/Content/MobileStarterContent/Textures/T_TableRound_N.uasset"
[2019.01.27-09.45.15:200][  0]LogPackFactory: Copied "../../../Samples/MobileStarterContent/Content/MobileStarterContent/Textures/T_Tech_Dot_M.uasset" to "D:/Projects/Unreal Projects/ParallelNoteV2/Content/MobileStarterContent/Textures/T_Tech_Dot_M.uasset"
[2019.01.27-09.45.15:228][  0]LogPackFactory: Copied "../../../Samples/MobileStarterContent/Content/MobileStarterContent/Textures/T_Tech_Dot_N.uasset" to "D:/Projects/Unreal Projects/ParallelNoteV2/Content/MobileStarterContent/Textures/T_Tech_Dot_N.uasset"
[2019.01.27-09.45.15:265][  0]LogPackFactory: Copied "../../../Samples/MobileStarterContent/Content/MobileStarterContent/Textures/T_Tech_Hex_Tile_M.uasset" to "D:/Projects/Unreal Projects/ParallelNoteV2/Content/MobileStarterContent/Textures/T_Tech_Hex_Tile_M.uasset"
[2019.01.27-09.45.15:290][  0]LogPackFactory: Copied "../../../Samples/MobileStarterContent/Content/MobileStarterContent/Textures/T_Tech_Hex_Tile_N.uasset" to "D:/Projects/Unreal Projects/ParallelNoteV2/Content/MobileStarterContent/Textures/T_Tech_Hex_Tile_N.uasset"
[2019.01.27-09.45.15:303][  0]LogPackFactory: Copied "../../../Samples/MobileStarterContent/Content/MobileStarterContent/Textures/T_Tech_Panel_M.uasset" to "D:/Projects/Unreal Projects/ParallelNoteV2/Content/MobileStarterContent/Textures/T_Tech_Panel_M.uasset"
[2019.01.27-09.45.15:321][  0]LogPackFactory: Copied "../../../Samples/MobileStarterContent/Content/MobileStarterContent/Textures/T_Tech_Panel_N.uasset" to "D:/Projects/Unreal Projects/ParallelNoteV2/Content/MobileStarterContent/Textures/T_Tech_Panel_N.uasset"
[2019.01.27-09.45.15:336][  0]LogPackFactory: Copied "../../../Samples/MobileStarterContent/Content/MobileStarterContent/Textures/T_Water_M.uasset" to "D:/Projects/Unreal Projects/ParallelNoteV2/Content/MobileStarterContent/Textures/T_Water_M.uasset"
[2019.01.27-09.45.15:352][  0]LogPackFactory: Copied "../../../Samples/MobileStarterContent/Content/MobileStarterContent/Textures/T_Water_N.uasset" to "D:/Projects/Unreal Projects/ParallelNoteV2/Content/MobileStarterContent/Textures/T_Water_N.uasset"
[2019.01.27-09.45.15:439][  0]LogPackFactory: Copied "../../../Samples/MobileStarterContent/Content/MobileStarterContent/Textures/T_Wood_Floor_Walnut_D.uasset" to "D:/Projects/Unreal Projects/ParallelNoteV2/Content/MobileStarterContent/Textures/T_Wood_Floor_Walnut_D.uasset"
[2019.01.27-09.45.15:481][  0]LogPackFactory: Copied "../../../Samples/MobileStarterContent/Content/MobileStarterContent/Textures/T_Wood_Floor_Walnut_M.uasset" to "D:/Projects/Unreal Projects/ParallelNoteV2/Content/MobileStarterContent/Textures/T_Wood_Floor_Walnut_M.uasset"
[2019.01.27-09.45.15:512][  0]LogPackFactory: Copied "../../../Samples/MobileStarterContent/Content/MobileStarterContent/Textures/T_Wood_Floor_Walnut_N.uasset" to "D:/Projects/Unreal Projects/ParallelNoteV2/Content/MobileStarterContent/Textures/T_Wood_Floor_Walnut_N.uasset"
[2019.01.27-09.45.15:554][  0]LogPackFactory: Copied "../../../Samples/MobileStarterContent/Content/MobileStarterContent/Textures/T_Wood_Oak_D.uasset" to "D:/Projects/Unreal Projects/ParallelNoteV2/Content/MobileStarterContent/Textures/T_Wood_Oak_D.uasset"
[2019.01.27-09.45.15:598][  0]LogPackFactory: Copied "../../../Samples/MobileStarterContent/Content/MobileStarterContent/Textures/T_Wood_Oak_N.uasset" to "D:/Projects/Unreal Projects/ParallelNoteV2/Content/MobileStarterContent/Textures/T_Wood_Oak_N.uasset"
[2019.01.27-09.45.15:641][  0]LogPackFactory: Copied "../../../Samples/MobileStarterContent/Content/MobileStarterContent/Textures/T_Wood_Pine_D.uasset" to "D:/Projects/Unreal Projects/ParallelNoteV2/Content/MobileStarterContent/Textures/T_Wood_Pine_D.uasset"
[2019.01.27-09.45.15:680][  0]LogPackFactory: Copied "../../../Samples/MobileStarterContent/Content/MobileStarterContent/Textures/T_Wood_Pine_N.uasset" to "D:/Projects/Unreal Projects/ParallelNoteV2/Content/MobileStarterContent/Textures/T_Wood_Pine_N.uasset"
[2019.01.27-09.45.16:164][  0]LogPackFactory: Copied "../../../Samples/MobileStarterContent/Content/MobileStarterContent/Textures/T_Wood_Walnut_D.uasset" to "D:/Projects/Unreal Projects/ParallelNoteV2/Content/MobileStarterContent/Textures/T_Wood_Walnut_D.uasset"
[2019.01.27-09.45.16:218][  0]LogPackFactory: Copied "../../../Samples/MobileStarterContent/Content/MobileStarterContent/Textures/T_Wood_Walnut_N.uasset" to "D:/Projects/Unreal Projects/ParallelNoteV2/Content/MobileStarterContent/Textures/T_Wood_Walnut_N.uasset"
[2019.01.27-09.45.16:318][  0]LogRenderer: Reallocating scene render targets to support 256x256 Format 10 NumSamples 1 (Frame:1).
[2019.01.27-09.45.16:495][  0]LogSavePackage: Moving 'D:/Projects/Unreal Projects/ParallelNoteV2/Saved/Floor_400x4009ACC7851491DB04E7A1506ABD14E12BE.tmp' to 'D:/Projects/Unreal Projects/ParallelNoteV2/Content/MobileStarterContent/Architecture/Floor_400x400.uasset'
[2019.01.27-09.45.16:503][  0]LogFeaturePack: Warning: Inserted 1 feature packs
[2019.01.27-09.45.16:506][  0]Cmd: MAP LOAD FILE="D:/Projects/Unreal Projects/ParallelNoteV2/Content/ThirdPersonBP/Maps/ThirdPersonExampleMap.umap" TEMPLATE=0 SHOWPROGRESS=1 FEATURELEVEL=3
[2019.01.27-09.45.16:506][  0]LightingResults: New page: Lighting Build
[2019.01.27-09.45.16:511][  0]MapCheck: New page: Map Check
[2019.01.27-09.45.16:511][  0]LightingResults: New page: Lighting Build
[2019.01.27-09.45.17:673][  0]LogAIModule: Creating AISystem for world ThirdPersonExampleMap
[2019.01.27-09.45.17:765][  0]LogEditorServer: Finished looking for orphan Actors (0.000 secs)
[2019.01.27-09.45.17:791][  0]Cmd: MAP CHECKDEP NOCLEARLOG
[2019.01.27-09.45.17:872][  0]MapCheck: Map check complete: 0 Error(s), 0 Warning(s), took 80.443ms to complete.
[2019.01.27-09.45.17:872][  0]LogFileHelpers: Loading map 'ThirdPersonExampleMap' took 1.367
[2019.01.27-09.45.18:117][  0]LogSlate: Updating window title bar state: overlay mode, drag disabled, window buttons hidden, title bar hidden
[2019.01.27-09.45.18:125][  0]LogSlate: Updating window title bar state: overlay mode, drag disabled, window buttons hidden, title bar hidden
[2019.01.27-09.45.18:134][  0]LogSlate: Updating window title bar state: overlay mode, drag disabled, window buttons hidden, title bar hidden
[2019.01.27-09.45.18:143][  0]LogSlate: Updating window title bar state: overlay mode, drag disabled, window buttons hidden, title bar hidden
[2019.01.27-09.45.18:155][  0]LogCollectionManager: Loaded 0 collections in 0.001724 seconds
[2019.01.27-09.45.18:198][  0]LogFileCache: Scanning file cache for directory 'D:/Projects/Unreal Projects/ParallelNoteV2/Saved/Collections/' took 0.01s
[2019.01.27-09.45.18:198][  0]LogFileCache: Scanning file cache for directory 'D:/Projects/Unreal Projects/ParallelNoteV2/Content/Developers/Disc/Collections/' took 0.01s
[2019.01.27-09.45.18:198][  0]LogFileCache: Scanning file cache for directory 'D:/Projects/Unreal Projects/ParallelNoteV2/Content/Collections/' took 0.01s
[2019.01.27-09.45.18:198][  0]LogCollectionManager: Rebuilt the GUID cache for 0 collections in 0.000000 seconds
[2019.01.27-09.45.18:210][  0]LogContentBrowser: Native class hierarchy populated in 0.0111 seconds. Added 2572 classes and 603 folders.
[2019.01.27-09.45.18:218][  0]LogContentBrowser: Native class hierarchy updated for 'WidgetCarousel' in 0.0002 seconds. Added 0 classes and 0 folders.
[2019.01.27-09.45.19:208][  0]LogContentBrowser: Native class hierarchy updated for 'AddContentDialog' in 0.0002 seconds. Added 0 classes and 0 folders.
[2019.01.27-09.45.19:227][  0]LogContentBrowser: Native class hierarchy updated for 'SceneOutliner' in 0.0003 seconds. Added 1 classes and 2 folders.
[2019.01.27-09.45.19:279][  0]LogSlate: Took 0.026583 seconds to synchronously load lazily loaded font '../../../Engine/Content/Slate/Fonts/Roboto-Regular.ttf' (155K)
[2019.01.27-09.45.19:320][  0]LogSlate: Took 0.038045 seconds to synchronously load lazily loaded font '../../../Engine/Content/Slate/Fonts/Roboto-Bold.ttf' (160K)
[2019.01.27-09.45.19:370][  0]LogSlate: Took 0.045280 seconds to synchronously load lazily loaded font '../../../Engine/Content/Editor/Slate/Fonts/FontAwesome.ttf' (139K)
[2019.01.27-09.45.19:538][  0]LogRenderer: Reallocating scene render targets to support 856x372 Format 10 NumSamples 1 (Frame:1).
[2019.01.27-09.45.19:580][  0]LogSlate: Took 0.000212 seconds to synchronously load lazily loaded font '../../../Engine/Content/Slate/Fonts/Roboto-Light.ttf' (167K)
[2019.01.27-09.45.19:682][  0]LogSlate: FSceneViewport::OnFocusLost() reason 2
[2019.01.27-09.45.19:777][  0]LogSlate: Window 'Tutorials' being destroyed
[2019.01.27-09.45.19:811][  0]LogContentBrowser: Native class hierarchy updated for 'HierarchicalLODOutliner' in 0.0003 seconds. Added 0 classes and 0 folders.
[2019.01.27-09.45.19:811][  0]LogLoad: (Engine Initialization) Total time: 27.80 seconds
[2019.01.27-09.45.19:811][  0]LogLoad: (Engine Initialization) Total Blueprint compile time: 0.00 seconds
[2019.01.27-09.45.19:830][  0]LogWindowsTextInputMethodSystem: Display: IME system now deactivated.
[2019.01.27-09.45.20:035][  0]LogContentStreaming: Texture pool size now 1000 MB
[2019.01.27-09.45.20:233][  1]LogAssetRegistry: Asset discovery search completed in 23.1015 seconds
[2019.01.27-09.45.20:236][  1]LogCollectionManager: Rebuilt the object cache for 0 collections in 0.000000 seconds (found 0 objects)
[2019.01.27-09.45.20:236][  1]LogCollectionManager: Fixed up redirectors for 0 collections in 0.000080 seconds (updated 0 objects)
[2019.01.27-09.45.21:855][ 94]LogSlate: FSceneViewport::OnFocusLost() reason 0
[2019.01.27-09.45.31:195][644]LogTemp: Repeating last play command: Selected Viewport
[2019.01.27-09.45.31:207][644]LogBlueprintUserMessages: Early PlayInEditor Detection: Level '/Game/ThirdPersonBP/Maps/ThirdPersonExampleMap.ThirdPersonExampleMap:PersistentLevel' has LevelScriptBlueprint '/Game/ThirdPersonBP/Maps/ThirdPersonExampleMap.ThirdPersonExampleMap:PersistentLevel.ThirdPersonExampleMap' with GeneratedClass '/Game/ThirdPersonBP/Maps/ThirdPersonExampleMap.ThirdPersonExampleMap_C' with ClassGeneratedBy '/Game/ThirdPersonBP/Maps/ThirdPersonExampleMap.ThirdPersonExampleMap:PersistentLevel.ThirdPersonExampleMap'
[2019.01.27-09.45.31:207][644]LogPlayLevel: PlayLevel: No blueprints needed recompiling
[2019.01.27-09.45.31:219][644]PIE: New page: PIE session: ThirdPersonExampleMap (Jan 27, 2019, 11:45:31 PM)
[2019.01.27-09.45.31:219][644]LogPlayLevel: Creating play world package: /Game/ThirdPersonBP/Maps/UEDPIE_0_ThirdPersonExampleMap
[2019.01.27-09.45.31:251][644]LogPlayLevel: PIE: StaticDuplicateObject took: (0.031548s)
[2019.01.27-09.45.31:252][644]LogAIModule: Creating AISystem for world ThirdPersonExampleMap
[2019.01.27-09.45.31:252][644]LogPlayLevel: PIE: World Init took: (0.001078s)
[2019.01.27-09.45.31:252][644]LogPlayLevel: PIE: Created PIE world by copying editor world from /Game/ThirdPersonBP/Maps/ThirdPersonExampleMap.ThirdPersonExampleMap to /Game/ThirdPersonBP/Maps/UEDPIE_0_ThirdPersonExampleMap.ThirdPersonExampleMap (0.032844s)
[2019.01.27-09.45.31:281][644]LogInit: XAudio2 using 'Speakers (Realtek High Definition Audio)' : 2 channels at 48 kHz using 32 bits per sample (channel mask 0x3)
[2019.01.27-09.45.31:298][644]LogInit: FAudioDevice initialized.
[2019.01.27-09.45.31:396][644]LogLoad: Game class is 'ThirdPersonGameMode_C'
[2019.01.27-09.45.31:400][644]LogWorld: Bringing World /Game/ThirdPersonBP/Maps/UEDPIE_0_ThirdPersonExampleMap.ThirdPersonExampleMap up for play (max tick rate 60) at 2019.01.27-16.45.31
[2019.01.27-09.45.31:400][644]LogWorld: Bringing up level for play took: 0.001491
[2019.01.27-09.45.31:444][644]LogContentBrowser: Native class hierarchy updated for 'MovieSceneCapture' in 0.0007 seconds. Added 10 classes and 0 folders.
[2019.01.27-09.45.31:446][644]PIE: Play in editor start time for /Game/ThirdPersonBP/Maps/UEDPIE_0_ThirdPersonExampleMap 0.299
[2019.01.27-09.45.31:446][644]LogBlueprintUserMessages: Late PlayInEditor Detection: Level '/Game/ThirdPersonBP/Maps/ThirdPersonExampleMap.ThirdPersonExampleMap:PersistentLevel' has LevelScriptBlueprint '/Game/ThirdPersonBP/Maps/ThirdPersonExampleMap.ThirdPersonExampleMap:PersistentLevel.ThirdPersonExampleMap' with GeneratedClass '/Game/ThirdPersonBP/Maps/ThirdPersonExampleMap.ThirdPersonExampleMap_C' with ClassGeneratedBy '/Game/ThirdPersonBP/Maps/ThirdPersonExampleMap.ThirdPersonExampleMap:PersistentLevel.ThirdPersonExampleMap'
[2019.01.27-09.45.34:120][802]LogSlate: FSceneViewport::OnFocusLost() reason 2
[2019.01.27-09.45.35:388][878]LogBlueprintUserMessages: Early EndPlayMap Detection: Level '/Game/ThirdPersonBP/Maps/ThirdPersonExampleMap.ThirdPersonExampleMap:PersistentLevel' has LevelScriptBlueprint '/Game/ThirdPersonBP/Maps/ThirdPersonExampleMap.ThirdPersonExampleMap:PersistentLevel.ThirdPersonExampleMap' with GeneratedClass '/Game/ThirdPersonBP/Maps/ThirdPersonExampleMap.ThirdPersonExampleMap_C' with ClassGeneratedBy '/Game/ThirdPersonBP/Maps/ThirdPersonExampleMap.ThirdPersonExampleMap:PersistentLevel.ThirdPersonExampleMap'
[2019.01.27-09.45.35:388][878]LogSlate: Updating window title bar state: overlay mode, drag disabled, window buttons hidden, title bar hidden
[2019.01.27-09.45.35:424][878]LogPlayLevel: Display: Shutting down PIE online subsystems
[2019.01.27-09.45.35:425][878]LogBlueprintUserMessages: Late EndPlayMap Detection: Level '/Game/ThirdPersonBP/Maps/ThirdPersonExampleMap.ThirdPersonExampleMap:PersistentLevel' has LevelScriptBlueprint '/Game/ThirdPersonBP/Maps/ThirdPersonExampleMap.ThirdPersonExampleMap:PersistentLevel.ThirdPersonExampleMap' with GeneratedClass '/Game/ThirdPersonBP/Maps/ThirdPersonExampleMap.ThirdPersonExampleMap_C' with ClassGeneratedBy '/Game/ThirdPersonBP/Maps/ThirdPersonExampleMap.ThirdPersonExampleMap:PersistentLevel.ThirdPersonExampleMap'
[2019.01.27-09.45.35:449][878]LogSlate: Updating window title bar state: overlay mode, drag disabled, window buttons hidden, title bar hidden
[2019.01.27-09.45.35:494][881]LogPlayLevel: Display: Destroying online subsystem :Context_2
[2019.01.27-09.46.52:917][357]LogWindowsTextInputMethodSystem: Display: IME system now deactivated.
[2019.01.27-09.46.52:917][357]LogWindowsTextInputMethodSystem: Display: IME system now deactivated.
