Log file open, 02/04/19 03:35:16
LogWindows: Failed to load 'aqProf.dll' (GetLastError=126)
LogWindows: File 'aqProf.dll' does not exist
LogWindows: Failed to load 'VSPerf140.dll' (GetLastError=126)
LogWindows: File 'VSPerf140.dll' does not exist
LogWindows: Failed to load 'VtuneApi.dll' (GetLastError=126)
LogWindows: File 'VtuneApi.dll' does not exist
LogWindows: Failed to load 'VtuneApi32e.dll' (GetLastError=126)
LogWindows: File 'VtuneApi32e.dll' does not exist
LogInit: Display: Running engine for game: ParallelNoteV2
LogPlatformFile: Not using cached read wrapper
LogTaskGraph: Started task graph with 5 named threads and 14 total threads with 3 sets of task threads.
LogStats: Stats thread started at 3.681383
LogD3D11RHI: Loaded GFSDK_Aftermath_Lib.x64.dll
LogICUInternationalization: Display: ICU TimeZone Detection - Raw Offset: +1:00, Platform Override: ''
LogPluginManager: Mounting plugin Paper2D
LogPluginManager: Mounting plugin AISupport
LogPluginManager: Mounting plugin LightPropagationVolume
LogPluginManager: Mounting plugin CLionSourceCodeAccess
LogPluginManager: Mounting plugin CodeLiteSourceCodeAccess
LogPluginManager: Mounting plugin GitSourceControl
LogPluginManager: Mounting plugin KDevelopSourceCodeAccess
LogPluginManager: Mounting plugin NullSourceCodeAccess
LogPluginManager: Mounting plugin PerforceSourceControl
LogPluginManager: Mounting plugin SubversionSourceControl
LogPluginManager: Mounting plugin UObjectPlugin
LogPluginManager: Mounting plugin VisualStudioCodeSourceCodeAccess
LogPluginManager: Mounting plugin VisualStudioSourceCodeAccess
LogPluginManager: Mounting plugin XCodeSourceCodeAccess
LogPluginManager: Mounting plugin AssetManagerEditor
LogPluginManager: Mounting plugin CryptoKeys
LogPluginManager: Mounting plugin DataValidation
LogPluginManager: Mounting plugin FacialAnimation
LogPluginManager: Mounting plugin GameplayTagsEditor
LogPluginManager: Mounting plugin MacGraphicsSwitching
LogPluginManager: Mounting plugin MeshEditor
LogPluginManager: Mounting plugin MobileLauncherProfileWizard
LogPluginManager: Mounting plugin PluginBrowser
LogPluginManager: Mounting plugin SpeedTreeImporter
LogPluginManager: Mounting plugin DatasmithContent
LogPluginManager: Mounting plugin AlembicImporter
LogPluginManager: Mounting plugin AppleImageUtils
LogPluginManager: Mounting plugin AppleVision
LogPluginManager: Mounting plugin BackChannel
LogPluginManager: Mounting plugin CharacterAI
LogPluginManager: Mounting plugin GeometryCache
LogPluginManager: Mounting plugin HTML5Networking
LogPluginManager: Mounting plugin ProxyLODPlugin
LogPluginManager: Mounting plugin MagicLeap
LogPluginManager: Mounting plugin MagicLeapEmulator
LogPluginManager: Mounting plugin MagicLeapMedia
LogPluginManager: Mounting plugin AndroidMedia
LogPluginManager: Mounting plugin AvfMedia
LogPluginManager: Mounting plugin ImgMedia
LogPluginManager: Mounting plugin LinearTimecode
LogPluginManager: Mounting plugin MediaCompositing
LogPluginManager: Mounting plugin MediaPlayerEditor
LogPluginManager: Mounting plugin WmfMedia
LogPluginManager: Mounting plugin TcpMessaging
LogPluginManager: Mounting plugin UdpMessaging
LogPluginManager: Mounting plugin ActorSequence
LogPluginManager: Mounting plugin LevelSequenceEditor
LogPluginManager: Mounting plugin MatineeToLevelSequence
LogPluginManager: Mounting plugin NetcodeUnitTest
LogPluginManager: Mounting plugin NUTUnrealEngine4
LogPluginManager: Mounting plugin OnlineSubsystemGooglePlay
LogPluginManager: Mounting plugin OnlineSubsystemIOS
LogPluginManager: Mounting plugin OnlineSubsystem
LogPluginManager: Mounting plugin OnlineSubsystemNull
LogPluginManager: Mounting plugin OnlineSubsystemUtils
LogPluginManager: Mounting plugin LauncherChunkInstaller
LogPluginManager: Mounting plugin AndroidDeviceProfileSelector
LogPluginManager: Mounting plugin AndroidMoviePlayer
LogPluginManager: Mounting plugin AndroidPermission
LogPluginManager: Mounting plugin AppleMoviePlayer
LogPluginManager: Mounting plugin ArchVisCharacter
LogPluginManager: Mounting plugin AudioCapture
LogPluginManager: Mounting plugin CableComponent
LogPluginManager: Mounting plugin CustomMeshComponent
LogPluginManager: Mounting plugin EditableMesh
LogPluginManager: Mounting plugin ExampleDeviceProfileSelector
LogPluginManager: Mounting plugin GoogleCloudMessaging
LogPluginManager: Mounting plugin ImmediatePhysics
LogPluginManager: Mounting plugin IOSDeviceProfileSelector
LogPluginManager: Mounting plugin LinuxDeviceProfileSelector
LogPluginManager: Mounting plugin LocationServicesBPLibrary
LogPluginManager: Mounting plugin MobilePatchingUtils
LogPluginManager: Mounting plugin OculusVR
LogPluginManager: Plugin shader directory ../../../Engine/Plugins/Runtime/Oculus/OculusVR/Shaders found
LogPluginManager: Mapping shader source directory ../../../Engine/Plugins/Runtime/Oculus/OculusVR/Shaders to virtual directory /Plugin/OculusVR
LogPluginManager: Mounting plugin PhysXVehicles
LogPluginManager: Mounting plugin ProceduralMeshComponent
LogPluginManager: Mounting plugin RuntimePhysXCooking
LogPluginManager: Mounting plugin SteamVR
LogPluginManager: Mounting plugin WindowsMoviePlayer
LogStreaming: Display: Took  0.276s to configure plugins.
LogInit: Using libcurl 7.55.1-DEV
LogInit:  - built for x86_64-pc-win32
LogInit:  - supports SSL with OpenSSL/1.0.2h
LogInit:  - supports HTTP deflate (compression) using libz 1.2.8
LogInit:  - other features:
LogInit:      CURL_VERSION_SSL
LogInit:      CURL_VERSION_LIBZ
LogInit:      CURL_VERSION_IPV6
LogInit:      CURL_VERSION_ASYNCHDNS
LogInit:      CURL_VERSION_LARGEFILE
LogInit:      CURL_VERSION_IDN
LogInit:  CurlRequestOptions (configurable via config and command line):
LogInit:  - bVerifyPeer = false  - Libcurl will NOT verify peer certificate
LogInit:  - bUseHttpProxy = false  - Libcurl will NOT use HTTP proxy
LogInit:  - bDontReuseConnections = false  - Libcurl will reuse connections
LogInit:  - CertBundlePath = nullptr  - Libcurl will use whatever was configured at build time.
LogInit:  - MaxHostConnections = 16  - Libcurl will limit the number of connections to a host
LogInit:  - LocalHostAddr = Default
LogInit:  - BufferSize = 65536
LogInit: WinSock: version 1.1 (2.2), MaxSocks=32767, MaxUdp=65467
LogInit: Build: ++UE4+Release-4.20-CL-4369336
LogInit: Engine Version: 4.20.3-4369336+++UE4+Release-4.20
LogInit: Compatible Engine Version: 4.20.0-4212847+++UE4+Release-4.20
LogInit: Net CL: 4212847
LogInit: OS: Windows 10 (), CPU: Intel(R) Core(TM) i5-7600 CPU @ 3.50GHz, GPU: NVIDIA GeForce GTX 960
LogInit: Compiled (64-bit): Sep 17 2018 12:26:19
LogInit: Compiled with Visual C++: 19.13.26129.00
LogInit: Build Configuration: Development
LogInit: Branch Name: ++UE4+Release-4.20
LogInit: Command Line:  
LogInit: Base Directory: D:/Epic Game/UE_4.20/Engine/Binaries/Win64/
LogInit: Installed Engine Build: 1
LogDevObjectVersion: Number of dev versions registered: 20
LogDevObjectVersion:   Dev-Blueprints (B0D832E4-1F89-4F0D-ACCF-7EB736FD4AA2): 10
LogDevObjectVersion:   Dev-Build (E1C64328-A22C-4D53-A36C-8E866417BD8C): 0
LogDevObjectVersion:   Dev-Core (375EC13C-06E4-48FB-B500-84F0262A717E): 2
LogDevObjectVersion:   Dev-Editor (E4B068ED-F494-42E9-A231-DA0B2E46BB41): 24
LogDevObjectVersion:   Dev-Framework (CFFC743F-43B0-4480-9391-14DF171D2073): 34
LogDevObjectVersion:   Dev-Mobile (B02B49B5-BB20-44E9-A304-32B752E40360): 2
LogDevObjectVersion:   Dev-Networking (A4E4105C-59A1-49B5-A7C5-40C4547EDFEE): 0
LogDevObjectVersion:   Dev-Online (39C831C9-5AE6-47DC-9A44-9C173E1C8E7C): 0
LogDevObjectVersion:   Dev-Physics (78F01B33-EBEA-4F98-B9B4-84EACCB95AA2): 0
LogDevObjectVersion:   Dev-Platform (6631380F-2D4D-43E0-8009-CF276956A95A): 0
LogDevObjectVersion:   Dev-Rendering (12F88B9F-8875-4AFC-A67C-D90C383ABD29): 26
LogDevObjectVersion:   Dev-Sequencer (7B5AE74C-D270-4C10-A958-57980B212A5A): 9
LogDevObjectVersion:   Dev-VR (D7296918-1DD6-4BDD-9DE2-64A83CC13884): 2
LogDevObjectVersion:   Dev-LoadTimes (C2A15278-BFE7-4AFE-6C17-90FF531DF755): 1
LogDevObjectVersion:   Private-Geometry (6EACA3D4-40EC-4CC1-B786-8BED09428FC5): 3
LogDevObjectVersion:   Dev-AnimPhys (29E575DD-E0A3-4627-9D10-D276232CDCEA): 17
LogDevObjectVersion:   Dev-ReflectionCapture (6B266CEC-1EC7-4B8F-A30B-E4D90942FC07): 1
LogDevObjectVersion:   Dev-Automation (0DF73D61-A23F-47EA-B727-89E90C41499A): 1
LogDevObjectVersion:   FortniteMain (601D1886-AC64-4F84-AA16-D3DE0DEAC7D6): 12
LogDevObjectVersion:   Dev-Enterprise (9DFFBCD6-494F-0158-E221-12823C92A888): 1
LogStreaming: Display: Took  0.017s to delete old logs.
LogInit: Presizing for max 8388607 objects, including 0 objects not considered by GC, pre-allocating 0 bytes for permanent pool.
LogInit: Object subsystem initialized
[2019.02.04-02.35.18:897][  0]LogInit: Selected Device Profile: [Windows]
[2019.02.04-02.35.18:897][  0]LogInit: Applying CVar settings loaded from the selected device profile: [Windows]
[2019.02.04-02.35.18:945][  0]LogHAL: Display: Platform has ~ 8 GB [8519970816 / 8589934592 / 8], which maps to Default [LargestMinGB=32, LargerMinGB=12, DefaultMinGB=8, SmallerMinGB=6, SmallestMinGB=0)
[2019.02.04-02.35.18:948][  0]LogInit: Setting Device Profile CVar: [[r.Vulkan.UseRealUBs:1]]
[2019.02.04-02.35.18:952][  0]LogInit: Going up to parent DeviceProfile []
[2019.02.04-02.35.18:999][  0]LogInit: Computer: MAXGAME
[2019.02.04-02.35.18:999][  0]LogInit: User: MAXGAME
[2019.02.04-02.35.18:999][  0]LogInit: CPU Page size=4096, Cores=4
[2019.02.04-02.35.18:999][  0]LogInit: High frequency timer resolution =3.421875 MHz
[2019.02.04-02.35.18:999][  0]LogMemory: Memory total: Physical=7.9GB (8GB approx)
[2019.02.04-02.35.18:999][  0]LogMemory: Platform Memory Stats for Windows
[2019.02.04-02.35.18:999][  0]LogMemory: Process Physical Memory: 100.98 MB used, 100.98 MB peak
[2019.02.04-02.35.18:999][  0]LogMemory: Process Virtual Memory: 92.35 MB used, 92.35 MB peak
[2019.02.04-02.35.18:999][  0]LogMemory: Physical Memory: 5392.25 MB used,  2733.03 MB free, 8125.28 MB total
[2019.02.04-02.35.18:999][  0]LogMemory: Virtual Memory: 4633.35 MB used,  2733.03 MB free, 134217728.00 MB total
[2019.02.04-02.35.20:217][  0]LogInit: Using OS detected language (da-DK).
[2019.02.04-02.35.20:217][  0]LogInit: Using OS detected locale (da-DK).
[2019.02.04-02.35.20:280][  0]LogTextLocalizationManager: No localization for 'da-DK' exists, so 'en' will be used for the language.
[2019.02.04-02.35.20:979][  0]LogStreaming: Display: Took  0.750s to InitEngineTextLocalization.
[2019.02.04-02.35.20:994][  0]LogInit: Setting process to per monitor DPI aware
[2019.02.04-02.35.21:560][  0]LogSlate: New Slate User Created.  User Index 0, Is Virtual User: 0
[2019.02.04-02.35.21:560][  0]LogSlate: Slate User Registered.  User Index 0, Is Virtual User: 0
[2019.02.04-02.35.24:371][  0]LogHMD: Failed to initialize OpenVR with code 110
[2019.02.04-02.35.24:371][  0]LogD3D11RHI: D3D11 adapters:
[2019.02.04-02.35.24:429][  0]LogD3D11RHI:    0. 'NVIDIA GeForce GTX 960' (Feature Level 11_0)
[2019.02.04-02.35.24:429][  0]LogD3D11RHI:       2007/0/4062 MB DedicatedVideo/DedicatedSystem/SharedSystem, Outputs:2, VendorId:0x10de
[2019.02.04-02.35.24:432][  0]LogD3D11RHI:    1. 'Microsoft Basic Render Driver' (Feature Level 11_0)
[2019.02.04-02.35.24:433][  0]LogD3D11RHI:       0/0/4062 MB DedicatedVideo/DedicatedSystem/SharedSystem, Outputs:0, VendorId:0x1414
[2019.02.04-02.35.24:433][  0]LogD3D11RHI: Chosen D3D11 Adapter: 0
[2019.02.04-02.35.24:463][  0]LogD3D11RHI: Creating new Direct3DDevice
[2019.02.04-02.35.24:463][  0]LogD3D11RHI:     GPU DeviceId: 0x1401 (for the marketing name, search the web for "GPU Device Id")
[2019.02.04-02.35.24:477][  0]LogWindows: EnumDisplayDevices:
[2019.02.04-02.35.24:477][  0]LogWindows:    0. 'NVIDIA GeForce GTX 960' (P:1 D:1)
[2019.02.04-02.35.24:478][  0]LogWindows:    1. 'NVIDIA GeForce GTX 960' (P:0 D:1)
[2019.02.04-02.35.24:478][  0]LogWindows:    2. 'NVIDIA GeForce GTX 960' (P:0 D:0)
[2019.02.04-02.35.24:478][  0]LogWindows:    3. 'NVIDIA GeForce GTX 960' (P:0 D:0)
[2019.02.04-02.35.24:478][  0]LogWindows: DebugString: FoundDriverCount:4 
[2019.02.04-02.35.24:478][  0]LogD3D11RHI:     Adapter Name: NVIDIA GeForce GTX 960
[2019.02.04-02.35.24:478][  0]LogD3D11RHI:   Driver Version: 416.16 (internal:25.21.14.1616, unified:416.16)
[2019.02.04-02.35.24:478][  0]LogD3D11RHI:      Driver Date: 10-2-2018
[2019.02.04-02.35.24:478][  0]LogRHI: Texture pool is 1405 MB (70% of 2007 MB)
[2019.02.04-02.35.24:522][  0]LogD3D11RHI: Async texture creation enabled
[2019.02.04-02.35.24:743][  0]LogD3D11RHI: GPU Timing Frequency: 1000.000000 (Debug: 2 2)
[2019.02.04-02.35.24:784][  0]LogShaderCompilers: Guid format shader working directory is -5 characters bigger than the processId version (../../../../../Playclaw5/Unreal/Github/ParallelNoteV2/Intermediate/Shaders/WorkingDirectory/10656/).
[2019.02.04-02.35.24:784][  0]LogShaderCompilers: Cleaned the shader compiler working directory 'C:/Users/MAX-GAME/AppData/Local/Temp/UnrealShaderWorkingDir/CB0934E542C2170F9F4042BE87FE3D97/'.
[2019.02.04-02.35.25:474][  0]LogTemp: Display: Loaded TP AllDesktopTargetPlatform
[2019.02.04-02.35.25:504][  0]LogTemp: Display: Loaded TP MacClientTargetPlatform
[2019.02.04-02.35.25:533][  0]LogTemp: Display: Loaded TP MacNoEditorTargetPlatform
[2019.02.04-02.35.25:562][  0]LogTemp: Display: Loaded TP MacServerTargetPlatform
[2019.02.04-02.35.25:612][  0]LogTemp: Display: Loaded TP MacTargetPlatform
[2019.02.04-02.35.25:652][  0]LogTemp: Display: Loaded TP WindowsClientTargetPlatform
[2019.02.04-02.35.25:694][  0]LogTemp: Display: Loaded TP WindowsNoEditorTargetPlatform
[2019.02.04-02.35.25:728][  0]LogTemp: Display: Loaded TP WindowsServerTargetPlatform
[2019.02.04-02.35.25:744][  0]LogTemp: Display: Loaded TP WindowsTargetPlatform
[2019.02.04-02.35.25:862][  0]LogTemp: Display: Loaded TP AndroidTargetPlatform
[2019.02.04-02.35.25:862][  0]LogTemp: Display: Loaded TP AndroidTargetPlatform
[2019.02.04-02.35.25:862][  0]LogTemp: Display: Loaded TP AndroidTargetPlatform
[2019.02.04-02.35.25:862][  0]LogTemp: Display: Loaded TP AndroidTargetPlatform
[2019.02.04-02.35.25:862][  0]LogTemp: Display: Loaded TP AndroidTargetPlatform
[2019.02.04-02.35.25:862][  0]LogTemp: Display: Loaded TP AndroidTargetPlatform
[2019.02.04-02.35.25:862][  0]LogTemp: Display: Loaded TP AndroidTargetPlatform
[2019.02.04-02.35.25:862][  0]LogTemp: Display: Loaded TP AndroidTargetPlatform
[2019.02.04-02.35.25:862][  0]LogTemp: Display: Loaded TP AndroidTargetPlatform
[2019.02.04-02.35.25:862][  0]LogTemp: Display: Loaded TP AndroidTargetPlatform
[2019.02.04-02.35.25:862][  0]LogTemp: Display: Loaded TP AndroidTargetPlatform
[2019.02.04-02.35.25:862][  0]LogTemp: Display: Loaded TP AndroidTargetPlatform
[2019.02.04-02.35.25:862][  0]LogTemp: Display: Loaded TP AndroidTargetPlatform
[2019.02.04-02.35.25:862][  0]LogTemp: Display: Loaded TP AndroidTargetPlatform
[2019.02.04-02.35.25:862][  0]LogTemp: Display: Loaded TP AndroidTargetPlatform
[2019.02.04-02.35.25:862][  0]LogTemp: Display: Loaded TP AndroidTargetPlatform
[2019.02.04-02.35.25:862][  0]LogTemp: Display: Loaded TP AndroidTargetPlatform
[2019.02.04-02.35.25:863][  0]LogTemp: Display: Loaded TP AndroidTargetPlatform
[2019.02.04-02.35.25:889][  0]LogTemp: Display: Loaded TP HTML5TargetPlatform
[2019.02.04-02.35.26:024][  0]LogTemp: Display: Loaded TP IOSTargetPlatform
[2019.02.04-02.35.26:024][  0]LogTemp: Display: Loaded TP IOSTargetPlatform
[2019.02.04-02.35.26:070][  0]LogTemp: Display: Loaded TP TVOSTargetPlatform
[2019.02.04-02.35.26:070][  0]LogTemp: Display: Loaded TP TVOSTargetPlatform
[2019.02.04-02.35.26:110][  0]LogTemp: Display: Loaded TP LinuxClientTargetPlatform
[2019.02.04-02.35.26:156][  0]LogTemp: Display: Loaded TP LinuxNoEditorTargetPlatform
[2019.02.04-02.35.26:184][  0]LogTemp: Display: Loaded TP LinuxServerTargetPlatform
[2019.02.04-02.35.26:228][  0]LogTemp: Display: Loaded TP LinuxTargetPlatform
[2019.02.04-02.35.26:258][  0]LogTemp: Display: Loaded TP LuminTargetPlatform
[2019.02.04-02.35.26:258][  0]LogTargetPlatformManager: Display: Building Assets For Windows
[2019.02.04-02.35.27:019][  0]LogXGEController: Cleaning working directory: C:/Users/MAX-GAME/AppData/Local/Temp/UnrealXGEWorkingDir/
[2019.02.04-02.35.27:019][  0]LogXGEController: Cannot use XGE Controller as Incredibuild is not installed on this machine.
[2019.02.04-02.35.27:019][  0]LogShaderCompilers: Cannot use XGE Shader Compiler as Incredibuild is not installed on this machine.
[2019.02.04-02.35.27:019][  0]LogShaderCompilers: Display: Using Local Shader Compiler.
[2019.02.04-02.35.30:488][  0]LogDerivedDataCache: Display: Max Cache Size: 512 MB
[2019.02.04-02.35.31:245][  0]LogDerivedDataCache: Loaded boot cache 0.75s 72MB C:/Users/MAX-GAME/AppData/Local/UnrealEngine/4.20/DerivedDataCache/Boot.ddc.
[2019.02.04-02.35.31:245][  0]LogDerivedDataCache: Display: Loaded Boot cache: C:/Users/MAX-GAME/AppData/Local/UnrealEngine/4.20/DerivedDataCache/Boot.ddc
[2019.02.04-02.35.31:245][  0]LogDerivedDataCache: FDerivedDataBackendGraph:  Pak pak cache file ../../../../../Playclaw5/Unreal/Github/ParallelNoteV2/DerivedDataCache/DDC.ddp not found, will not use a pak cache.
[2019.02.04-02.35.31:245][  0]LogDerivedDataCache: Unable to find inner node Pak for hierarchical cache Hierarchy.
[2019.02.04-02.35.31:245][  0]LogDerivedDataCache: FDerivedDataBackendGraph:  CompressedPak pak cache file ../../../../../Playclaw5/Unreal/Github/ParallelNoteV2/DerivedDataCache/Compressed.ddp not found, will not use a pak cache.
[2019.02.04-02.35.31:245][  0]LogDerivedDataCache: Unable to find inner node CompressedPak for hierarchical cache Hierarchy.
[2019.02.04-02.35.31:333][  0]LogDerivedDataCache: Display: Pak cache opened for reading ../../../Engine/DerivedDataCache/Compressed.ddp.
[2019.02.04-02.35.31:346][  0]LogDerivedDataCache: Using Local data cache path C:/Users/MAX-GAME/AppData/Local/UnrealEngine/Common/DerivedDataCache: Writable
[2019.02.04-02.35.31:346][  0]LogDerivedDataCache: Shared data cache path not found in *engine.ini, will not use an Shared cache.
[2019.02.04-02.35.31:346][  0]LogDerivedDataCache: Unable to find inner node Shared for hierarchical cache Hierarchy.
[2019.02.04-02.35.31:384][  0]LogMaterial: Verifying Global Shaders for PCD3D_SM5
[2019.02.04-02.35.31:441][  0]LogSlate: Using FreeType 2.6.0
[2019.02.04-02.35.31:531][  0]LogSlate: SlateFontServices - WITH_FREETYPE: 1, WITH_HARFBUZZ: 1
[2019.02.04-02.35.32:104][  0]LogAssetRegistry: FAssetRegistry took 0.0286 seconds to start up
[2019.02.04-02.35.36:715][  0]LogInit: Selected Device Profile: [Windows]
[2019.02.04-02.35.38:649][  0]LogSimplygon: Simplygon DLL not present - disabling.
[2019.02.04-02.35.38:834][  0]LogMeshReduction: Using SimplygonSwarm for distributed automatic mesh merging
[2019.02.04-02.35.38:835][  0]LogMeshReduction: Using ProxyLODMeshReduction for automatic mesh merging
[2019.02.04-02.35.38:835][  0]LogMeshReduction: Using QuadricMeshReduction for automatic static mesh reduction
[2019.02.04-02.35.38:835][  0]LogMeshReduction: No automatic skeletal mesh reduction module available
[2019.02.04-02.35.39:115][  0]LogNetVersion: ParallelNoteV2 1.0.0, NetCL: 4212847, EngineNetVer: 5, GameNetVer: 0 (Checksum: 3415175619)
[2019.02.04-02.35.43:196][  0]LogPackageLocalizationCache: Processed 11 localized package path(s) for 1 prioritized culture(s) in 0.081964 seconds
[2019.02.04-02.35.43:227][  0]LogUObjectArray: 38425 objects as part of root set at end of initial load.
[2019.02.04-02.35.43:227][  0]LogUObjectAllocator: 6690864 out of 0 bytes used by permanent object pool.
[2019.02.04-02.35.43:227][  0]LogUObjectArray: CloseDisregardForGC: 0/0 objects in disregard for GC pool
[2019.02.04-02.35.56:193][  0]LogTcpMessaging: Initializing TcpMessaging bridge
[2019.02.04-02.35.56:233][  0]LogUdpMessaging: Initializing bridge on interface 0.0.0.0:0 to multicast group 230.0.0.1:6666.
[2019.02.04-02.35.58:545][  0]SourceControl: Source control is disabled
[2019.02.04-02.35.58:548][  0]SourceControl: Source control is disabled
[2019.02.04-02.35.58:638][  0]SourceControl: Source control is disabled
[2019.02.04-02.35.58:669][  0]SourceControl: Source control is disabled
[2019.02.04-02.36.00:495][  0]LogAndroidPermission: UAndroidPermissionCallbackProxy::GetInstance
[2019.02.04-02.36.00:737][  0]LogOcInput: OculusInput pre-init called
[2019.02.04-02.36.01:429][  0]LogEngine: Initializing Engine...
[2019.02.04-02.36.01:456][  0]LogHMD: Failed to initialize OpenVR with code 110
[2019.02.04-02.36.01:483][  0]LogStats: UGameplayTagsManager::ConstructGameplayTagTree: ImportINI prefixes -  0.000 s
[2019.02.04-02.36.01:483][  0]LogStats: UGameplayTagsManager::ConstructGameplayTagTree: Construct from data asset -  0.000 s
[2019.02.04-02.36.01:483][  0]LogStats: UGameplayTagsManager::ConstructGameplayTagTree: ImportINI -  0.000 s
[2019.02.04-02.36.01:483][  0]LogStats: UGameplayTagsManager::ConstructGameplayTagTree: GameplayTagTreeChangedEvent.Broadcast -  0.000 s
[2019.02.04-02.36.02:208][  0]LogInit: Initializing FReadOnlyCVARCache
[2019.02.04-02.36.02:977][  0]LogAIModule: Creating AISystem for world Untitled
[2019.02.04-02.36.03:247][  0]LogInit: XAudio2 using 'Højttalere (G909 Pro)' : 2 channels at 48 kHz using 16 bits per sample (channel mask 0x3)
[2019.02.04-02.36.03:272][  0]LogInit: FAudioDevice initialized.
[2019.02.04-02.36.03:280][  0]LogNetVersion: Set ProjectVersion to 1.0.0.0. Version Checksum will be recalculated on next use.
[2019.02.04-02.36.03:411][  0]LogDerivedDataCache: Saved boot cache 0.13s 72MB C:/Users/MAX-GAME/AppData/Local/UnrealEngine/4.20/DerivedDataCache/Boot.ddc.
[2019.02.04-02.36.03:415][  0]LogInit: Texture streaming: Enabled
[2019.02.04-02.36.03:622][  0]LogEngineSessionManager: EngineSessionManager initialized
[2019.02.04-02.36.03:885][  0]LogInit: Transaction tracking system initialized
[2019.02.04-02.36.04:543][  0]BlueprintLog: New page: Editor Load
[2019.02.04-02.36.06:370][  0]LocalizationService: Localization service is disabled
[2019.02.04-02.36.11:561][  0]LogCook: Display: Max memory allowance for cook 16384mb min free memory 0mb
[2019.02.04-02.36.11:577][  0]LogCook: Display: Mobile HDR setting 0
[2019.02.04-02.36.11:632][  0]LogGameplayTags: Display: UGameplayTagsManager::DoneAddingNativeTags. DelegateIsBound: 0
[2019.02.04-02.36.11:726][  0]LogStats: UGameplayTagsManager::ConstructGameplayTagTree: ImportINI prefixes -  0.000 s
[2019.02.04-02.36.11:726][  0]LogStats: UGameplayTagsManager::ConstructGameplayTagTree: Construct from data asset -  0.000 s
[2019.02.04-02.36.11:727][  0]LogStats: UGameplayTagsManager::ConstructGameplayTagTree: ImportINI -  0.000 s
[2019.02.04-02.36.11:727][  0]LogStats: UGameplayTagsManager::ConstructGameplayTagTree: GameplayTagTreeChangedEvent.Broadcast -  0.000 s
[2019.02.04-02.36.12:989][  0]LogFileCache: Scanning file cache for directory 'D:/Playclaw5/Unreal/Github/ParallelNoteV2/Content/' took 0.74s
[2019.02.04-02.36.14:086][  0]SourceControl: Source control is disabled
[2019.02.04-02.36.14:114][  0]Cmd: MAP LOAD FILE="../../../../../Playclaw5/Unreal/Github/ParallelNoteV2/Content/ThirdPersonBP/Maps/ThirdPersonExampleMap.umap" TEMPLATE=0 SHOWPROGRESS=1 FEATURELEVEL=3
[2019.02.04-02.36.14:140][  0]LightingResults: New page: Lighting Build
[2019.02.04-02.36.14:425][  0]MapCheck: New page: Map Check
[2019.02.04-02.36.14:425][  0]LightingResults: New page: Lighting Build
[2019.02.04-02.36.28:515][  0]LogMaterial: Display: Missing cached shader map for material Material__8, compiling. 
[2019.02.04-02.36.28:535][  0]LogMaterial: Warning: D:\Playclaw5\Unreal\Github\ParallelNoteV2\Content\MAX3Dmodle\Charater\NewFolder\Material__8.uasset: Failed to compile Material for platform PCD3D_SM5, Default Material will be used in game.
[2019.02.04-02.36.28:535][  0]LogMaterial: 	(Node TextureSample) TextureSample> Sampler type is Color, should be Linear Color for /Game/MAX3Dmodle/Charater/NewFolder/M1.M1
[2019.02.04-02.36.28:535][  0]LogMaterial: 	(Node TextureSample) TextureSample> Sampler type is Color, should be Linear Color for /Game/MAX3Dmodle/Charater/NewFolder/M2.M2
[2019.02.04-02.36.28:537][  0]LogMaterial: Display: Missing cached shader map for material Material__7, compiling. 
[2019.02.04-02.36.28:537][  0]LogMaterial: Warning: D:\Playclaw5\Unreal\Github\ParallelNoteV2\Content\MAX3Dmodle\Charater\NewFolder\Material__7.uasset: Failed to compile Material for platform PCD3D_SM5, Default Material will be used in game.
[2019.02.04-02.36.28:537][  0]LogMaterial: 	(Node TextureSample) TextureSample> Sampler type is Color, should be Linear Color for /Game/MAX3Dmodle/Charater/NewFolder/A1.A1
[2019.02.04-02.36.28:537][  0]LogMaterial: 	(Node TextureSample) TextureSample> Sampler type is Color, should be Linear Color for /Game/MAX3Dmodle/Charater/NewFolder/A2.A2
[2019.02.04-02.36.28:626][  0]LogAIModule: Creating AISystem for world ThirdPersonExampleMap
[2019.02.04-02.36.30:432][  0]LogEditorServer: Finished looking for orphan Actors (0.007 secs)
[2019.02.04-02.36.30:767][  0]Cmd: MAP CHECKDEP NOCLEARLOG
[2019.02.04-02.36.30:894][  0]MapCheck: Map check complete: 0 Error(s), 0 Warning(s), took 126,229ms to complete.
[2019.02.04-02.36.30:896][  0]LogFileHelpers: Loading map 'ThirdPersonExampleMap' took 16.797
[2019.02.04-02.36.33:114][  0]LogSlate: Updating window title bar state: overlay mode, drag disabled, window buttons hidden, title bar hidden
[2019.02.04-02.36.33:138][  0]LogSlate: Updating window title bar state: overlay mode, drag disabled, window buttons hidden, title bar hidden
[2019.02.04-02.36.33:145][  0]LogSlate: Updating window title bar state: overlay mode, drag disabled, window buttons hidden, title bar hidden
[2019.02.04-02.36.33:152][  0]LogSlate: Updating window title bar state: overlay mode, drag disabled, window buttons hidden, title bar hidden
[2019.02.04-02.36.33:258][  0]LogCollectionManager: Loaded 0 collections in 0.001080 seconds
[2019.02.04-02.36.33:404][  0]LogFileCache: Scanning file cache for directory 'D:/Playclaw5/Unreal/Github/ParallelNoteV2/Saved/Collections/' took 0.01s
[2019.02.04-02.36.33:404][  0]LogFileCache: Scanning file cache for directory 'D:/Playclaw5/Unreal/Github/ParallelNoteV2/Content/Developers/MAXGAME/Collections/' took 0.01s
[2019.02.04-02.36.33:404][  0]LogFileCache: Scanning file cache for directory 'D:/Playclaw5/Unreal/Github/ParallelNoteV2/Content/Collections/' took 0.01s
[2019.02.04-02.36.33:404][  0]LogCollectionManager: Rebuilt the GUID cache for 0 collections in 0.000000 seconds
[2019.02.04-02.36.33:415][  0]LogContentBrowser: Native class hierarchy populated in 0.0094 seconds. Added 2572 classes and 603 folders.
[2019.02.04-02.36.33:583][  0]LogContentBrowser: Native class hierarchy updated for 'WidgetCarousel' in 0.0004 seconds. Added 0 classes and 0 folders.
[2019.02.04-02.36.34:871][  0]LogContentBrowser: Native class hierarchy updated for 'AddContentDialog' in 0.0002 seconds. Added 0 classes and 0 folders.
[2019.02.04-02.36.34:914][  0]LogContentBrowser: Native class hierarchy updated for 'SceneOutliner' in 0.0003 seconds. Added 1 classes and 2 folders.
[2019.02.04-02.36.36:072][  0]LogContentBrowser: Native class hierarchy updated for 'WorldBrowser' in 0.0003 seconds. Added 2 classes and 3 folders.
[2019.02.04-02.36.36:442][  0]LogSlate: Took 0.015520 seconds to synchronously load lazily loaded font '../../../Engine/Content/Slate/Fonts/Roboto-Regular.ttf' (155K)
[2019.02.04-02.36.36:495][  0]LogSlate: Took 0.017654 seconds to synchronously load lazily loaded font '../../../Engine/Content/Slate/Fonts/Roboto-Bold.ttf' (160K)
[2019.02.04-02.36.36:563][  0]LogSlate: Took 0.019026 seconds to synchronously load lazily loaded font '../../../Engine/Content/Editor/Slate/Fonts/FontAwesome.ttf' (139K)
[2019.02.04-02.36.37:637][  0]LogRenderer: Reallocating scene render targets to support 1060x644 Format 10 NumSamples 1 (Frame:1).
[2019.02.04-02.36.37:957][  0]LogStaticMesh: Allocated 512x174x64 distance field atlas = 10.9Mb, with 47 objects containing 6.0Mb backing data
[2019.02.04-02.36.38:934][  0]LogContentBrowser: Native class hierarchy updated for 'HierarchicalLODOutliner' in 0.0003 seconds. Added 0 classes and 0 folders.
[2019.02.04-02.36.38:934][  0]LogLoad: (Engine Initialization) Total time: 100.57 seconds
[2019.02.04-02.36.38:935][  0]LogLoad: (Engine Initialization) Total Blueprint compile time: 0.00 seconds
[2019.02.04-02.36.39:735][  0]LogContentStreaming: Texture pool size now 1000 MB
[2019.02.04-02.36.40:471][  1]LogSlate: Took 0.022113 seconds to synchronously load lazily loaded font '../../../Engine/Content/Slate/Fonts/Roboto-Light.ttf' (167K)
[2019.02.04-02.36.40:818][  4]LogAssetRegistry: Asset discovery search completed in 68.7371 seconds
[2019.02.04-02.36.40:846][  4]LogCollectionManager: Rebuilt the object cache for 0 collections in 0.000001 seconds (found 0 objects)
[2019.02.04-02.36.40:846][  4]LogCollectionManager: Fixed up redirectors for 0 collections in 0.011322 seconds (updated 0 objects)
[2019.02.04-02.37.11:943][610]LogSlate: FSceneViewport::OnFocusLost() reason 0
[2019.02.04-02.37.31:154][ 21]LogSlate: Took 0.000254 seconds to synchronously load lazily loaded font '../../../Engine/Content/Slate/Fonts/Roboto-Light.ttf' (167K)
[2019.02.04-02.37.31:253][ 21]LogFactory: FactoryCreateFile: StaticMesh with FbxFactory (0 0 ../../../../../Playclaw5/Unreal/Ny mappe/Game map/charater/Item/Waterbridge.FBX)
[2019.02.04-02.37.31:448][ 21]LogFbx: Loading FBX Scene from ../../../../../Playclaw5/Unreal/Ny mappe/Game map/charater/Item/Waterbridge.FBX
[2019.02.04-02.37.31:463][ 21]LogFbx: FBX Scene Loaded Succesfully
[2019.02.04-02.37.35:459][ 21]LogSlate: Window 'FBX Import Options' being destroyed
[2019.02.04-02.37.35:765][ 21]LogStaticMesh: Building static mesh Waterbridge...
[2019.02.04-02.37.35:814][ 21]LogStaticMesh: Built static mesh [0.05s] /Game/MAX3Dmodle/Modle/Waterbridge.Waterbridge
[2019.02.04-02.37.36:175][ 21]FBXImport: Warning: No smoothing group information was found in this FBX scene.  Please make sure to enable the 'Export Smoothing Groups' option in the FBX Exporter plug-in before exporting the file.  Even for tools that don't support smoothing groups, the FBX Exporter will generate appropriate smoothing data at export-time so that correct vertex normals can be inferred while importing. 
[2019.02.04-02.37.37:716][ 21]LogMeshUtilities: Finished distance field build in 1.9s - 26x25x30 distance field, 956 triangles, Range [-0.1, 1.0], Waterbridge
[2019.02.04-02.37.37:716][ 21]LogStaticMesh: Display: Main thread blocked for 1.368s for async distance field build of Waterbridge to complete!  This can happen if the mesh is rebuilt excessively.
[2019.02.04-02.37.40:664][331]LogSlate: Window 'Message Log' being destroyed
[2019.02.04-02.37.40:668][331]LogSlate: Window 'Message Log' being destroyed
[2019.02.04-02.37.40:929][331]LogEditorViewport: Clicking on Actor (LMB): BP_Sky_Sphere_C (SkySphereBlueprint)
[2019.02.04-02.37.43:799][334]LogEditorViewport: Clicking on Actor (context menu): BP_Sky_Sphere_C (SkySphereBlueprint)
[2019.02.04-02.37.44:385][334]LogSlate: FSceneViewport::OnFocusLost() reason 2
[2019.02.04-02.37.55:042][547]LogSlate: FSceneViewport::OnFocusLost() reason 0
[2019.02.04-02.37.55:327][562]LogActorFactory: Actor Factory created Waterbridge
[2019.02.04-02.37.57:031][742]LogActorFactory: Actor Factory created Waterbridge
[2019.02.04-02.38.00:931][114]LogSlate: FSceneViewport::OnFocusLost() reason 0
[2019.02.04-02.38.21:917][569]LogSlate: FSceneViewport::OnFocusLost() reason 0
[2019.02.04-02.38.37:549][173]LogEditorViewport: Clicking on Actor (LMB): StaticMeshActor (Waterbridge)
[2019.02.04-02.38.37:574][173]LogEditorViewport: Clicking on Component (LMB): StaticMeshComponent (StaticMeshComponent0)
[2019.02.04-02.39.03:263][ 16]LogSlate: FSceneViewport::OnFocusLost() reason 0
[2019.02.04-02.39.15:857][449]LogSlate: FSceneViewport::OnFocusLost() reason 0
[2019.02.04-02.39.30:519][116]LogSlate: FSceneViewport::OnFocusLost() reason 0
[2019.02.04-02.39.51:078][437]LogEditorViewport: Clicking on Component (LMB): StaticMeshComponent (StaticMeshComponent0)
[2019.02.04-02.39.56:478][ 29]LogEditorViewport: Clicking on Component (LMB): StaticMeshComponent (StaticMeshComponent0)
[2019.02.04-02.39.57:465][145]Cmd: EDIT COPY
[2019.02.04-02.40.01:181][553]Cmd: EDIT PASTE
[2019.02.04-02.40.04:190][901]Cmd: TRANSACTION UNDO
[2019.02.04-02.40.04:190][901]LogEditorTransaction: Undo Paste Components
[2019.02.04-02.40.09:127][433]LogEditorViewport: Clicking on Actor (LMB): Landscape (Landscape)
[2019.02.04-02.40.09:857][497]LogEditorViewport: Clicking on Actor (LMB): StaticMeshActor (Waterbridge)
[2019.02.04-02.40.49:038][994]LogEditorViewport: Clicking on Actor (LMB): Landscape (Landscape)
[2019.02.04-02.40.49:750][ 72]LogEditorViewport: Clicking on Actor (LMB): StaticMeshActor (Waterbridge2)
[2019.02.04-02.40.52:204][294]LogSlate: FSceneViewport::OnFocusLost() reason 0
[2019.02.04-02.41.04:864][345]Cmd: TRANSACTION UNDO
[2019.02.04-02.41.04:864][345]LogEditorTransaction: Undo Set Rotation
[2019.02.04-02.42.51:068][531]LogSlate: Took 0.033847 seconds to synchronously load lazily loaded font '../../../Engine/Content/Slate/Fonts/Roboto-Italic.ttf' (157K)
[2019.02.04-02.42.51:073][531]LogWindowsTextInputMethodSystem: Display: IME system now deactivated.
[2019.02.04-02.42.51:073][531]LogWindowsTextInputMethodSystem: Display: IME system now deactivated.
[2019.02.04-02.43.12:304][ 28]LogEditorViewport: Clicking on Actor (LMB): StaticMeshActor (Huse)
[2019.02.04-02.43.15:742][419]LogEditorViewport: Clicking on Actor (LMB): StaticMeshActor (Huse)
[2019.02.04-02.43.29:449][903]LogSlate: FSceneViewport::OnFocusLost() reason 0
[2019.02.04-02.43.41:566][301]LogSlate: FSceneViewport::OnFocusLost() reason 0
[2019.02.04-02.43.59:318][361]LogEditorViewport: Clicking on Actor (LMB): StaticMeshActor (SM_Tree6)
[2019.02.04-02.43.59:346][361]LogEditorViewport: Clicking on Component (LMB): StaticMeshComponent (StaticMeshComponent0)
[2019.02.04-02.44.00:605][495]LogEditorViewport: Clicking on Actor (LMB): Landscape (Landscape)
[2019.02.04-02.44.00:625][495]LogEditorViewport: Clicking on Actor (double click): Landscape (Landscape)
[2019.02.04-02.44.01:534][601]LogEditorViewport: Clicking on Actor (LMB): StaticMeshActor (SM_Tree6)
[2019.02.04-02.44.05:219][ 34]LogEditorViewport: Clicking on Actor (LMB): StaticMeshActor (SM_Tree6)
[2019.02.04-02.44.05:234][ 34]LogEditorViewport: Clicking on Component (LMB): StaticMeshComponent (StaticMeshComponent0)
[2019.02.04-02.44.16:142][313]LogEditorViewport: Clicking on Actor (LMB): StaticMeshActor (Huse_01)
[2019.02.04-02.44.18:077][519]LogEditorViewport: Clicking on Actor (LMB): StaticMeshActor (Huse)
[2019.02.04-02.44.43:185][410]LogSlate: FSceneViewport::OnFocusLost() reason 0
[2019.02.04-02.44.49:713][136]LogSlate: FSceneViewport::OnFocusLost() reason 0
[2019.02.04-02.45.05:010][860]LogEditorViewport: Clicking on Actor (LMB): StaticMeshActor (Huse3)
[2019.02.04-02.45.05:044][861]LogEditorViewport: Clicking on Component (LMB): StaticMeshComponent (StaticMeshComponent0)
[2019.02.04-02.45.19:242][517]LogEditorViewport: Clicking on Actor (LMB): StaticMeshActor (Waterbridge3)
[2019.02.04-02.45.20:150][620]LogEditorViewport: Clicking on Actor (CTRL LMB): StaticMeshActor (Waterbridge2)
[2019.02.04-02.45.42:731][207]LogEditorViewport: Clicking on Actor (LMB): StaticMeshActor (Waterbridge5)
[2019.02.04-02.45.45:137][451]LogSlate: FSceneViewport::OnFocusLost() reason 0
[2019.02.04-02.45.53:460][374]LogSlate: FSceneViewport::OnFocusLost() reason 0
[2019.02.04-02.46.33:558][620]LogSlate: FSceneViewport::OnFocusLost() reason 0
[2019.02.04-02.47.02:053][415]LogSlate: FSceneViewport::OnFocusLost() reason 0
[2019.02.04-02.47.13:747][781]LogEditorViewport: Clicking on Actor (LMB): StaticMeshActor (Waterbridge6)
[2019.02.04-02.47.15:847][978]LogSlate: FSceneViewport::OnFocusLost() reason 0
[2019.02.04-02.47.25:036][942]LogEditorViewport: Clicking on Actor (LMB): Landscape (Landscape)
[2019.02.04-02.47.29:786][474]LogEditorViewport: Clicking on Actor (LMB): StaticMeshActor (Huse3)
[2019.02.04-02.49.06:727][ 60]LogSavePackage: Moving '../../../../../Playclaw5/Unreal/Github/ParallelNoteV2/Saved/ThirdPersonExampleMap_Auto1EB960E1D4DC30A22936A10A6CFEC0DF9.tmp' to '../../../../../Playclaw5/Unreal/Github/ParallelNoteV2/Saved/Autosaves/Game/ThirdPersonBP/Maps/ThirdPersonExampleMap_Auto1.umap'
[2019.02.04-02.49.06:768][ 60]LogFileHelpers: Editor autosave (incl. sublevels) for '/Game/ThirdPersonBP/Maps/ThirdPersonExampleMap' took 1.617
[2019.02.04-02.49.06:768][ 60]LogFileHelpers: Editor autosave (incl. sublevels) for all levels took 1.617
[2019.02.04-02.49.06:772][ 60]OBJ SavePackage: Generating thumbnails for [1] asset(s) in package [/Game/MAX3Dmodle/Modle/Waterbridge] ([1] browsable assets)...
[2019.02.04-02.49.06:821][ 60]OBJ SavePackage:     Rendered thumbnail for [StaticMesh /Game/MAX3Dmodle/Modle/Waterbridge.Waterbridge]
[2019.02.04-02.49.06:821][ 60]OBJ SavePackage: Finished generating thumbnails for package [/Game/MAX3Dmodle/Modle/Waterbridge]
[2019.02.04-02.49.06:856][ 60]LogSavePackage: Moving '../../../../../Playclaw5/Unreal/Github/ParallelNoteV2/Saved/Waterbridge_Auto146660C15459880196B8B9BB4D5CEBF90.tmp' to '../../../../../Playclaw5/Unreal/Github/ParallelNoteV2/Saved/Autosaves/Game/MAX3Dmodle/Modle/Waterbridge_Auto1.uasset'
[2019.02.04-02.49.06:858][ 60]LogFileHelpers: Auto-saving content packages took 0.088
[2019.02.04-02.52.22:011][814]LogSlate: FSceneViewport::OnFocusLost() reason 0
[2019.02.04-02.52.49:103][821]LogSlate: FSceneViewport::OnFocusLost() reason 2
[2019.02.04-02.52.49:109][821]LogFactory: FactoryCreateFile: StaticMesh with FbxFactory (0 0 ../../../../../Playclaw5/Unreal/Ny mappe/Game map/charater/Item/OldBoat.obj)
[2019.02.04-02.52.49:159][821]LogFbx: Loading FBX Scene from ../../../../../Playclaw5/Unreal/Ny mappe/Game map/charater/Item/OldBoat.obj
[2019.02.04-02.52.49:215][821]LogFbx: FBX Scene Loaded Succesfully
[2019.02.04-02.52.50:476][821]LogSlate: Window 'FBX Import Options' being destroyed
[2019.02.04-02.52.50:827][821]LogLinker: Can't find file '/Game/MAX3Dmodle/Modle/boattex'
[2019.02.04-02.52.50:828][821]LogLinker: Can't find file '/Game/MAX3Dmodle/Modle/boattex'
[2019.02.04-02.52.50:828][821]LogFbxMaterialImport: Warning: Unable to find Texture file D:\Blender Foundation\Models\barca\boat_009.blend\boattex.jpg
[2019.02.04-02.52.50:831][821]LogMaterial: Display: Missing cached shader map for material BoatMat_boattex_jpg, compiling. 
[2019.02.04-02.52.51:034][821]LogShaderCompilers: Display: Shaders left to compile 22
[2019.02.04-02.52.51:034][821]LogShaderCompilers: Display: Shaders left to compile 12
[2019.02.04-02.52.51:034][821]LogShaderCompilers: Display: Shaders left to compile 2
[2019.02.04-02.52.51:156][821]LogFbxMaterialImport: Warning: Unable to find Texture file D:\Blender Foundation\Models\barca\boat_009.blend\boattex.jpg
[2019.02.04-02.52.51:158][821]LogMaterial: Display: Missing cached shader map for material OarMat_boattex_jpg, compiling. 
[2019.02.04-02.52.51:197][821]LogStaticMesh: Building static mesh OldBoat...
[2019.02.04-02.52.51:220][821]LogStaticMesh: Built static mesh [0.02s] /Game/MAX3Dmodle/Modle/OldBoat.OldBoat
[2019.02.04-02.52.51:350][821]LogMeshUtilities: Finished distance field build in 0.0s - 8x8x8 distance field, 698 triangles, Range [-0.0, 0.5], OldBoat
[2019.02.04-02.52.53:638][  4]LogShaderCompilers: Display: Shaders left to compile 22
[2019.02.04-02.52.56:838][368]LogShaderCompilers: Display: Shaders left to compile 12
[2019.02.04-02.52.57:420][412]LogShaderCompilers: Display: Shaders left to compile 2
[2019.02.04-02.52.57:731][433]LogSlate: FSceneViewport::OnFocusLost() reason 0
[2019.02.04-02.52.57:903][449]LogActorFactory: Actor Factory created OldBoat
[2019.02.04-02.52.58:728][525]LogActorFactory: Actor Factory created OldBoat
[2019.02.04-02.53.02:673][931]LogSlate: FSceneViewport::OnFocusLost() reason 0
[2019.02.04-02.53.15:774][ 23]LogSlate: FSceneViewport::OnFocusLost() reason 0
[2019.02.04-02.53.53:636][152]LogSlate: FSceneViewport::OnFocusLost() reason 0
[2019.02.04-02.54.09:840][984]LogSlate: FSceneViewport::OnFocusLost() reason 0
[2019.02.04-02.54.19:646][802]LogEditorViewport: Clicking on Actor (LMB): StaticMeshActor (OldBoat)
[2019.02.04-02.54.24:646][291]LogSlate: FSceneViewport::OnFocusLost() reason 0
[2019.02.04-02.54.32:295][940]LogEditorViewport: Clicking on Actor (LMB): StaticMeshActor (OldBoat2)
[2019.02.04-02.55.08:854][800]LogEditorViewport: Clicking on Actor (LMB): StaticMeshActor (OldBoat)
[2019.02.04-02.55.28:709][997]LogSlate: FSceneViewport::OnFocusLost() reason 0
[2019.02.04-02.56.03:758][993]LogEditorViewport: Clicking on Actor (LMB): StaticMeshActor (OldBoat2)
[2019.02.04-02.56.04:537][ 54]LogEditorViewport: Clicking on Actor (LMB): StaticMeshActor (OldBoat)
[2019.02.04-02.56.08:510][405]LogEditorViewport: Clicking on Actor (LMB): StaticMeshActor (OldBoat2)
[2019.02.04-02.56.08:533][405]LogEditorViewport: Clicking on Component (LMB): StaticMeshComponent (StaticMeshComponent0)
[2019.02.04-02.56.17:806][396]LogEditorViewport: Clicking on Actor (LMB): BP_CartoonWater_Ocean_C (BP_CartoonWater_Ocean4)
[2019.02.04-02.56.18:219][439]LogEditorViewport: Clicking on Actor (LMB): BP_CartoonWater_Ocean_C (BP_CartoonWater_Ocean4)
[2019.02.04-02.56.18:539][475]LogEditorViewport: Clicking on Actor (LMB): StaticMeshActor (OldBoat2)
[2019.02.04-02.56.21:238][722]LogSlate: FSceneViewport::OnFocusLost() reason 0
[2019.02.04-02.57.00:291][355]LogSlate: FSceneViewport::OnFocusLost() reason 0
[2019.02.04-02.57.00:901][364]LogSavePackage: Moving '../../../../../Playclaw5/Unreal/Github/ParallelNoteV2/Saved/ThirdPersonExampleMapAF09CAE042F848BAE45058B7AD87972D.tmp' to '../../../../../Playclaw5/Unreal/Github/ParallelNoteV2/Content/ThirdPersonBP/Maps/ThirdPersonExampleMap.umap'
[2019.02.04-02.57.01:201][364]LogSavePackage: Moving '../../../../../Playclaw5/Unreal/Github/ParallelNoteV2/Saved/ThirdPersonExampleMap_BuiltData82A4F72C427ADBEF15AB67821466DAC4.tmp' to '../../../../../Playclaw5/Unreal/Github/ParallelNoteV2/Content/ThirdPersonBP/Maps/ThirdPersonExampleMap_BuiltData.uasset'
[2019.02.04-02.57.03:690][660]LogSlate: FSceneViewport::OnFocusLost() reason 0
[2019.02.04-02.57.05:344][674]LogSlate: Window 'Save Content' being destroyed
[2019.02.04-02.57.05:360][674]LogSlate: FSceneViewport::OnFocusLost() reason 2
[2019.02.04-02.57.05:378][674]Cmd: OBJ SAVEPACKAGE PACKAGE="/Game/MAX3Dmodle/Modle/BoatMat_boattex_jpg" FILE="../../../../../Playclaw5/Unreal/Github/ParallelNoteV2/Content/MAX3Dmodle/Modle/BoatMat_boattex_jpg.uasset" SILENT=true
[2019.02.04-02.57.05:416][674]LogSavePackage: Moving '../../../../../Playclaw5/Unreal/Github/ParallelNoteV2/Saved/BoatMat_boattex_jpg24A570C54E72230C5BB31C807C2363A4.tmp' to '../../../../../Playclaw5/Unreal/Github/ParallelNoteV2/Content/MAX3Dmodle/Modle/BoatMat_boattex_jpg.uasset'
[2019.02.04-02.57.05:434][674]Cmd: OBJ SAVEPACKAGE PACKAGE="/Game/MAX3Dmodle/Modle/OarMat_boattex_jpg" FILE="../../../../../Playclaw5/Unreal/Github/ParallelNoteV2/Content/MAX3Dmodle/Modle/OarMat_boattex_jpg.uasset" SILENT=true
[2019.02.04-02.57.05:451][674]LogSavePackage: Moving '../../../../../Playclaw5/Unreal/Github/ParallelNoteV2/Saved/OarMat_boattex_jpgFB321C3047550CA6288D779E8FB224F7.tmp' to '../../../../../Playclaw5/Unreal/Github/ParallelNoteV2/Content/MAX3Dmodle/Modle/OarMat_boattex_jpg.uasset'
[2019.02.04-02.57.05:469][674]Cmd: OBJ SAVEPACKAGE PACKAGE="/Game/MAX3Dmodle/Modle/OldBoat" FILE="../../../../../Playclaw5/Unreal/Github/ParallelNoteV2/Content/MAX3Dmodle/Modle/OldBoat.uasset" SILENT=true
[2019.02.04-02.57.05:511][674]LogSavePackage: Moving '../../../../../Playclaw5/Unreal/Github/ParallelNoteV2/Saved/OldBoat378EC432434013522D8167BD01AF3B12.tmp' to '../../../../../Playclaw5/Unreal/Github/ParallelNoteV2/Content/MAX3Dmodle/Modle/OldBoat.uasset'
[2019.02.04-02.57.05:517][674]Cmd: OBJ SAVEPACKAGE PACKAGE="/Game/MAX3Dmodle/Modle/Waterbridge" FILE="../../../../../Playclaw5/Unreal/Github/ParallelNoteV2/Content/MAX3Dmodle/Modle/Waterbridge.uasset" SILENT=true
[2019.02.04-02.57.05:527][674]LogSavePackage: Moving '../../../../../Playclaw5/Unreal/Github/ParallelNoteV2/Saved/Waterbridge266D9EEC4EF790B02F58AC9266BDC8DF.tmp' to '../../../../../Playclaw5/Unreal/Github/ParallelNoteV2/Content/MAX3Dmodle/Modle/Waterbridge.uasset'
[2019.02.04-02.57.05:713][674]LogSlate: Window 'ParallelNoteV2 - Unreal Editor' being destroyed
[2019.02.04-02.57.05:714][674]LogWindowsTextInputMethodSystem: Display: IME system now deactivated.
[2019.02.04-02.57.06:387][675]Cmd: QUIT_EDITOR
[2019.02.04-02.57.06:775][675]LogExit: Preparing to exit.
[2019.02.04-02.57.07:727][675]LogExit: Editor shut down
[2019.02.04-02.57.07:727][675]LogExit: Transaction tracking system shut down
[2019.02.04-02.57.10:527][675]LogExit: Object subsystem successfully closed.
[2019.02.04-02.57.10:754][675]LogShaderCompilers: Display: Shaders left to compile 0
[2019.02.04-02.57.10:784][675]LogD3D11RHI: Shutdown
[2019.02.04-02.57.10:784][675]LogD3D11RHI: CleanupD3DDevice
[2019.02.04-02.57.10:856][675]LogD3D11RHI: ~FD3D11DynamicRHI
[2019.02.04-02.57.13:561][675]LogModuleManager: Shutting down and abandoning module MeshBuilder (614)
[2019.02.04-02.57.13:561][675]LogModuleManager: Shutting down and abandoning module HierarchicalLODOutliner (612)
[2019.02.04-02.57.13:561][675]LogModuleManager: Shutting down and abandoning module WorldBrowser (610)
[2019.02.04-02.57.13:579][675]LogModuleManager: Shutting down and abandoning module SceneOutliner (608)
[2019.02.04-02.57.13:579][675]LogModuleManager: Shutting down and abandoning module AddContentDialog (606)
[2019.02.04-02.57.13:591][675]LogModuleManager: Shutting down and abandoning module WidgetCarousel (605)
[2019.02.04-02.57.13:591][675]LogModuleManager: Shutting down and abandoning module EditorWidgets (602)
[2019.02.04-02.57.13:591][675]LogModuleManager: Shutting down and abandoning module CollectionManager (600)
[2019.02.04-02.57.13:605][675]LogModuleManager: Shutting down and abandoning module StatsViewer (598)
[2019.02.04-02.57.13:615][675]LogModuleManager: Shutting down and abandoning module FoliageEdit (596)
[2019.02.04-02.57.13:636][675]LogModuleManager: Shutting down and abandoning module LandscapeEditor (594)
[2019.02.04-02.57.13:724][675]LogModuleManager: Shutting down and abandoning module MeshPaintMode (592)
[2019.02.04-02.57.13:746][675]LogModuleManager: Shutting down and abandoning module SceneDepthPickerMode (590)
[2019.02.04-02.57.13:746][675]LogModuleManager: Shutting down and abandoning module ActorPickerMode (588)
[2019.02.04-02.57.13:746][675]LogModuleManager: Shutting down and abandoning module GeometryMode (586)
[2019.02.04-02.57.13:746][675]LogModuleManager: Shutting down and abandoning module TextureAlignMode (584)
[2019.02.04-02.57.13:746][675]LogModuleManager: Shutting down and abandoning module BspMode (582)
[2019.02.04-02.57.13:746][675]LogModuleManager: Shutting down and abandoning module PIEPreviewDeviceProfileSelector (580)
[2019.02.04-02.57.13:821][675]LogModuleManager: Shutting down and abandoning module SequenceRecorderSections (578)
[2019.02.04-02.57.13:828][675]LogModuleManager: Shutting down and abandoning module AutomationWorker (576)
[2019.02.04-02.57.13:830][675]LogModuleManager: Shutting down and abandoning module AudioCaptureEditor (574)
[2019.02.04-02.57.13:830][675]LogModuleManager: Shutting down and abandoning module SequenceRecorder (573)
[2019.02.04-02.57.13:844][675]LogModuleManager: Shutting down and abandoning module MatineeToLevelSequence (570)
[2019.02.04-02.57.13:845][675]LogModuleManager: Shutting down and abandoning module LevelSequenceEditor (568)
[2019.02.04-02.57.13:985][675]LogModuleManager: Shutting down and abandoning module PlacementMode (567)
[2019.02.04-02.57.13:985][675]LogModuleManager: Shutting down and abandoning module MaterialEditor (566)
[2019.02.04-02.57.14:054][675]LogModuleManager: Shutting down and abandoning module WmfMediaFactory (562)
[2019.02.04-02.57.14:054][675]LogModuleManager: Shutting down and abandoning module WmfMediaEditor (560)
[2019.02.04-02.57.14:054][675]LogModuleManager: Shutting down and abandoning module MediaPlayerEditor (558)
[2019.02.04-02.57.14:073][675]LogModuleManager: Shutting down and abandoning module OpenExrWrapper (556)
[2019.02.04-02.57.14:073][675]LogModuleManager: Shutting down and abandoning module ImgMediaFactory (554)
[2019.02.04-02.57.14:073][675]LogModuleManager: Shutting down and abandoning module ImgMediaEditor (552)
[2019.02.04-02.57.14:073][675]LogModuleManager: Shutting down and abandoning module AvfMediaFactory (550)
[2019.02.04-02.57.14:073][675]LogModuleManager: Shutting down and abandoning module AvfMediaEditor (548)
[2019.02.04-02.57.14:073][675]LogModuleManager: Shutting down and abandoning module AndroidMediaFactory (546)
[2019.02.04-02.57.14:073][675]LogModuleManager: Shutting down and abandoning module AndroidMediaEditor (544)
[2019.02.04-02.57.14:073][675]LogModuleManager: Shutting down and abandoning module MagicLeapCameraPreviewFactory (542)
[2019.02.04-02.57.14:074][675]LogModuleManager: Shutting down and abandoning module MagicLeapMediaFactory (540)
[2019.02.04-02.57.14:074][675]LogModuleManager: Shutting down and abandoning module MagicLeapMediaEditor (538)
[2019.02.04-02.57.14:074][675]LogModuleManager: Shutting down and abandoning module CharacterAI (536)
[2019.02.04-02.57.14:074][675]LogModuleManager: Shutting down and abandoning module SmartSnapping (534)
[2019.02.04-02.57.14:074][675]LogModuleManager: Shutting down and abandoning module SessionServices (532)
[2019.02.04-02.57.14:074][675]LogModuleManager: Shutting down and abandoning module ViewportSnapping (530)
[2019.02.04-02.57.14:074][675]LogModuleManager: Shutting down and abandoning module ViewportInteraction (528)
[2019.02.04-02.57.14:074][675]LogModuleManager: Shutting down and abandoning module ClothPainter (526)
[2019.02.04-02.57.14:096][675]LogModuleManager: Shutting down and abandoning module SkeletalMeshEditor (525)
[2019.02.04-02.57.14:114][675]LogModuleManager: Shutting down and abandoning module LogVisualizer (522)
[2019.02.04-02.57.14:132][675]LogModuleManager: Shutting down and abandoning module IntroTutorials (520)
[2019.02.04-02.57.14:169][675]LogModuleManager: Shutting down and abandoning module GameProjectGeneration (519)
[2019.02.04-02.57.14:201][675]LogModuleManager: Shutting down and abandoning module LuminPlatformEditor (516)
[2019.02.04-02.57.14:202][675]LogModuleManager: Shutting down and abandoning module IOSPlatformEditor (514)
[2019.02.04-02.57.14:216][675]LogModuleManager: Shutting down and abandoning module HTML5PlatformEditor (512)
[2019.02.04-02.57.14:216][675]LogModuleManager: Shutting down and abandoning module AndroidPlatformEditor (510)
[2019.02.04-02.57.14:216][675]LogModuleManager: Shutting down and abandoning module AndroidDeviceDetection (509)
[2019.02.04-02.57.14:466][675]LogModuleManager: Shutting down and abandoning module WindowsPlatformEditor (506)
[2019.02.04-02.57.14:466][675]LogModuleManager: Shutting down and abandoning module LuminRuntimeSettings (504)
[2019.02.04-02.57.14:466][675]LogModuleManager: Shutting down and abandoning module IOSRuntimeSettings (502)
[2019.02.04-02.57.14:466][675]LogModuleManager: Shutting down and abandoning module AndroidRuntimeSettings (500)
[2019.02.04-02.57.14:466][675]LogModuleManager: Shutting down and abandoning module InputBindingEditor (498)
[2019.02.04-02.57.14:486][675]LogModuleManager: Shutting down and abandoning module MergeActors (496)
[2019.02.04-02.57.14:491][675]LogModuleManager: Shutting down and abandoning module LocalizationDashboard (494)
[2019.02.04-02.57.14:529][675]LogModuleManager: Shutting down and abandoning module LocalizationService (493)
[2019.02.04-02.57.14:541][675]LogModuleManager: Shutting down and abandoning module HardwareTargeting (490)
[2019.02.04-02.57.14:541][675]LogModuleManager: Shutting down and abandoning module DeviceProfileEditor (488)
[2019.02.04-02.57.14:541][675]LogModuleManager: Shutting down and abandoning module UndoHistory (486)
[2019.02.04-02.57.14:548][675]LogModuleManager: Shutting down and abandoning module XmlParser (484)
[2019.02.04-02.57.14:548][675]LogModuleManager: Shutting down and abandoning module Blutility (482)
[2019.02.04-02.57.14:553][675]LogModuleManager: Shutting down and abandoning module ProjectSettingsViewer (480)
[2019.02.04-02.57.14:553][675]LogModuleManager: Shutting down and abandoning module ProjectTargetPlatformEditor (479)
[2019.02.04-02.57.14:553][675]LogModuleManager: Shutting down and abandoning module EditorSettingsViewer (476)
[2019.02.04-02.57.14:553][675]LogModuleManager: Shutting down and abandoning module SettingsEditor (474)
[2019.02.04-02.57.14:560][675]LogModuleManager: Shutting down and abandoning module ProjectLauncher (472)
[2019.02.04-02.57.14:580][675]LogModuleManager: Shutting down and abandoning module SessionFrontend (470)
[2019.02.04-02.57.14:589][675]LogModuleManager: Shutting down and abandoning module ProfilerClient (468)
[2019.02.04-02.57.14:601][675]LogModuleManager: Shutting down and abandoning module DeviceManager (466)
[2019.02.04-02.57.14:617][675]LogModuleManager: Shutting down and abandoning module TargetDeviceServices (465)
[2019.02.04-02.57.14:671][675]LogModuleManager: Shutting down and abandoning module AutomationController (462)
[2019.02.04-02.57.14:706][675]LogModuleManager: Shutting down and abandoning module AutomationWindow (460)
[2019.02.04-02.57.14:718][675]LogModuleManager: Shutting down and abandoning module Layers (458)
[2019.02.04-02.57.14:719][675]LogModuleManager: Shutting down and abandoning module ComponentVisualizers (456)
[2019.02.04-02.57.14:719][675]LogModuleManager: Shutting down and abandoning module DetailCustomizations (454)
[2019.02.04-02.57.14:719][675]LogModuleManager: Shutting down and abandoning module PackagesDialog (452)
[2019.02.04-02.57.14:719][675]LogModuleManager: Shutting down and abandoning module Persona (450)
[2019.02.04-02.57.14:747][675]LogModuleManager: Shutting down and abandoning module AdvancedPreviewScene (449)
[2019.02.04-02.57.14:747][675]LogModuleManager: Shutting down and abandoning module AnimGraph (447)
[2019.02.04-02.57.14:752][675]LogModuleManager: Shutting down and abandoning module Kismet (444)
[2019.02.04-02.57.14:806][675]LogModuleManager: Shutting down and abandoning module GraphEditor (442)
[2019.02.04-02.57.14:859][675]LogModuleManager: Shutting down and abandoning module ClassViewer (440)
[2019.02.04-02.57.14:859][675]LogModuleManager: Shutting down and abandoning module Toolbox (438)
[2019.02.04-02.57.14:859][675]LogModuleManager: Shutting down and abandoning module ModuleUI (436)
[2019.02.04-02.57.14:872][675]LogModuleManager: Shutting down and abandoning module MovieSceneTools (434)
[2019.02.04-02.57.14:912][675]LogModuleManager: Shutting down and abandoning module OutputLog (432)
[2019.02.04-02.57.14:912][675]LogModuleManager: Shutting down and abandoning module GammaUI (430)
[2019.02.04-02.57.14:939][675]LogModuleManager: Shutting down and abandoning module Documentation (428)
[2019.02.04-02.57.14:939][675]LogModuleManager: Shutting down and abandoning module MovieSceneTracks (426)
[2019.02.04-02.57.14:939][675]LogModuleManager: Shutting down and abandoning module MovieScene (424)
[2019.02.04-02.57.14:954][675]LogModuleManager: Shutting down and abandoning module StreamingPauseRendering (422)
[2019.02.04-02.57.14:970][675]LogModuleManager: Shutting down and abandoning module LauncherPlatform (420)
[2019.02.04-02.57.14:970][675]LogModuleManager: Shutting down and abandoning module AnalyticsET (418)
[2019.02.04-02.57.14:970][675]LogModuleManager: Shutting down and abandoning module PortalServices (416)
[2019.02.04-02.57.14:970][675]LogModuleManager: Shutting down and abandoning module PortalRpc (414)
[2019.02.04-02.57.14:970][675]LogModuleManager: Shutting down and abandoning module MessagingRpc (412)
[2019.02.04-02.57.14:970][675]LogModuleManager: Shutting down and abandoning module AIModule (410)
[2019.02.04-02.57.14:980][675]LogModuleManager: Shutting down and abandoning module GameplayDebugger (409)
[2019.02.04-02.57.14:995][675]LogModuleManager: Shutting down and abandoning module AITestSuite (407)
[2019.02.04-02.57.14:996][675]LogModuleManager: Shutting down and abandoning module NavigationSystem (405)
[2019.02.04-02.57.14:996][675]LogModuleManager: Shutting down and abandoning module DesktopPlatform (402)
[2019.02.04-02.57.14:996][675]LogModuleManager: Shutting down and abandoning module ProfilerService (400)
[2019.02.04-02.57.15:041][675]LogModuleManager: Shutting down and abandoning module TaskGraph (398)
[2019.02.04-02.57.15:316][675]LogModuleManager: Shutting down and abandoning module SteamVRController (396)
[2019.02.04-02.57.15:316][675]LogModuleManager: Shutting down and abandoning module ProceduralMeshComponentEditor (394)
[2019.02.04-02.57.15:316][675]LogModuleManager: Shutting down and abandoning module ProceduralMeshComponent (392)
[2019.02.04-02.57.15:323][675]LogModuleManager: Shutting down and abandoning module OculusInput (390)
[2019.02.04-02.57.15:323][675]LogModuleManager: Shutting down and abandoning module MobilePatchingUtils (388)
[2019.02.04-02.57.15:323][675]LogModuleManager: Shutting down and abandoning module EditableMesh (386)
[2019.02.04-02.57.15:323][675]LogModuleManager: Shutting down and abandoning module CustomMeshComponent (384)
[2019.02.04-02.57.15:323][675]LogModuleManager: Shutting down and abandoning module CableComponent (382)
[2019.02.04-02.57.15:323][675]LogModuleManager: Shutting down and abandoning module AudioCapture (380)
[2019.02.04-02.57.15:323][675]LogModuleManager: Shutting down and abandoning module ArchVisCharacter (378)
[2019.02.04-02.57.15:323][675]LogModuleManager: Shutting down and abandoning module AndroidPermission (376)
[2019.02.04-02.57.15:323][675]LogModuleManager: Shutting down and abandoning module NUTUnrealEngine4 (374)
[2019.02.04-02.57.15:323][675]LogModuleManager: Shutting down and abandoning module NetcodeUnitTest (372)
[2019.02.04-02.57.15:353][675]LogModuleManager: Shutting down and abandoning module MediaCompositingEditor (370)
[2019.02.04-02.57.15:353][675]LogModuleManager: Shutting down and abandoning module MediaCompositing (368)
[2019.02.04-02.57.15:353][675]LogModuleManager: Shutting down and abandoning module LinearTimecode (366)
[2019.02.04-02.57.15:353][675]LogModuleManager: Shutting down and abandoning module ImgMedia (364)
[2019.02.04-02.57.15:370][675]LogModuleManager: Shutting down and abandoning module HTML5Networking (362)
[2019.02.04-02.57.15:370][675]LogModuleManager: Shutting down and abandoning module GeometryCacheTracks (360)
[2019.02.04-02.57.15:370][675]LogModuleManager: Shutting down and abandoning module GeometryCacheSequencer (358)
[2019.02.04-02.57.15:370][675]LogModuleManager: Shutting down and abandoning module BackChannel (356)
[2019.02.04-02.57.15:399][675]LogModuleManager: Shutting down and abandoning module AppleVision (354)
[2019.02.04-02.57.15:399][675]LogModuleManager: Shutting down and abandoning module AppleImageUtils (352)
[2019.02.04-02.57.15:399][675]LogModuleManager: Shutting down and abandoning module AlembicImporter (350)
[2019.02.04-02.57.15:399][675]LogModuleManager: Shutting down and abandoning module AlembicLibrary (349)
[2019.02.04-02.57.15:399][675]LogModuleManager: Shutting down and abandoning module GeometryCache (348)
[2019.02.04-02.57.15:399][675]LogModuleManager: Shutting down and abandoning module GeometryCacheEd (347)
[2019.02.04-02.57.15:399][675]LogModuleManager: Shutting down and abandoning module DatasmithContentEditor (342)
[2019.02.04-02.57.15:473][675]LogModuleManager: Shutting down and abandoning module DatasmithContent (340)
[2019.02.04-02.57.15:473][675]LogModuleManager: Shutting down and abandoning module SpeedTreeImporter (338)
[2019.02.04-02.57.15:473][675]LogModuleManager: Shutting down and abandoning module PluginBrowser (336)
[2019.02.04-02.57.15:514][675]LogModuleManager: Shutting down and abandoning module MobileLauncherProfileWizard (334)
[2019.02.04-02.57.15:528][675]LogModuleManager: Shutting down and abandoning module PolygonModeling (332)
[2019.02.04-02.57.15:528][675]LogModuleManager: Shutting down and abandoning module MeshEditor (330)
[2019.02.04-02.57.15:539][675]LogModuleManager: Shutting down and abandoning module CryptoKeysOpenSSL (328)
[2019.02.04-02.57.15:547][675]LogModuleManager: Shutting down and abandoning module CryptoKeys (326)
[2019.02.04-02.57.15:547][675]LogModuleManager: Shutting down and abandoning module VisualStudioSourceCodeAccess (324)
[2019.02.04-02.57.15:547][675]LogModuleManager: Shutting down and abandoning module VisualStudioCodeSourceCodeAccess (322)
[2019.02.04-02.57.15:547][675]LogModuleManager: Shutting down and abandoning module UObjectPlugin (320)
[2019.02.04-02.57.15:547][675]LogModuleManager: Shutting down and abandoning module SubversionSourceControl (318)
[2019.02.04-02.57.15:558][675]LogModuleManager: Shutting down and abandoning module PerforceSourceControl (316)
[2019.02.04-02.57.15:568][675]LogModuleManager: Shutting down and abandoning module GitSourceControl (314)
[2019.02.04-02.57.15:581][675]LogModuleManager: Shutting down and abandoning module SourceControl (313)
[2019.02.04-02.57.15:591][675]LogModuleManager: Shutting down and abandoning module CLionSourceCodeAccess (310)
[2019.02.04-02.57.15:591][675]LogModuleManager: Shutting down and abandoning module LightPropagationVolumeEditor (308)
[2019.02.04-02.57.15:591][675]LogModuleManager: Shutting down and abandoning module PaperTiledImporter (306)
[2019.02.04-02.57.15:591][675]LogModuleManager: Shutting down and abandoning module PaperSpriteSheetImporter (304)
[2019.02.04-02.57.15:591][675]LogModuleManager: Shutting down and abandoning module Paper2DEditor (302)
[2019.02.04-02.57.15:621][675]LogModuleManager: Shutting down and abandoning module MeshPaint (301)
[2019.02.04-02.57.15:630][675]LogModuleManager: Shutting down and abandoning module RuntimePhysXCooking (298)
[2019.02.04-02.57.15:630][675]LogModuleManager: Shutting down and abandoning module PhysXVehiclesEditor (296)
[2019.02.04-02.57.15:630][675]LogModuleManager: Shutting down and abandoning module PhysXVehicles (294)
[2019.02.04-02.57.15:630][675]LogModuleManager: Shutting down and abandoning module OculusEditor (292)
[2019.02.04-02.57.15:646][675]LogModuleManager: Shutting down and abandoning module LocationServicesBPLibrary (290)
[2019.02.04-02.57.15:646][675]LogModuleManager: Shutting down and abandoning module ImmediatePhysicsEditor (288)
[2019.02.04-02.57.15:646][675]LogModuleManager: Shutting down and abandoning module ImmediatePhysics (286)
[2019.02.04-02.57.15:658][675]LogModuleManager: Shutting down and abandoning module ActorSequence (284)
[2019.02.04-02.57.15:658][675]LogModuleManager: Shutting down and abandoning module UdpMessaging (282)
[2019.02.04-02.57.15:760][675]LogModuleManager: Shutting down and abandoning module TcpMessaging (280)
[2019.02.04-02.57.15:868][675]LogModuleManager: Shutting down and abandoning module MagicLeapAudio (278)
[2019.02.04-02.57.15:868][675]LogModuleManager: Shutting down and abandoning module GameplayTagsEditor (276)
[2019.02.04-02.57.15:887][675]LogModuleManager: Shutting down and abandoning module FacialAnimationEditor (274)
[2019.02.04-02.57.15:887][675]LogModuleManager: Shutting down and abandoning module FacialAnimation (272)
[2019.02.04-02.57.15:887][675]LogModuleManager: Shutting down and abandoning module DataValidation (270)
[2019.02.04-02.57.15:887][675]LogModuleManager: Shutting down and abandoning module AssetManagerEditor (268)
[2019.02.04-02.57.15:895][675]LogModuleManager: Shutting down and abandoning module LevelEditor (267)
[2019.02.04-02.57.15:908][675]LogModuleManager: Shutting down and abandoning module PixelInspectorModule (266)
[2019.02.04-02.57.15:918][675]LogModuleManager: Shutting down and abandoning module CommonMenuExtensions (264)
[2019.02.04-02.57.15:918][675]LogModuleManager: Shutting down and abandoning module MainFrame (262)
[2019.02.04-02.57.15:926][675]LogModuleManager: Shutting down and abandoning module HotReload (261)
[2019.02.04-02.57.15:941][675]LogModuleManager: Shutting down and abandoning module ContentBrowser (257)
[2019.02.04-02.57.15:942][675]LogModuleManager: Shutting down and abandoning module TreeMap (255)
[2019.02.04-02.57.15:945][675]LogModuleManager: Shutting down and abandoning module LightPropagationVolumeRuntime (252)
[2019.02.04-02.57.15:945][675]LogModuleManager: Shutting down and abandoning module AISupportModule (250)
[2019.02.04-02.57.15:945][675]LogModuleManager: Shutting down and abandoning module Paper2D (248)
[2019.02.04-02.57.15:945][675]LogModuleManager: Shutting down and abandoning module WindowsMoviePlayer (246)
[2019.02.04-02.57.16:046][675]LogModuleManager: Shutting down and abandoning module WmfMedia (244)
[2019.02.04-02.57.16:080][675]LogModuleManager: Shutting down and abandoning module Media (243)
[2019.02.04-02.57.16:087][675]LogModuleManager: Shutting down and abandoning module PacketHandler (240)
[2019.02.04-02.57.16:087][675]LogModuleManager: Shutting down and abandoning module ClothingSystemEditor (238)
[2019.02.04-02.57.16:087][675]LogModuleManager: Shutting down and abandoning module ClothingSystemRuntime (236)
[2019.02.04-02.57.16:147][675]LogModuleManager: Shutting down and abandoning module MediaAssets (234)
[2019.02.04-02.57.16:147][675]LogModuleManager: Shutting down and abandoning module Overlay (232)
[2019.02.04-02.57.16:147][675]LogModuleManager: Shutting down and abandoning module OverlayEditor (231)
[2019.02.04-02.57.16:147][675]LogModuleManager: Shutting down and abandoning module VREditor (228)
[2019.02.04-02.57.16:157][675]LogModuleManager: Shutting down and abandoning module StringTableEditor (226)
[2019.02.04-02.57.16:178][675]LogModuleManager: Shutting down and abandoning module GameplayTasksEditor (224)
[2019.02.04-02.57.16:178][675]LogModuleManager: Shutting down and abandoning module BehaviorTreeEditor (222)
[2019.02.04-02.57.16:227][675]LogModuleManager: Shutting down and abandoning module FunctionalTesting (220)
[2019.02.04-02.57.16:241][675]LogModuleManager: Shutting down and abandoning module CollisionAnalyzer (218)
[2019.02.04-02.57.16:264][675]LogModuleManager: Shutting down and abandoning module WorkspaceMenuStructure (217)
[2019.02.04-02.57.16:264][675]LogModuleManager: Shutting down and abandoning module UMG (214)
[2019.02.04-02.57.16:274][675]LogModuleManager: Shutting down and abandoning module UMGEditor (213)
[2019.02.04-02.57.16:297][675]LogModuleManager: Shutting down and abandoning module Sequencer (212)
[2019.02.04-02.57.16:352][675]LogModuleManager: Shutting down and abandoning module MessageLog (209)
[2019.02.04-02.57.16:352][675]LogModuleManager: Shutting down and abandoning module SlateReflector (204)
[2019.02.04-02.57.16:382][675]LogModuleManager: Shutting down and abandoning module Slate (202)
[2019.02.04-02.57.16:382][675]LogModuleManager: Shutting down and abandoning module EditorStyle (200)
[2019.02.04-02.57.16:384][675]LogModuleManager: Shutting down and abandoning module MRMesh (198)
[2019.02.04-02.57.16:393][675]LogModuleManager: Shutting down and abandoning module SourceCodeAccess (196)
[2019.02.04-02.57.16:393][675]LogModuleManager: Shutting down and abandoning module HeadMountedDisplay (194)
[2019.02.04-02.57.16:393][675]LogModuleManager: Shutting down and abandoning module XAudio2 (192)
[2019.02.04-02.57.16:393][675]LogModuleManager: Shutting down and abandoning module Networking (190)
[2019.02.04-02.57.16:393][675]LogModuleManager: Shutting down and abandoning module Core (188)
[2019.02.04-02.57.16:393][675]LogModuleManager: Shutting down and abandoning module LevelSequence (186)
[2019.02.04-02.57.16:393][675]LogModuleManager: Shutting down and abandoning module KismetCompiler (184)
[2019.02.04-02.57.16:393][675]LogModuleManager: Shutting down and abandoning module MeshUtilities (182)
[2019.02.04-02.57.16:400][675]LogModuleManager: Shutting down and abandoning module MeshMergeUtilities (181)
[2019.02.04-02.57.16:411][675]LogModuleManager: Shutting down and abandoning module MeshReductionInterface (180)
[2019.02.04-02.57.16:411][675]LogModuleManager: Shutting down and abandoning module SimplygonSwarm (179)
[2019.02.04-02.57.16:418][675]LogModuleManager: Shutting down and abandoning module ProxyLODMeshReduction (177)
[2019.02.04-02.57.16:437][675]LogModuleManager: Shutting down and abandoning module SimplygonMeshReduction (175)
[2019.02.04-02.57.16:437][675]LogModuleManager: Shutting down and abandoning module QuadricMeshReduction (173)
[2019.02.04-02.57.16:458][675]LogModuleManager: Shutting down and abandoning module MaterialBaking (169)
[2019.02.04-02.57.16:470][675]LogModuleManager: Shutting down and abandoning module DirectoryWatcher (165)
[2019.02.04-02.57.16:470][675]LogModuleManager: Shutting down and abandoning module DerivedDataCache (162)
[2019.02.04-02.57.16:561][675]LogDerivedDataCache: Shutdown
[2019.02.04-02.57.16:561][675]LogModuleManager: Shutting down and abandoning module XGEController (160)
[2019.02.04-02.57.16:561][675]LogXGEController: Cleaning working directory: C:/Users/MAX-GAME/AppData/Local/Temp/UnrealXGEWorkingDir/
[2019.02.04-02.57.16:571][675]LogModuleManager: Shutting down and abandoning module TargetPlatform (158)
[2019.02.04-02.57.16:571][675]LogModuleManager: Shutting down and abandoning module VulkanShaderFormat (157)
[2019.02.04-02.57.16:590][675]LogModuleManager: Shutting down and abandoning module ShaderFormatVectorVM (155)
[2019.02.04-02.57.16:597][675]LogModuleManager: Shutting down and abandoning module ShaderFormatOpenGL (153)
[2019.02.04-02.57.16:604][675]LogModuleManager: Shutting down and abandoning module ShaderFormatD3D (151)
[2019.02.04-02.57.16:604][675]LogModuleManager: Shutting down and abandoning module MetalShaderFormat (149)
[2019.02.04-02.57.16:625][675]LogModuleManager: Shutting down and abandoning module TextureFormatUncompressed (147)
[2019.02.04-02.57.16:625][675]LogModuleManager: Shutting down and abandoning module TextureFormatPVR (145)
[2019.02.04-02.57.16:625][675]LogModuleManager: Shutting down and abandoning module TextureFormatDXT (143)
[2019.02.04-02.57.16:633][675]LogModuleManager: Shutting down and abandoning module TextureFormatIntelISPCTexComp (141)
[2019.02.04-02.57.16:634][675]LogModuleManager: Shutting down and abandoning module TextureFormatASTC (139)
[2019.02.04-02.57.16:634][675]LogModuleManager: Shutting down and abandoning module ImageWrapper (138)
[2019.02.04-02.57.16:634][675]LogModuleManager: Shutting down and abandoning module TextureFormatAndroid (135)
[2019.02.04-02.57.16:634][675]LogModuleManager: Shutting down and abandoning module AudioFormatOpus (133)
[2019.02.04-02.57.16:634][675]LogModuleManager: Shutting down and abandoning module AudioFormatOgg (131)
[2019.02.04-02.57.16:634][675]LogModuleManager: Shutting down and abandoning module AudioFormatADPCM (129)
[2019.02.04-02.57.16:634][675]LogModuleManager: Shutting down and abandoning module LuminTargetPlatform (127)
[2019.02.04-02.57.16:634][675]LogModuleManager: Shutting down and abandoning module LinuxTargetPlatform (125)
[2019.02.04-02.57.16:634][675]LogModuleManager: Shutting down and abandoning module LinuxServerTargetPlatform (123)
[2019.02.04-02.57.16:634][675]LogModuleManager: Shutting down and abandoning module LinuxNoEditorTargetPlatform (121)
[2019.02.04-02.57.16:646][675]LogModuleManager: Shutting down and abandoning module LinuxClientTargetPlatform (119)
[2019.02.04-02.57.16:657][675]LogModuleManager: Shutting down and abandoning module TVOSTargetPlatform (117)
[2019.02.04-02.57.16:657][675]LogModuleManager: Shutting down and abandoning module Messaging (115)
[2019.02.04-02.57.16:657][675]LogModuleManager: Shutting down and abandoning module IOSTargetPlatform (113)
[2019.02.04-02.57.16:658][675]LogModuleManager: Shutting down and abandoning module HTML5TargetPlatform (111)
[2019.02.04-02.57.16:658][675]LogModuleManager: Shutting down and abandoning module AndroidTargetPlatform (109)
[2019.02.04-02.57.16:669][675]LogModuleManager: Shutting down and abandoning module WindowsTargetPlatform (107)
[2019.02.04-02.57.16:669][675]LogModuleManager: Shutting down and abandoning module WindowsServerTargetPlatform (105)
[2019.02.04-02.57.16:669][675]LogModuleManager: Shutting down and abandoning module WindowsNoEditorTargetPlatform (103)
[2019.02.04-02.57.16:669][675]LogModuleManager: Shutting down and abandoning module WindowsClientTargetPlatform (101)
[2019.02.04-02.57.16:669][675]LogModuleManager: Shutting down and abandoning module MacTargetPlatform (99)
[2019.02.04-02.57.16:669][675]LogModuleManager: Shutting down and abandoning module MacServerTargetPlatform (97)
[2019.02.04-02.57.16:669][675]LogModuleManager: Shutting down and abandoning module MacNoEditorTargetPlatform (95)
[2019.02.04-02.57.16:669][675]LogModuleManager: Shutting down and abandoning module MacClientTargetPlatform (93)
[2019.02.04-02.57.16:669][675]LogModuleManager: Shutting down and abandoning module AllDesktopTargetPlatform (91)
[2019.02.04-02.57.16:669][675]LogModuleManager: Shutting down and abandoning module InputCore (88)
[2019.02.04-02.57.16:669][675]LogModuleManager: Shutting down and abandoning module Settings (86)
[2019.02.04-02.57.16:669][675]LogModuleManager: Shutting down and abandoning module PhysXCooking (84)
[2019.02.04-02.57.16:669][675]LogModuleManager: Shutting down and abandoning module SteamVR (82)
[2019.02.04-02.57.16:669][675]LogModuleManager: Shutting down and abandoning module OculusHMD (80)
[2019.02.04-02.57.16:669][675]LogModuleManager: Shutting down and abandoning module ExampleDeviceProfileSelector (78)
[2019.02.04-02.57.16:670][675]LogModuleManager: Shutting down and abandoning module LauncherChunkInstaller (76)
[2019.02.04-02.57.16:670][675]LogModuleManager: Shutting down and abandoning module OnlineBlueprintSupport (74)
[2019.02.04-02.57.16:670][675]LogModuleManager: Shutting down and abandoning module OnlineSubsystem (70)
[2019.02.04-02.57.16:702][675]LogModuleManager: Shutting down and abandoning module XMPP (65)
[2019.02.04-02.57.16:721][675]LogModuleManager: Shutting down and abandoning module WebSockets (64)
[2019.02.04-02.57.16:772][675]LogModuleManager: Shutting down and abandoning module HTTP (61)
[2019.02.04-02.57.16:786][675]LogHttp: Display: Http module shutting down, but needs to wait on 1 outstanding Http requests:
[2019.02.04-02.57.16:786][675]LogHttp: Display: 	verb=[POST] url=[https://datarouter.ol.epicgames.com/datarouter/api/v1/public/data?SessionID=%7BB78CDA03-408B-CC18-57A1-E594223F9226%7D&AppID=UEEditor.Rocket.Release&AppVersion=4.20.3-4369336%2B%2B%2BUE4%2BRelease-4.20&UserID=4117aea747ad9bd9bf9f51ade1dac875%7C9dc66da4e050489a8bccca371cda8540%7C283dd208-cc54-4bac-b5dc-862bab642dbb&AppEnvironment=datacollector-binary&UploadType=eteventstream] status=Processing
[2019.02.04-02.57.16:795][675]LogModuleManager: Shutting down and abandoning module SSL (60)
[2019.02.04-02.57.16:813][675]LogModuleManager: Shutting down and abandoning module MagicLeapEmulator (56)
[2019.02.04-02.57.16:813][675]LogModuleManager: Shutting down and abandoning module MagicLeapPrivileges (54)
[2019.02.04-02.57.16:813][675]LogModuleManager: Shutting down and abandoning module MagicLeapIdentity (52)
[2019.02.04-02.57.16:813][675]LogModuleManager: Shutting down and abandoning module MagicLeapHelperVulkan (50)
[2019.02.04-02.57.16:813][675]LogModuleManager: Shutting down and abandoning module MagicLeapHelperOpenGL (48)
[2019.02.04-02.57.16:813][675]LogModuleManager: Shutting down and abandoning module MagicLeapSecureStorage (46)
[2019.02.04-02.57.16:813][675]LogModuleManager: Shutting down and abandoning module MagicLeapGestures (44)
[2019.02.04-02.57.16:813][675]LogModuleManager: Shutting down and abandoning module MagicLeapEyeTracker (42)
[2019.02.04-02.57.16:813][675]LogModuleManager: Shutting down and abandoning module MagicLeapController (40)
[2019.02.04-02.57.16:813][675]LogSlate: Slate User Destroyed.  User Index 0, Is Virtual User: 0
[2019.02.04-02.57.16:813][675]LogModuleManager: Shutting down and abandoning module MagicLeap (38)
[2019.02.04-02.57.16:813][675]LogModuleManager: Shutting down and abandoning module AnimationModifiers (36)
[2019.02.04-02.57.16:878][675]LogModuleManager: Shutting down and abandoning module PropertyEditor (35)
[2019.02.04-02.57.16:887][675]LogModuleManager: Shutting down and abandoning module AudioEditor (32)
[2019.02.04-02.57.16:904][675]LogModuleManager: Shutting down and abandoning module TextureCompressor (30)
[2019.02.04-02.57.16:922][675]LogModuleManager: Shutting down and abandoning module ShaderCore (28)
[2019.02.04-02.57.16:922][675]LogModuleManager: Shutting down and abandoning module Landscape (26)
[2019.02.04-02.57.16:922][675]LogModuleManager: Shutting down and abandoning module SlateRHIRenderer (24)
[2019.02.04-02.57.16:938][675]LogModuleManager: Shutting down and abandoning module OpenGLDrv (22)
[2019.02.04-02.57.16:952][675]LogModuleManager: Shutting down and abandoning module D3D11RHI (20)
[2019.02.04-02.57.16:952][675]LogModuleManager: Shutting down and abandoning module AnimGraphRuntime (18)
[2019.02.04-02.57.16:952][675]LogModuleManager: Shutting down and abandoning module Renderer (16)
[2019.02.04-02.57.16:952][675]LogModuleManager: Shutting down and abandoning module Engine (14)
[2019.02.04-02.57.16:952][675]LogModuleManager: Shutting down and abandoning module CoreUObject (12)
[2019.02.04-02.57.16:952][675]LogModuleManager: Shutting down and abandoning module NetworkFile (10)
[2019.02.04-02.57.16:961][675]LogModuleManager: Shutting down and abandoning module CookedIterativeFile (8)
[2019.02.04-02.57.16:961][675]LogModuleManager: Shutting down and abandoning module StreamingFile (6)
[2019.02.04-02.57.16:964][675]LogModuleManager: Shutting down and abandoning module SandboxFile (4)
[2019.02.04-02.57.16:964][675]LogModuleManager: Shutting down and abandoning module PakFile (2)
[2019.02.04-02.57.16:992][675]LogExit: Exiting.
[2019.02.04-02.57.17:018][675]Log file closed, 02/04/19 03:57:17
