Log file open, 01/31/19 19:18:23
LogWindows: Failed to load 'aqProf.dll' (GetLastError=126)
LogWindows: File 'aqProf.dll' does not exist
LogWindows: Failed to load 'VSPerf140.dll' (GetLastError=126)
LogWindows: File 'VSPerf140.dll' does not exist
LogWindows: Failed to load 'VtuneApi.dll' (GetLastError=126)
LogWindows: File 'VtuneApi.dll' does not exist
LogWindows: Failed to load 'VtuneApi32e.dll' (GetLastError=126)
LogWindows: File 'VtuneApi32e.dll' does not exist
LogInit: Display: Running engine for game: ParallelNoteV2
LogPlatformFile: Not using cached read wrapper
LogTaskGraph: Started task graph with 5 named threads and 14 total threads with 3 sets of task threads.
LogStats: Stats thread started at 0.262014
LogD3D11RHI: Loaded GFSDK_Aftermath_Lib.x64.dll
LogICUInternationalization: Display: ICU TimeZone Detection - Raw Offset: +1:00, Platform Override: ''
LogPluginManager: Mounting plugin Paper2D
LogPluginManager: Mounting plugin AISupport
LogPluginManager: Mounting plugin LightPropagationVolume
LogPluginManager: Mounting plugin CLionSourceCodeAccess
LogPluginManager: Mounting plugin CodeLiteSourceCodeAccess
LogPluginManager: Mounting plugin GitSourceControl
LogPluginManager: Mounting plugin KDevelopSourceCodeAccess
LogPluginManager: Mounting plugin NullSourceCodeAccess
LogPluginManager: Mounting plugin PerforceSourceControl
LogPluginManager: Mounting plugin SubversionSourceControl
LogPluginManager: Mounting plugin UObjectPlugin
LogPluginManager: Mounting plugin VisualStudioCodeSourceCodeAccess
LogPluginManager: Mounting plugin VisualStudioSourceCodeAccess
LogPluginManager: Mounting plugin XCodeSourceCodeAccess
LogPluginManager: Mounting plugin AssetManagerEditor
LogPluginManager: Mounting plugin CryptoKeys
LogPluginManager: Mounting plugin DataValidation
LogPluginManager: Mounting plugin FacialAnimation
LogPluginManager: Mounting plugin GameplayTagsEditor
LogPluginManager: Mounting plugin MacGraphicsSwitching
LogPluginManager: Mounting plugin MeshEditor
LogPluginManager: Mounting plugin MobileLauncherProfileWizard
LogPluginManager: Mounting plugin PluginBrowser
LogPluginManager: Mounting plugin SpeedTreeImporter
LogPluginManager: Mounting plugin DatasmithContent
LogPluginManager: Mounting plugin AlembicImporter
LogPluginManager: Mounting plugin AppleImageUtils
LogPluginManager: Mounting plugin AppleVision
LogPluginManager: Mounting plugin BackChannel
LogPluginManager: Mounting plugin CharacterAI
LogPluginManager: Mounting plugin GeometryCache
LogPluginManager: Mounting plugin HTML5Networking
LogPluginManager: Mounting plugin ProxyLODPlugin
LogPluginManager: Mounting plugin MagicLeap
LogPluginManager: Mounting plugin MagicLeapEmulator
LogPluginManager: Mounting plugin MagicLeapMedia
LogPluginManager: Mounting plugin AndroidMedia
LogPluginManager: Mounting plugin AvfMedia
LogPluginManager: Mounting plugin ImgMedia
LogPluginManager: Mounting plugin LinearTimecode
LogPluginManager: Mounting plugin MediaCompositing
LogPluginManager: Mounting plugin MediaPlayerEditor
LogPluginManager: Mounting plugin WmfMedia
LogPluginManager: Mounting plugin TcpMessaging
LogPluginManager: Mounting plugin UdpMessaging
LogPluginManager: Mounting plugin ActorSequence
LogPluginManager: Mounting plugin LevelSequenceEditor
LogPluginManager: Mounting plugin MatineeToLevelSequence
LogPluginManager: Mounting plugin NetcodeUnitTest
LogPluginManager: Mounting plugin NUTUnrealEngine4
LogPluginManager: Mounting plugin OnlineSubsystemGooglePlay
LogPluginManager: Mounting plugin OnlineSubsystemIOS
LogPluginManager: Mounting plugin OnlineSubsystem
LogPluginManager: Mounting plugin OnlineSubsystemNull
LogPluginManager: Mounting plugin OnlineSubsystemUtils
LogPluginManager: Mounting plugin LauncherChunkInstaller
LogPluginManager: Mounting plugin AndroidDeviceProfileSelector
LogPluginManager: Mounting plugin AndroidMoviePlayer
LogPluginManager: Mounting plugin AndroidPermission
LogPluginManager: Mounting plugin AppleMoviePlayer
LogPluginManager: Mounting plugin ArchVisCharacter
LogPluginManager: Mounting plugin AudioCapture
LogPluginManager: Mounting plugin CableComponent
LogPluginManager: Mounting plugin CustomMeshComponent
LogPluginManager: Mounting plugin EditableMesh
LogPluginManager: Mounting plugin ExampleDeviceProfileSelector
LogPluginManager: Mounting plugin GoogleCloudMessaging
LogPluginManager: Mounting plugin ImmediatePhysics
LogPluginManager: Mounting plugin IOSDeviceProfileSelector
LogPluginManager: Mounting plugin LinuxDeviceProfileSelector
LogPluginManager: Mounting plugin LocationServicesBPLibrary
LogPluginManager: Mounting plugin MobilePatchingUtils
LogPluginManager: Mounting plugin OculusVR
LogPluginManager: Plugin shader directory ../../../Engine/Plugins/Runtime/Oculus/OculusVR/Shaders found
LogPluginManager: Mapping shader source directory ../../../Engine/Plugins/Runtime/Oculus/OculusVR/Shaders to virtual directory /Plugin/OculusVR
LogPluginManager: Mounting plugin PhysXVehicles
LogPluginManager: Mounting plugin ProceduralMeshComponent
LogPluginManager: Mounting plugin RuntimePhysXCooking
LogPluginManager: Mounting plugin SteamVR
LogPluginManager: Mounting plugin WindowsMoviePlayer
LogStreaming: Display: Took  0.359s to configure plugins.
LogInit: Using libcurl 7.55.1-DEV
LogInit:  - built for x86_64-pc-win32
LogInit:  - supports SSL with OpenSSL/1.0.2h
LogInit:  - supports HTTP deflate (compression) using libz 1.2.8
LogInit:  - other features:
LogInit:      CURL_VERSION_SSL
LogInit:      CURL_VERSION_LIBZ
LogInit:      CURL_VERSION_IPV6
LogInit:      CURL_VERSION_ASYNCHDNS
LogInit:      CURL_VERSION_LARGEFILE
LogInit:      CURL_VERSION_IDN
LogInit:  CurlRequestOptions (configurable via config and command line):
LogInit:  - bVerifyPeer = false  - Libcurl will NOT verify peer certificate
LogInit:  - bUseHttpProxy = false  - Libcurl will NOT use HTTP proxy
LogInit:  - bDontReuseConnections = false  - Libcurl will reuse connections
LogInit:  - CertBundlePath = nullptr  - Libcurl will use whatever was configured at build time.
LogInit:  - MaxHostConnections = 16  - Libcurl will limit the number of connections to a host
LogInit:  - LocalHostAddr = Default
LogInit:  - BufferSize = 65536
LogInit: WinSock: version 1.1 (2.2), MaxSocks=32767, MaxUdp=65467
LogInit: Build: ++UE4+Release-4.20-CL-4369336
LogInit: Engine Version: 4.20.3-4369336+++UE4+Release-4.20
LogInit: Compatible Engine Version: 4.20.0-4212847+++UE4+Release-4.20
LogInit: Net CL: 4212847
LogInit: OS: Windows 10 (), CPU: Intel(R) Core(TM) i5-7600 CPU @ 3.50GHz, GPU: NVIDIA GeForce GTX 960
LogInit: Compiled (64-bit): Sep 17 2018 12:26:19
LogInit: Compiled with Visual C++: 19.13.26129.00
LogInit: Build Configuration: Development
LogInit: Branch Name: ++UE4+Release-4.20
LogInit: Command Line:  
LogInit: Base Directory: D:/Epic Game/UE_4.20/Engine/Binaries/Win64/
LogInit: Installed Engine Build: 1
LogDevObjectVersion: Number of dev versions registered: 20
LogDevObjectVersion:   Dev-Blueprints (B0D832E4-1F89-4F0D-ACCF-7EB736FD4AA2): 10
LogDevObjectVersion:   Dev-Build (E1C64328-A22C-4D53-A36C-8E866417BD8C): 0
LogDevObjectVersion:   Dev-Core (375EC13C-06E4-48FB-B500-84F0262A717E): 2
LogDevObjectVersion:   Dev-Editor (E4B068ED-F494-42E9-A231-DA0B2E46BB41): 24
LogDevObjectVersion:   Dev-Framework (CFFC743F-43B0-4480-9391-14DF171D2073): 34
LogDevObjectVersion:   Dev-Mobile (B02B49B5-BB20-44E9-A304-32B752E40360): 2
LogDevObjectVersion:   Dev-Networking (A4E4105C-59A1-49B5-A7C5-40C4547EDFEE): 0
LogDevObjectVersion:   Dev-Online (39C831C9-5AE6-47DC-9A44-9C173E1C8E7C): 0
LogDevObjectVersion:   Dev-Physics (78F01B33-EBEA-4F98-B9B4-84EACCB95AA2): 0
LogDevObjectVersion:   Dev-Platform (6631380F-2D4D-43E0-8009-CF276956A95A): 0
LogDevObjectVersion:   Dev-Rendering (12F88B9F-8875-4AFC-A67C-D90C383ABD29): 26
LogDevObjectVersion:   Dev-Sequencer (7B5AE74C-D270-4C10-A958-57980B212A5A): 9
LogDevObjectVersion:   Dev-VR (D7296918-1DD6-4BDD-9DE2-64A83CC13884): 2
LogDevObjectVersion:   Dev-LoadTimes (C2A15278-BFE7-4AFE-6C17-90FF531DF755): 1
LogDevObjectVersion:   Private-Geometry (6EACA3D4-40EC-4CC1-B786-8BED09428FC5): 3
LogDevObjectVersion:   Dev-AnimPhys (29E575DD-E0A3-4627-9D10-D276232CDCEA): 17
LogDevObjectVersion:   Dev-ReflectionCapture (6B266CEC-1EC7-4B8F-A30B-E4D90942FC07): 1
LogDevObjectVersion:   Dev-Automation (0DF73D61-A23F-47EA-B727-89E90C41499A): 1
LogDevObjectVersion:   FortniteMain (601D1886-AC64-4F84-AA16-D3DE0DEAC7D6): 12
LogDevObjectVersion:   Dev-Enterprise (9DFFBCD6-494F-0158-E221-12823C92A888): 1
LogStreaming: Display: Took  0.027s to delete old logs.
LogInit: Presizing for max 8388607 objects, including 0 objects not considered by GC, pre-allocating 0 bytes for permanent pool.
LogInit: Object subsystem initialized
[2019.01.31-18.18.26:124][  0]LogInit: Selected Device Profile: [Windows]
[2019.01.31-18.18.26:124][  0]LogInit: Applying CVar settings loaded from the selected device profile: [Windows]
[2019.01.31-18.18.26:189][  0]LogHAL: Display: Platform has ~ 8 GB [8519970816 / 8589934592 / 8], which maps to Default [LargestMinGB=32, LargerMinGB=12, DefaultMinGB=8, SmallerMinGB=6, SmallestMinGB=0)
[2019.01.31-18.18.26:208][  0]LogInit: Setting Device Profile CVar: [[r.Vulkan.UseRealUBs:1]]
[2019.01.31-18.18.26:212][  0]LogInit: Going up to parent DeviceProfile []
[2019.01.31-18.18.26:247][  0]LogInit: Computer: MAXGAME
[2019.01.31-18.18.26:247][  0]LogInit: User: MAXGAME
[2019.01.31-18.18.26:248][  0]LogInit: CPU Page size=4096, Cores=4
[2019.01.31-18.18.26:248][  0]LogInit: High frequency timer resolution =3.421875 MHz
[2019.01.31-18.18.26:248][  0]LogMemory: Memory total: Physical=7.9GB (8GB approx)
[2019.01.31-18.18.26:248][  0]LogMemory: Platform Memory Stats for Windows
[2019.01.31-18.18.26:248][  0]LogMemory: Process Physical Memory: 100.95 MB used, 100.95 MB peak
[2019.01.31-18.18.26:248][  0]LogMemory: Process Virtual Memory: 92.22 MB used, 92.22 MB peak
[2019.01.31-18.18.26:248][  0]LogMemory: Physical Memory: 5311.72 MB used,  2813.56 MB free, 8125.28 MB total
[2019.01.31-18.18.26:248][  0]LogMemory: Virtual Memory: 4633.35 MB used,  2813.56 MB free, 134217728.00 MB total
[2019.01.31-18.18.26:783][  0]LogInit: Using OS detected language (da-DK).
[2019.01.31-18.18.26:783][  0]LogInit: Using OS detected locale (da-DK).
[2019.01.31-18.18.26:804][  0]LogTextLocalizationManager: No localization for 'da-DK' exists, so 'en' will be used for the language.
[2019.01.31-18.18.27:503][  0]LogStreaming: Display: Took  0.723s to InitEngineTextLocalization.
[2019.01.31-18.18.27:543][  0]LogInit: Setting process to per monitor DPI aware
[2019.01.31-18.18.28:175][  0]LogSlate: New Slate User Created.  User Index 0, Is Virtual User: 0
[2019.01.31-18.18.28:175][  0]LogSlate: Slate User Registered.  User Index 0, Is Virtual User: 0
[2019.01.31-18.18.30:945][  0]LogHMD: Failed to initialize OpenVR with code 110
[2019.01.31-18.18.30:945][  0]LogD3D11RHI: D3D11 adapters:
[2019.01.31-18.18.31:024][  0]LogD3D11RHI:    0. 'NVIDIA GeForce GTX 960' (Feature Level 11_0)
[2019.01.31-18.18.31:024][  0]LogD3D11RHI:       2007/0/4062 MB DedicatedVideo/DedicatedSystem/SharedSystem, Outputs:2, VendorId:0x10de
[2019.01.31-18.18.31:026][  0]LogD3D11RHI:    1. 'Microsoft Basic Render Driver' (Feature Level 11_0)
[2019.01.31-18.18.31:026][  0]LogD3D11RHI:       0/0/4062 MB DedicatedVideo/DedicatedSystem/SharedSystem, Outputs:0, VendorId:0x1414
[2019.01.31-18.18.31:026][  0]LogD3D11RHI: Chosen D3D11 Adapter: 0
[2019.01.31-18.18.31:060][  0]LogD3D11RHI: Creating new Direct3DDevice
[2019.01.31-18.18.31:060][  0]LogD3D11RHI:     GPU DeviceId: 0x1401 (for the marketing name, search the web for "GPU Device Id")
[2019.01.31-18.18.31:079][  0]LogWindows: EnumDisplayDevices:
[2019.01.31-18.18.31:079][  0]LogWindows:    0. 'NVIDIA GeForce GTX 960' (P:1 D:1)
[2019.01.31-18.18.31:080][  0]LogWindows:    1. 'NVIDIA GeForce GTX 960' (P:0 D:1)
[2019.01.31-18.18.31:080][  0]LogWindows:    2. 'NVIDIA GeForce GTX 960' (P:0 D:0)
[2019.01.31-18.18.31:080][  0]LogWindows:    3. 'NVIDIA GeForce GTX 960' (P:0 D:0)
[2019.01.31-18.18.31:080][  0]LogWindows: DebugString: FoundDriverCount:4 
[2019.01.31-18.18.31:080][  0]LogD3D11RHI:     Adapter Name: NVIDIA GeForce GTX 960
[2019.01.31-18.18.31:080][  0]LogD3D11RHI:   Driver Version: 416.16 (internal:25.21.14.1616, unified:416.16)
[2019.01.31-18.18.31:080][  0]LogD3D11RHI:      Driver Date: 10-2-2018
[2019.01.31-18.18.31:080][  0]LogRHI: Texture pool is 1405 MB (70% of 2007 MB)
[2019.01.31-18.18.31:123][  0]LogD3D11RHI: Async texture creation enabled
[2019.01.31-18.18.31:392][  0]LogD3D11RHI: GPU Timing Frequency: 1000.000000 (Debug: 2 2)
[2019.01.31-18.18.31:431][  0]LogShaderCompilers: Guid format shader working directory is -4 characters bigger than the processId version (../../../../../Playclaw5/Unreal/Github/ParallelNoteV2/Intermediate/Shaders/WorkingDirectory/1648/).
[2019.01.31-18.18.31:432][  0]LogShaderCompilers: Cleaned the shader compiler working directory 'C:/Users/MAX-GAME/AppData/Local/Temp/UnrealShaderWorkingDir/B4698B744F8625932DF9E1880EB1FEC5/'.
[2019.01.31-18.18.32:105][  0]LogTemp: Display: Loaded TP AllDesktopTargetPlatform
[2019.01.31-18.18.32:152][  0]LogTemp: Display: Loaded TP MacClientTargetPlatform
[2019.01.31-18.18.32:180][  0]LogTemp: Display: Loaded TP MacNoEditorTargetPlatform
[2019.01.31-18.18.32:210][  0]LogTemp: Display: Loaded TP MacServerTargetPlatform
[2019.01.31-18.18.32:250][  0]LogTemp: Display: Loaded TP MacTargetPlatform
[2019.01.31-18.18.32:283][  0]LogTemp: Display: Loaded TP WindowsClientTargetPlatform
[2019.01.31-18.18.32:316][  0]LogTemp: Display: Loaded TP WindowsNoEditorTargetPlatform
[2019.01.31-18.18.32:350][  0]LogTemp: Display: Loaded TP WindowsServerTargetPlatform
[2019.01.31-18.18.32:364][  0]LogTemp: Display: Loaded TP WindowsTargetPlatform
[2019.01.31-18.18.32:472][  0]LogTemp: Display: Loaded TP AndroidTargetPlatform
[2019.01.31-18.18.32:472][  0]LogTemp: Display: Loaded TP AndroidTargetPlatform
[2019.01.31-18.18.32:472][  0]LogTemp: Display: Loaded TP AndroidTargetPlatform
[2019.01.31-18.18.32:472][  0]LogTemp: Display: Loaded TP AndroidTargetPlatform
[2019.01.31-18.18.32:472][  0]LogTemp: Display: Loaded TP AndroidTargetPlatform
[2019.01.31-18.18.32:472][  0]LogTemp: Display: Loaded TP AndroidTargetPlatform
[2019.01.31-18.18.32:472][  0]LogTemp: Display: Loaded TP AndroidTargetPlatform
[2019.01.31-18.18.32:472][  0]LogTemp: Display: Loaded TP AndroidTargetPlatform
[2019.01.31-18.18.32:472][  0]LogTemp: Display: Loaded TP AndroidTargetPlatform
[2019.01.31-18.18.32:472][  0]LogTemp: Display: Loaded TP AndroidTargetPlatform
[2019.01.31-18.18.32:472][  0]LogTemp: Display: Loaded TP AndroidTargetPlatform
[2019.01.31-18.18.32:472][  0]LogTemp: Display: Loaded TP AndroidTargetPlatform
[2019.01.31-18.18.32:472][  0]LogTemp: Display: Loaded TP AndroidTargetPlatform
[2019.01.31-18.18.32:472][  0]LogTemp: Display: Loaded TP AndroidTargetPlatform
[2019.01.31-18.18.32:472][  0]LogTemp: Display: Loaded TP AndroidTargetPlatform
[2019.01.31-18.18.32:472][  0]LogTemp: Display: Loaded TP AndroidTargetPlatform
[2019.01.31-18.18.32:472][  0]LogTemp: Display: Loaded TP AndroidTargetPlatform
[2019.01.31-18.18.32:472][  0]LogTemp: Display: Loaded TP AndroidTargetPlatform
[2019.01.31-18.18.32:494][  0]LogTemp: Display: Loaded TP HTML5TargetPlatform
[2019.01.31-18.18.32:647][  0]LogTemp: Display: Loaded TP IOSTargetPlatform
[2019.01.31-18.18.32:647][  0]LogTemp: Display: Loaded TP IOSTargetPlatform
[2019.01.31-18.18.32:697][  0]LogTemp: Display: Loaded TP TVOSTargetPlatform
[2019.01.31-18.18.32:697][  0]LogTemp: Display: Loaded TP TVOSTargetPlatform
[2019.01.31-18.18.32:739][  0]LogTemp: Display: Loaded TP LinuxClientTargetPlatform
[2019.01.31-18.18.32:776][  0]LogTemp: Display: Loaded TP LinuxNoEditorTargetPlatform
[2019.01.31-18.18.32:808][  0]LogTemp: Display: Loaded TP LinuxServerTargetPlatform
[2019.01.31-18.18.32:856][  0]LogTemp: Display: Loaded TP LinuxTargetPlatform
[2019.01.31-18.18.32:887][  0]LogTemp: Display: Loaded TP LuminTargetPlatform
[2019.01.31-18.18.32:887][  0]LogTargetPlatformManager: Display: Building Assets For Windows
[2019.01.31-18.18.33:691][  0]LogXGEController: Cleaning working directory: C:/Users/MAX-GAME/AppData/Local/Temp/UnrealXGEWorkingDir/
[2019.01.31-18.18.33:691][  0]LogXGEController: Cannot use XGE Controller as Incredibuild is not installed on this machine.
[2019.01.31-18.18.33:691][  0]LogShaderCompilers: Cannot use XGE Shader Compiler as Incredibuild is not installed on this machine.
[2019.01.31-18.18.33:691][  0]LogShaderCompilers: Display: Using Local Shader Compiler.
[2019.01.31-18.18.37:351][  0]LogDerivedDataCache: Display: Max Cache Size: 512 MB
[2019.01.31-18.18.38:121][  0]LogDerivedDataCache: Loaded boot cache 0.77s 72MB C:/Users/MAX-GAME/AppData/Local/UnrealEngine/4.20/DerivedDataCache/Boot.ddc.
[2019.01.31-18.18.38:122][  0]LogDerivedDataCache: Display: Loaded Boot cache: C:/Users/MAX-GAME/AppData/Local/UnrealEngine/4.20/DerivedDataCache/Boot.ddc
[2019.01.31-18.18.38:122][  0]LogDerivedDataCache: FDerivedDataBackendGraph:  Pak pak cache file ../../../../../Playclaw5/Unreal/Github/ParallelNoteV2/DerivedDataCache/DDC.ddp not found, will not use a pak cache.
[2019.01.31-18.18.38:122][  0]LogDerivedDataCache: Unable to find inner node Pak for hierarchical cache Hierarchy.
[2019.01.31-18.18.38:122][  0]LogDerivedDataCache: FDerivedDataBackendGraph:  CompressedPak pak cache file ../../../../../Playclaw5/Unreal/Github/ParallelNoteV2/DerivedDataCache/Compressed.ddp not found, will not use a pak cache.
[2019.01.31-18.18.38:122][  0]LogDerivedDataCache: Unable to find inner node CompressedPak for hierarchical cache Hierarchy.
[2019.01.31-18.18.38:220][  0]LogDerivedDataCache: Display: Pak cache opened for reading ../../../Engine/DerivedDataCache/Compressed.ddp.
[2019.01.31-18.18.38:232][  0]LogDerivedDataCache: Using Local data cache path C:/Users/MAX-GAME/AppData/Local/UnrealEngine/Common/DerivedDataCache: Writable
[2019.01.31-18.18.38:232][  0]LogDerivedDataCache: Shared data cache path not found in *engine.ini, will not use an Shared cache.
[2019.01.31-18.18.38:232][  0]LogDerivedDataCache: Unable to find inner node Shared for hierarchical cache Hierarchy.
[2019.01.31-18.18.38:313][  0]LogMaterial: Verifying Global Shaders for PCD3D_SM5
[2019.01.31-18.18.38:380][  0]LogSlate: Using FreeType 2.6.0
[2019.01.31-18.18.38:490][  0]LogSlate: SlateFontServices - WITH_FREETYPE: 1, WITH_HARFBUZZ: 1
[2019.01.31-18.18.39:149][  0]LogAssetRegistry: FAssetRegistry took 0.0374 seconds to start up
[2019.01.31-18.18.42:862][  0]LogInit: Selected Device Profile: [Windows]
[2019.01.31-18.18.44:706][  0]LogSimplygon: Simplygon DLL not present - disabling.
[2019.01.31-18.18.44:944][  0]LogMeshReduction: Using SimplygonSwarm for distributed automatic mesh merging
[2019.01.31-18.18.44:945][  0]LogMeshReduction: Using ProxyLODMeshReduction for automatic mesh merging
[2019.01.31-18.18.44:945][  0]LogMeshReduction: Using QuadricMeshReduction for automatic static mesh reduction
[2019.01.31-18.18.44:945][  0]LogMeshReduction: No automatic skeletal mesh reduction module available
[2019.01.31-18.18.45:467][  0]LogNetVersion: ParallelNoteV2 1.0.0, NetCL: 4212847, EngineNetVer: 5, GameNetVer: 0 (Checksum: 3415175619)
[2019.01.31-18.18.50:718][  0]LogPackageLocalizationCache: Processed 11 localized package path(s) for 1 prioritized culture(s) in 0.070686 seconds
[2019.01.31-18.18.50:778][  0]LogUObjectArray: 38425 objects as part of root set at end of initial load.
[2019.01.31-18.18.50:778][  0]LogUObjectAllocator: 6690864 out of 0 bytes used by permanent object pool.
[2019.01.31-18.18.50:778][  0]LogUObjectArray: CloseDisregardForGC: 0/0 objects in disregard for GC pool
[2019.01.31-18.19.02:650][  0]LogTcpMessaging: Initializing TcpMessaging bridge
[2019.01.31-18.19.02:690][  0]LogUdpMessaging: Initializing bridge on interface 0.0.0.0:0 to multicast group 230.0.0.1:6666.
[2019.01.31-18.19.04:336][  0]SourceControl: Source control is disabled
[2019.01.31-18.19.04:343][  0]SourceControl: Source control is disabled
[2019.01.31-18.19.04:433][  0]SourceControl: Source control is disabled
[2019.01.31-18.19.04:464][  0]SourceControl: Source control is disabled
[2019.01.31-18.19.06:297][  0]LogAndroidPermission: UAndroidPermissionCallbackProxy::GetInstance
[2019.01.31-18.19.06:516][  0]LogOcInput: OculusInput pre-init called
[2019.01.31-18.19.07:239][  0]LogEngine: Initializing Engine...
[2019.01.31-18.19.07:260][  0]LogHMD: Failed to initialize OpenVR with code 110
[2019.01.31-18.19.07:311][  0]LogStats: UGameplayTagsManager::ConstructGameplayTagTree: ImportINI prefixes -  0.000 s
[2019.01.31-18.19.07:311][  0]LogStats: UGameplayTagsManager::ConstructGameplayTagTree: Construct from data asset -  0.000 s
[2019.01.31-18.19.07:311][  0]LogStats: UGameplayTagsManager::ConstructGameplayTagTree: ImportINI -  0.000 s
[2019.01.31-18.19.07:311][  0]LogStats: UGameplayTagsManager::ConstructGameplayTagTree: GameplayTagTreeChangedEvent.Broadcast -  0.000 s
[2019.01.31-18.19.07:957][  0]LogInit: Initializing FReadOnlyCVARCache
[2019.01.31-18.19.08:380][  0]LogAIModule: Creating AISystem for world Untitled
[2019.01.31-18.19.08:587][  0]LogInit: XAudio2 using 'Højttalere (G909 Pro)' : 2 channels at 48 kHz using 16 bits per sample (channel mask 0x3)
[2019.01.31-18.19.08:627][  0]LogInit: FAudioDevice initialized.
[2019.01.31-18.19.08:627][  0]LogNetVersion: Set ProjectVersion to 1.0.0.0. Version Checksum will be recalculated on next use.
[2019.01.31-18.19.08:755][  0]LogDerivedDataCache: Saved boot cache 0.13s 72MB C:/Users/MAX-GAME/AppData/Local/UnrealEngine/4.20/DerivedDataCache/Boot.ddc.
[2019.01.31-18.19.08:761][  0]LogInit: Texture streaming: Enabled
[2019.01.31-18.19.08:922][  0]LogEngineSessionManager: EngineSessionManager initialized
[2019.01.31-18.19.09:055][  0]LogInit: Transaction tracking system initialized
[2019.01.31-18.19.09:549][  0]BlueprintLog: New page: Editor Load
[2019.01.31-18.19.10:882][  0]LocalizationService: Localization service is disabled
[2019.01.31-18.19.14:138][  0]LogCook: Display: Max memory allowance for cook 16384mb min free memory 0mb
[2019.01.31-18.19.14:138][  0]LogCook: Display: Mobile HDR setting 0
[2019.01.31-18.19.14:148][  0]LogGameplayTags: Display: UGameplayTagsManager::DoneAddingNativeTags. DelegateIsBound: 0
[2019.01.31-18.19.14:190][  0]LogStats: UGameplayTagsManager::ConstructGameplayTagTree: ImportINI prefixes -  0.000 s
[2019.01.31-18.19.14:190][  0]LogStats: UGameplayTagsManager::ConstructGameplayTagTree: Construct from data asset -  0.000 s
[2019.01.31-18.19.14:190][  0]LogStats: UGameplayTagsManager::ConstructGameplayTagTree: ImportINI -  0.000 s
[2019.01.31-18.19.14:190][  0]LogStats: UGameplayTagsManager::ConstructGameplayTagTree: GameplayTagTreeChangedEvent.Broadcast -  0.000 s
[2019.01.31-18.19.15:545][  0]LogFileCache: Scanning file cache for directory 'D:/Playclaw5/Unreal/Github/ParallelNoteV2/Content/' took 0.42s
[2019.01.31-18.19.16:288][  0]SourceControl: Source control is disabled
[2019.01.31-18.19.16:321][  0]Cmd: MAP LOAD FILE="../../../../../Playclaw5/Unreal/Github/ParallelNoteV2/Content/ThirdPersonBP/Maps/ThirdPersonExampleMap.umap" TEMPLATE=0 SHOWPROGRESS=1 FEATURELEVEL=3
[2019.01.31-18.19.16:414][  0]LightingResults: New page: Lighting Build
[2019.01.31-18.19.16:566][  0]MapCheck: New page: Map Check
[2019.01.31-18.19.16:566][  0]LightingResults: New page: Lighting Build
[2019.01.31-18.19.22:722][  0]LogAIModule: Creating AISystem for world ThirdPersonExampleMap
[2019.01.31-18.19.23:730][  0]LogEditorServer: Finished looking for orphan Actors (0.000 secs)
[2019.01.31-18.19.23:889][  0]Cmd: MAP CHECKDEP NOCLEARLOG
[2019.01.31-18.19.23:978][  0]MapCheck: Map check complete: 0 Error(s), 0 Warning(s), took 89,307ms to complete.
[2019.01.31-18.19.23:978][  0]LogFileHelpers: Loading map 'ThirdPersonExampleMap' took 7.677
[2019.01.31-18.19.25:223][  0]LogSlate: Updating window title bar state: overlay mode, drag disabled, window buttons hidden, title bar hidden
[2019.01.31-18.19.25:231][  0]LogSlate: Updating window title bar state: overlay mode, drag disabled, window buttons hidden, title bar hidden
[2019.01.31-18.19.25:238][  0]LogSlate: Updating window title bar state: overlay mode, drag disabled, window buttons hidden, title bar hidden
[2019.01.31-18.19.25:244][  0]LogSlate: Updating window title bar state: overlay mode, drag disabled, window buttons hidden, title bar hidden
[2019.01.31-18.19.25:333][  0]LogCollectionManager: Loaded 0 collections in 0.001041 seconds
[2019.01.31-18.19.25:417][  0]LogFileCache: Scanning file cache for directory 'D:/Playclaw5/Unreal/Github/ParallelNoteV2/Saved/Collections/' took 0.01s
[2019.01.31-18.19.25:417][  0]LogFileCache: Scanning file cache for directory 'D:/Playclaw5/Unreal/Github/ParallelNoteV2/Content/Developers/MAXGAME/Collections/' took 0.01s
[2019.01.31-18.19.25:417][  0]LogFileCache: Scanning file cache for directory 'D:/Playclaw5/Unreal/Github/ParallelNoteV2/Content/Collections/' took 0.01s
[2019.01.31-18.19.25:417][  0]LogCollectionManager: Rebuilt the GUID cache for 0 collections in 0.000001 seconds
[2019.01.31-18.19.25:425][  0]LogContentBrowser: Native class hierarchy populated in 0.0080 seconds. Added 2572 classes and 603 folders.
[2019.01.31-18.19.25:461][  0]LogContentBrowser: Native class hierarchy updated for 'WidgetCarousel' in 0.0003 seconds. Added 0 classes and 0 folders.
[2019.01.31-18.19.26:484][  0]LogContentBrowser: Native class hierarchy updated for 'AddContentDialog' in 0.0003 seconds. Added 0 classes and 0 folders.
[2019.01.31-18.19.26:518][  0]LogContentBrowser: Native class hierarchy updated for 'SceneOutliner' in 0.0003 seconds. Added 1 classes and 2 folders.
[2019.01.31-18.19.27:269][  0]LogContentBrowser: Native class hierarchy updated for 'WorldBrowser' in 0.0003 seconds. Added 2 classes and 3 folders.
[2019.01.31-18.19.27:433][  0]LogSlate: Took 0.021555 seconds to synchronously load lazily loaded font '../../../Engine/Content/Slate/Fonts/Roboto-Regular.ttf' (155K)
[2019.01.31-18.19.27:478][  0]LogSlate: Took 0.025452 seconds to synchronously load lazily loaded font '../../../Engine/Content/Slate/Fonts/Roboto-Bold.ttf' (160K)
[2019.01.31-18.19.27:512][  0]LogSlate: Took 0.013623 seconds to synchronously load lazily loaded font '../../../Engine/Content/Editor/Slate/Fonts/FontAwesome.ttf' (139K)
[2019.01.31-18.19.27:891][  0]LogRenderer: Reallocating scene render targets to support 1060x472 Format 10 NumSamples 1 (Frame:1).
[2019.01.31-18.19.27:982][  0]LogStaticMesh: Allocated 496x174x64 distance field atlas = 10.5Mb, with 47 objects containing 5.5Mb backing data
[2019.01.31-18.19.28:443][  0]LogContentBrowser: Native class hierarchy updated for 'HierarchicalLODOutliner' in 0.0003 seconds. Added 0 classes and 0 folders.
[2019.01.31-18.19.28:443][  0]LogLoad: (Engine Initialization) Total time: 72.44 seconds
[2019.01.31-18.19.28:443][  0]LogLoad: (Engine Initialization) Total Blueprint compile time: 0.00 seconds
[2019.01.31-18.19.28:607][  0]LogContentStreaming: Texture pool size now 1000 MB
[2019.01.31-18.19.28:721][  0]LogSlate: Took 0.024628 seconds to synchronously load lazily loaded font '../../../Engine/Content/Slate/Fonts/Roboto-Light.ttf' (167K)
[2019.01.31-18.19.28:983][  2]LogAssetRegistry: Asset discovery search completed in 49.8649 seconds
[2019.01.31-18.19.28:986][  2]LogCollectionManager: Rebuilt the object cache for 0 collections in 0.000000 seconds (found 0 objects)
[2019.01.31-18.19.28:986][  2]LogCollectionManager: Fixed up redirectors for 0 collections in 0.000177 seconds (updated 0 objects)
[2019.01.31-18.19.34:314][ 19]LogSlate: FSceneViewport::OnFocusLost() reason 0
[2019.01.31-18.20.16:797][474]LogSlate: Took 0.000271 seconds to synchronously load lazily loaded font '../../../Engine/Content/Slate/Fonts/Roboto-Light.ttf' (167K)
[2019.01.31-18.20.16:853][474]LogFactory: FactoryCreateFile: StaticMesh with FbxFactory (0 0 ../../../../../Playclaw5/Unreal/Ny mappe/Game map/charater/Eyes/Eyes.FBX)
[2019.01.31-18.20.17:032][474]LogFbx: Loading FBX Scene from ../../../../../Playclaw5/Unreal/Ny mappe/Game map/charater/Eyes/Eyes.FBX
[2019.01.31-18.20.17:046][474]LogFbx: FBX Scene Loaded Succesfully
[2019.01.31-18.20.25:209][474]LogSlate: Window 'FBX Import Options' being destroyed
[2019.01.31-18.20.25:542][474]LogLinker: Can't find file '/Game/MAX3Dmodle/Charater/eyes/A1'
[2019.01.31-18.20.25:543][474]LogLinker: Can't find file '/Game/MAX3Dmodle/Charater/eyes/A1'
[2019.01.31-18.20.25:603][474]LogTexture: Display: Building textures: A1 (AutoDXT, 1024X1024)
[2019.01.31-18.20.25:855][474]LogLinker: Can't find file '/Game/MAX3Dmodle/Charater/eyes/A2'
[2019.01.31-18.20.25:855][474]LogLinker: Can't find file '/Game/MAX3Dmodle/Charater/eyes/A2'
[2019.01.31-18.20.25:879][474]LogTexture: Display: Building textures: A2 (AutoDXT, 1024X1024)
[2019.01.31-18.20.25:915][474]LogMaterial: Display: Missing cached shader map for material Material__7, compiling. 
[2019.01.31-18.20.25:923][474]LogMaterial: Warning: /Game/MAX3Dmodle/Charater/eyes/Material__7.Material__7 (no disk path found): Failed to compile Material for platform PCD3D_SM5, Default Material will be used in game.
[2019.01.31-18.20.25:924][474]LogMaterial: 	(Node TextureSample) TextureSample> Sampler type is Color, should be Linear Color for /Game/MAX3Dmodle/Charater/eyes/A1.A1
[2019.01.31-18.20.25:924][474]LogMaterial: 	(Node TextureSample) TextureSample> Sampler type is Color, should be Linear Color for /Game/MAX3Dmodle/Charater/eyes/A2.A2
[2019.01.31-18.20.25:930][474]LogFbx: Warning: Triangulating static mesh Chibi_basemesh001
[2019.01.31-18.20.26:004][474]LogStaticMesh: Building static mesh Eyes...
[2019.01.31-18.20.26:028][474]LogStaticMesh: Built static mesh [0.02s] /Game/MAX3Dmodle/Charater/eyes/Eyes.Eyes
[2019.01.31-18.20.26:143][474]FBXImport: Warning: No smoothing group information was found in this FBX scene.  Please make sure to enable the 'Export Smoothing Groups' option in the FBX Exporter plug-in before exporting the file.  Even for tools that don't support smoothing groups, the FBX Exporter will generate appropriate smoothing data at export-time so that correct vertex normals can be inferred while importing. 
[2019.01.31-18.20.26:453][474]LogMeshUtilities: Finished distance field build in 0.4s - 8x8x8 distance field, 44 triangles, Range [1.0, 1.0], Eyes
[2019.01.31-18.20.26:453][474]LogStaticMesh: Display: Main thread blocked for 0.238s for async distance field build of Eyes to complete!  This can happen if the mesh is rebuilt excessively.
[2019.01.31-18.20.28:065][635]LogSlate: Window 'Message Log' being destroyed
[2019.01.31-18.20.28:068][635]LogSlate: Window 'Message Log' being destroyed
[2019.01.31-18.20.40:143][ 47]LogEditorViewport: Clicking on Actor (LMB): ThirdPersonCharacter_C (ThirdPersonCharacter)
[2019.01.31-18.20.41:962][192]LogEditorViewport: Clicking on Actor (LMB): ThirdPersonCharacter_C (ThirdPersonCharacter)
[2019.01.31-18.20.42:109][205]LogEditorViewport: Clicking on Component (LMB): SkeletalMeshComponent (CharacterMesh0)
[2019.01.31-18.20.44:442][479]LogEditorViewport: Clicking on Component (LMB): SkeletalMeshComponent (CharacterMesh0)
[2019.01.31-18.20.45:247][574]LogEditorViewport: Clicking on Component (LMB): SkeletalMeshComponent (CharacterMesh0)
[2019.01.31-18.20.45:849][644]LogEditorViewport: Clicking on Component (LMB): SkeletalMeshComponent (CharacterMesh0)
[2019.01.31-18.20.45:972][657]LogEditorViewport: Clicking on Actor (double click): ThirdPersonCharacter_C (ThirdPersonCharacter)
[2019.01.31-18.20.46:777][745]LogSlate: FSceneViewport::OnFocusLost() reason 0
[2019.01.31-18.20.47:698][854]LogEditorViewport: Clicking on Actor (LMB): Landscape (Landscape)
[2019.01.31-18.20.49:380][ 41]LogEditorViewport: Clicking on Actor (LMB): ThirdPersonCharacter_C (ThirdPersonCharacter)
[2019.01.31-18.20.50:198][126]LogEditorViewport: Clicking on Actor (LMB): ThirdPersonCharacter_C (ThirdPersonCharacter)
[2019.01.31-18.20.51:537][276]LogSlate: FSceneViewport::OnFocusLost() reason 0
[2019.01.31-18.20.52:933][437]LogAssetEditorManager: Opening Asset editor for SkeletalMesh /Game/MAX3Dmodle/Charater/ChibiBaseMesh.ChibiBaseMesh
[2019.01.31-18.20.53:001][437]LogContentBrowser: Native class hierarchy updated for 'SkeletonEditor' in 0.0003 seconds. Added 1 classes and 2 folders.
[2019.01.31-18.20.53:669][437]LogActorComponent: RegisterComponentWithWorld: (/Engine/Transient.World_4:PersistentLevel.AnimationEditorPreviewActor_0.DebugSkelMeshComponent_0) Already registered. Aborting.
[2019.01.31-18.20.53:719][437]LogContentBrowser: Native class hierarchy updated for 'PinnedCommandList' in 0.0003 seconds. Added 1 classes and 0 folders.
[2019.01.31-18.20.54:003][437]LogSkeletalMesh: USkeletalMeshComponent::InitArticulated : Bodies already created (/Engine/Transient.World_4:PersistentLevel.AnimationEditorPreviewActor_0.DebugSkelMeshComponent_0) - call TermArticulated first.
[2019.01.31-18.20.54:680][437]LogSlate: Took 0.021334 seconds to synchronously load lazily loaded font '../../../Engine/Content/Slate/Fonts/Roboto-Italic.ttf' (157K)
[2019.01.31-18.20.54:743][437]LogContentBrowser: Native class hierarchy updated for 'ClothingSystemEditorInterface' in 0.0003 seconds. Added 1 classes and 0 folders.
[2019.01.31-18.20.54:764][438]LogRenderer: Reallocating scene render targets to support 1060x512 Format 10 NumSamples 1 (Frame:1).
[2019.01.31-18.21.00:047][940]LogSlate: Window 'ChibiBaseMesh' being destroyed
[2019.01.31-18.21.00:050][940]LogSlate: Window 'ChibiBaseMesh' being destroyed
[2019.01.31-18.24.24:232][720]LogSlate: FSceneViewport::OnFocusLost() reason 0
[2019.01.31-18.24.37:599][152]LogAssetEditorManager: Opening Asset editor for SkeletalMesh /Game/MAX3Dmodle/Charater/ChibiBaseMesh.ChibiBaseMesh
[2019.01.31-18.24.37:605][152]LogActorComponent: RegisterComponentWithWorld: (/Engine/Transient.World_5:PersistentLevel.AnimationEditorPreviewActor_0.DebugSkelMeshComponent_0) Already registered. Aborting.
[2019.01.31-18.24.37:643][152]LogSkeletalMesh: USkeletalMeshComponent::InitArticulated : Bodies already created (/Engine/Transient.World_5:PersistentLevel.AnimationEditorPreviewActor_0.DebugSkelMeshComponent_0) - call TermArticulated first.
[2019.01.31-18.24.57:594][847]LogSlate: FSceneViewport::OnFocusLost() reason 0
[2019.01.31-18.25.01:193][ 33]LogSlate: Window 'Choose New StaticMesh Location' being destroyed
[2019.01.31-18.25.04:264][169]LogSlate: Window 'Material Baking Options' being destroyed
[2019.01.31-18.25.10:053][404]LogSlate: Window 'Material Baking Options' being destroyed
[2019.01.31-18.25.11:023][488]LogSlate: Window 'ChibiBaseMesh' being destroyed
[2019.01.31-18.25.11:026][488]LogSlate: Window 'ChibiBaseMesh' being destroyed
[2019.01.31-18.25.30:035][681]LogSlate: FSceneViewport::OnFocusLost() reason 0
[2019.01.31-18.25.30:110][690]LogTemp: Repeating last play command: Simulate
[2019.01.31-18.25.30:159][690]LogBlueprintUserMessages: Early PlayInEditor Detection: Level '/Game/ThirdPersonBP/Maps/ThirdPersonExampleMap.ThirdPersonExampleMap:PersistentLevel' has LevelScriptBlueprint '/Game/ThirdPersonBP/Maps/ThirdPersonExampleMap.ThirdPersonExampleMap:PersistentLevel.ThirdPersonExampleMap' with GeneratedClass '/Game/ThirdPersonBP/Maps/ThirdPersonExampleMap.ThirdPersonExampleMap_C' with ClassGeneratedBy '/Game/ThirdPersonBP/Maps/ThirdPersonExampleMap.ThirdPersonExampleMap:PersistentLevel.ThirdPersonExampleMap'
[2019.01.31-18.25.30:205][690]LogPlayLevel: PlayLevel: No blueprints needed recompiling
[2019.01.31-18.25.30:391][690]PIE: New page: SIE session: ThirdPersonExampleMap (31/01/2019 20.25.30)
[2019.01.31-18.25.30:392][690]LogPlayLevel: Creating play world package: /Game/ThirdPersonBP/Maps/UEDPIE_0_ThirdPersonExampleMap
[2019.01.31-18.25.30:543][690]LogPlayLevel: PIE: StaticDuplicateObject took: (0.151572s)
[2019.01.31-18.25.30:544][690]LogAIModule: Creating AISystem for world ThirdPersonExampleMap
[2019.01.31-18.25.30:561][690]LogPlayLevel: PIE: World Init took: (0.017319s)
[2019.01.31-18.25.30:569][690]LogPlayLevel: PIE: Created PIE world by copying editor world from /Game/ThirdPersonBP/Maps/ThirdPersonExampleMap.ThirdPersonExampleMap to /Game/ThirdPersonBP/Maps/UEDPIE_0_ThirdPersonExampleMap.ThirdPersonExampleMap (0.176996s)
[2019.01.31-18.25.30:853][690]LogInit: XAudio2 using 'Højttalere (G909 Pro)' : 2 channels at 48 kHz using 16 bits per sample (channel mask 0x3)
[2019.01.31-18.25.30:863][690]LogInit: FAudioDevice initialized.
[2019.01.31-18.25.30:992][690]LogLoad: Game class is 'ThirdPersonGameMode_C'
[2019.01.31-18.25.31:024][690]LogWorld: Bringing World /Game/ThirdPersonBP/Maps/UEDPIE_0_ThirdPersonExampleMap.ThirdPersonExampleMap up for play (max tick rate 0) at 2019.01.31-19.25.31
[2019.01.31-18.25.31:057][690]LogWorld: Bringing up level for play took: 0.053261
[2019.01.31-18.25.31:238][690]LogContentBrowser: Native class hierarchy updated for 'MovieSceneCapture' in 0.0003 seconds. Added 10 classes and 0 folders.
[2019.01.31-18.25.31:354][690]PIE: Play in editor start time for /Game/ThirdPersonBP/Maps/UEDPIE_0_ThirdPersonExampleMap 0,65
[2019.01.31-18.25.31:566][690]LogBlueprintUserMessages: Late PlayInEditor Detection: Level '/Game/ThirdPersonBP/Maps/ThirdPersonExampleMap.ThirdPersonExampleMap:PersistentLevel' has LevelScriptBlueprint '/Game/ThirdPersonBP/Maps/ThirdPersonExampleMap.ThirdPersonExampleMap:PersistentLevel.ThirdPersonExampleMap' with GeneratedClass '/Game/ThirdPersonBP/Maps/ThirdPersonExampleMap.ThirdPersonExampleMap_C' with ClassGeneratedBy '/Game/ThirdPersonBP/Maps/ThirdPersonExampleMap.ThirdPersonExampleMap:PersistentLevel.ThirdPersonExampleMap'
[2019.01.31-18.25.32:835][788]LogEditorViewport: Clicking on Actor (LMB): StaticMeshActor (EA04_Rocks_Stoolids_01d)
[2019.01.31-18.25.32:939][788]LogEditorViewport: Clicking on Component (LMB): StaticMeshComponent (StaticMeshComponent0)
[2019.01.31-18.25.33:883][874]LogEditorViewport: Clicking on Actor (LMB): Landscape (Landscape)
[2019.01.31-18.25.34:735][957]LogSlate: FSceneViewport::OnFocusLost() reason 0
[2019.01.31-18.25.43:140][945]LogBlueprintUserMessages: Early EndPlayMap Detection: Level '/Game/ThirdPersonBP/Maps/ThirdPersonExampleMap.ThirdPersonExampleMap:PersistentLevel' has LevelScriptBlueprint '/Game/ThirdPersonBP/Maps/ThirdPersonExampleMap.ThirdPersonExampleMap:PersistentLevel.ThirdPersonExampleMap' with GeneratedClass '/Game/ThirdPersonBP/Maps/ThirdPersonExampleMap.ThirdPersonExampleMap_C' with ClassGeneratedBy '/Game/ThirdPersonBP/Maps/ThirdPersonExampleMap.ThirdPersonExampleMap:PersistentLevel.ThirdPersonExampleMap'
[2019.01.31-18.25.43:165][945]LogSlate: Updating window title bar state: overlay mode, drag disabled, window buttons hidden, title bar hidden
[2019.01.31-18.25.43:252][945]LogPlayLevel: Display: Shutting down PIE online subsystems
[2019.01.31-18.25.43:252][945]LogBlueprintUserMessages: Late EndPlayMap Detection: Level '/Game/ThirdPersonBP/Maps/ThirdPersonExampleMap.ThirdPersonExampleMap:PersistentLevel' has LevelScriptBlueprint '/Game/ThirdPersonBP/Maps/ThirdPersonExampleMap.ThirdPersonExampleMap:PersistentLevel.ThirdPersonExampleMap' with GeneratedClass '/Game/ThirdPersonBP/Maps/ThirdPersonExampleMap.ThirdPersonExampleMap_C' with ClassGeneratedBy '/Game/ThirdPersonBP/Maps/ThirdPersonExampleMap.ThirdPersonExampleMap:PersistentLevel.ThirdPersonExampleMap'
[2019.01.31-18.25.43:356][945]LogSlate: Updating window title bar state: overlay mode, drag disabled, window buttons hidden, title bar hidden
[2019.01.31-18.25.43:424][946]LogPlayLevel: Display: Destroying online subsystem :Context_7
[2019.01.31-18.25.46:516][316]LogSlate: FSceneViewport::OnFocusLost() reason 0
[2019.01.31-18.25.51:775][328]LogSlate: Window 'Save Content' being destroyed
[2019.01.31-18.25.51:935][328]LogSlate: Window 'ParallelNoteV2 - Unreal Editor' being destroyed
[2019.01.31-18.25.52:348][329]Cmd: QUIT_EDITOR
[2019.01.31-18.25.53:366][329]LogWindowsTextInputMethodSystem: Display: IME system now deactivated.
[2019.01.31-18.25.53:407][329]LogExit: Preparing to exit.
[2019.01.31-18.25.54:384][329]LogExit: Editor shut down
[2019.01.31-18.25.54:384][329]LogExit: Transaction tracking system shut down
[2019.01.31-18.25.56:079][329]LogExit: Object subsystem successfully closed.
[2019.01.31-18.25.56:194][329]LogShaderCompilers: Display: Shaders left to compile 0
[2019.01.31-18.25.56:214][329]LogD3D11RHI: Shutdown
[2019.01.31-18.25.56:214][329]LogD3D11RHI: CleanupD3DDevice
[2019.01.31-18.25.56:254][329]LogD3D11RHI: ~FD3D11DynamicRHI
[2019.01.31-18.25.57:329][329]LogModuleManager: Shutting down and abandoning module MovieSceneCapture (624)
[2019.01.31-18.25.57:329][329]LogModuleManager: Shutting down and abandoning module Voice (622)
[2019.01.31-18.25.57:333][329]LogModuleManager: Shutting down and abandoning module ClothingSystemEditorInterface (620)
[2019.01.31-18.25.57:333][329]LogModuleManager: Shutting down and abandoning module PinnedCommandList (618)
[2019.01.31-18.25.57:333][329]LogModuleManager: Shutting down and abandoning module SkeletonEditor (616)
[2019.01.31-18.25.57:343][329]LogModuleManager: Shutting down and abandoning module MeshBuilder (614)
[2019.01.31-18.25.57:343][329]LogModuleManager: Shutting down and abandoning module HierarchicalLODOutliner (612)
[2019.01.31-18.25.57:343][329]LogModuleManager: Shutting down and abandoning module WorldBrowser (610)
[2019.01.31-18.25.57:354][329]LogModuleManager: Shutting down and abandoning module SceneOutliner (608)
[2019.01.31-18.25.57:354][329]LogModuleManager: Shutting down and abandoning module AddContentDialog (606)
[2019.01.31-18.25.57:369][329]LogModuleManager: Shutting down and abandoning module WidgetCarousel (605)
[2019.01.31-18.25.57:369][329]LogModuleManager: Shutting down and abandoning module EditorWidgets (602)
[2019.01.31-18.25.57:369][329]LogModuleManager: Shutting down and abandoning module CollectionManager (600)
[2019.01.31-18.25.57:379][329]LogModuleManager: Shutting down and abandoning module StatsViewer (598)
[2019.01.31-18.25.57:390][329]LogModuleManager: Shutting down and abandoning module FoliageEdit (596)
[2019.01.31-18.25.57:404][329]LogModuleManager: Shutting down and abandoning module LandscapeEditor (594)
[2019.01.31-18.25.57:441][329]LogModuleManager: Shutting down and abandoning module MeshPaintMode (592)
[2019.01.31-18.25.57:441][329]LogModuleManager: Shutting down and abandoning module SceneDepthPickerMode (590)
[2019.01.31-18.25.57:441][329]LogModuleManager: Shutting down and abandoning module ActorPickerMode (588)
[2019.01.31-18.25.57:441][329]LogModuleManager: Shutting down and abandoning module GeometryMode (586)
[2019.01.31-18.25.57:441][329]LogModuleManager: Shutting down and abandoning module TextureAlignMode (584)
[2019.01.31-18.25.57:441][329]LogModuleManager: Shutting down and abandoning module BspMode (582)
[2019.01.31-18.25.57:441][329]LogModuleManager: Shutting down and abandoning module PIEPreviewDeviceProfileSelector (580)
[2019.01.31-18.25.57:442][329]LogModuleManager: Shutting down and abandoning module SequenceRecorderSections (578)
[2019.01.31-18.25.57:454][329]LogModuleManager: Shutting down and abandoning module AutomationWorker (576)
[2019.01.31-18.25.57:454][329]LogModuleManager: Shutting down and abandoning module AudioCaptureEditor (574)
[2019.01.31-18.25.57:454][329]LogModuleManager: Shutting down and abandoning module SequenceRecorder (573)
[2019.01.31-18.25.57:455][329]LogModuleManager: Shutting down and abandoning module MatineeToLevelSequence (570)
[2019.01.31-18.25.57:472][329]LogModuleManager: Shutting down and abandoning module LevelSequenceEditor (568)
[2019.01.31-18.25.57:491][329]LogModuleManager: Shutting down and abandoning module PlacementMode (567)
[2019.01.31-18.25.57:494][329]LogModuleManager: Shutting down and abandoning module MaterialEditor (566)
[2019.01.31-18.25.57:549][329]LogModuleManager: Shutting down and abandoning module WmfMediaFactory (562)
[2019.01.31-18.25.57:549][329]LogModuleManager: Shutting down and abandoning module WmfMediaEditor (560)
[2019.01.31-18.25.57:549][329]LogModuleManager: Shutting down and abandoning module MediaPlayerEditor (558)
[2019.01.31-18.25.57:567][329]LogModuleManager: Shutting down and abandoning module OpenExrWrapper (556)
[2019.01.31-18.25.57:567][329]LogModuleManager: Shutting down and abandoning module ImgMediaFactory (554)
[2019.01.31-18.25.57:567][329]LogModuleManager: Shutting down and abandoning module ImgMediaEditor (552)
[2019.01.31-18.25.57:567][329]LogModuleManager: Shutting down and abandoning module AvfMediaFactory (550)
[2019.01.31-18.25.57:567][329]LogModuleManager: Shutting down and abandoning module AvfMediaEditor (548)
[2019.01.31-18.25.57:567][329]LogModuleManager: Shutting down and abandoning module AndroidMediaFactory (546)
[2019.01.31-18.25.57:567][329]LogModuleManager: Shutting down and abandoning module AndroidMediaEditor (544)
[2019.01.31-18.25.57:567][329]LogModuleManager: Shutting down and abandoning module MagicLeapCameraPreviewFactory (542)
[2019.01.31-18.25.57:567][329]LogModuleManager: Shutting down and abandoning module MagicLeapMediaFactory (540)
[2019.01.31-18.25.57:567][329]LogModuleManager: Shutting down and abandoning module MagicLeapMediaEditor (538)
[2019.01.31-18.25.57:567][329]LogModuleManager: Shutting down and abandoning module CharacterAI (536)
[2019.01.31-18.25.57:567][329]LogModuleManager: Shutting down and abandoning module SmartSnapping (534)
[2019.01.31-18.25.57:567][329]LogModuleManager: Shutting down and abandoning module SessionServices (532)
[2019.01.31-18.25.57:567][329]LogModuleManager: Shutting down and abandoning module ViewportSnapping (530)
[2019.01.31-18.25.57:567][329]LogModuleManager: Shutting down and abandoning module ViewportInteraction (528)
[2019.01.31-18.25.57:567][329]LogModuleManager: Shutting down and abandoning module ClothPainter (526)
[2019.01.31-18.25.57:594][329]LogModuleManager: Shutting down and abandoning module SkeletalMeshEditor (525)
[2019.01.31-18.25.57:594][329]LogModuleManager: Shutting down and abandoning module LogVisualizer (522)
[2019.01.31-18.25.57:609][329]LogModuleManager: Shutting down and abandoning module IntroTutorials (520)
[2019.01.31-18.25.57:630][329]LogModuleManager: Shutting down and abandoning module GameProjectGeneration (519)
[2019.01.31-18.25.57:646][329]LogModuleManager: Shutting down and abandoning module LuminPlatformEditor (516)
[2019.01.31-18.25.57:646][329]LogModuleManager: Shutting down and abandoning module IOSPlatformEditor (514)
[2019.01.31-18.25.57:660][329]LogModuleManager: Shutting down and abandoning module HTML5PlatformEditor (512)
[2019.01.31-18.25.57:660][329]LogModuleManager: Shutting down and abandoning module AndroidPlatformEditor (510)
[2019.01.31-18.25.57:660][329]LogModuleManager: Shutting down and abandoning module AndroidDeviceDetection (509)
[2019.01.31-18.25.58:449][329]LogModuleManager: Shutting down and abandoning module WindowsPlatformEditor (506)
[2019.01.31-18.25.58:449][329]LogModuleManager: Shutting down and abandoning module LuminRuntimeSettings (504)
[2019.01.31-18.25.58:449][329]LogModuleManager: Shutting down and abandoning module IOSRuntimeSettings (502)
[2019.01.31-18.25.58:449][329]LogModuleManager: Shutting down and abandoning module AndroidRuntimeSettings (500)
[2019.01.31-18.25.58:449][329]LogModuleManager: Shutting down and abandoning module InputBindingEditor (498)
[2019.01.31-18.25.58:459][329]LogModuleManager: Shutting down and abandoning module MergeActors (496)
[2019.01.31-18.25.58:473][329]LogModuleManager: Shutting down and abandoning module LocalizationDashboard (494)
[2019.01.31-18.25.58:486][329]LogModuleManager: Shutting down and abandoning module LocalizationService (493)
[2019.01.31-18.25.58:498][329]LogModuleManager: Shutting down and abandoning module HardwareTargeting (490)
[2019.01.31-18.25.58:498][329]LogModuleManager: Shutting down and abandoning module DeviceProfileEditor (488)
[2019.01.31-18.25.58:498][329]LogModuleManager: Shutting down and abandoning module UndoHistory (486)
[2019.01.31-18.25.58:498][329]LogModuleManager: Shutting down and abandoning module XmlParser (484)
[2019.01.31-18.25.58:498][329]LogModuleManager: Shutting down and abandoning module Blutility (482)
[2019.01.31-18.25.58:510][329]LogModuleManager: Shutting down and abandoning module ProjectSettingsViewer (480)
[2019.01.31-18.25.58:510][329]LogModuleManager: Shutting down and abandoning module ProjectTargetPlatformEditor (479)
[2019.01.31-18.25.58:511][329]LogModuleManager: Shutting down and abandoning module EditorSettingsViewer (476)
[2019.01.31-18.25.58:511][329]LogModuleManager: Shutting down and abandoning module SettingsEditor (474)
[2019.01.31-18.25.58:511][329]LogModuleManager: Shutting down and abandoning module ProjectLauncher (472)
[2019.01.31-18.25.58:529][329]LogModuleManager: Shutting down and abandoning module SessionFrontend (470)
[2019.01.31-18.25.58:538][329]LogModuleManager: Shutting down and abandoning module ProfilerClient (468)
[2019.01.31-18.25.58:538][329]LogModuleManager: Shutting down and abandoning module DeviceManager (466)
[2019.01.31-18.25.58:549][329]LogModuleManager: Shutting down and abandoning module TargetDeviceServices (465)
[2019.01.31-18.25.58:604][329]LogModuleManager: Shutting down and abandoning module AutomationController (462)
[2019.01.31-18.25.58:623][329]LogModuleManager: Shutting down and abandoning module AutomationWindow (460)
[2019.01.31-18.25.58:641][329]LogModuleManager: Shutting down and abandoning module Layers (458)
[2019.01.31-18.25.58:650][329]LogModuleManager: Shutting down and abandoning module ComponentVisualizers (456)
[2019.01.31-18.25.58:650][329]LogModuleManager: Shutting down and abandoning module DetailCustomizations (454)
[2019.01.31-18.25.58:650][329]LogModuleManager: Shutting down and abandoning module PackagesDialog (452)
[2019.01.31-18.25.58:650][329]LogModuleManager: Shutting down and abandoning module Persona (450)
[2019.01.31-18.25.58:665][329]LogModuleManager: Shutting down and abandoning module AdvancedPreviewScene (449)
[2019.01.31-18.25.58:665][329]LogModuleManager: Shutting down and abandoning module AnimGraph (447)
[2019.01.31-18.25.58:676][329]LogModuleManager: Shutting down and abandoning module Kismet (444)
[2019.01.31-18.25.58:705][329]LogModuleManager: Shutting down and abandoning module GraphEditor (442)
[2019.01.31-18.25.58:733][329]LogModuleManager: Shutting down and abandoning module ClassViewer (440)
[2019.01.31-18.25.58:733][329]LogModuleManager: Shutting down and abandoning module Toolbox (438)
[2019.01.31-18.25.58:733][329]LogModuleManager: Shutting down and abandoning module ModuleUI (436)
[2019.01.31-18.25.58:733][329]LogModuleManager: Shutting down and abandoning module MovieSceneTools (434)
[2019.01.31-18.25.58:752][329]LogModuleManager: Shutting down and abandoning module OutputLog (432)
[2019.01.31-18.25.58:752][329]LogModuleManager: Shutting down and abandoning module GammaUI (430)
[2019.01.31-18.25.58:764][329]LogModuleManager: Shutting down and abandoning module Documentation (428)
[2019.01.31-18.25.58:764][329]LogModuleManager: Shutting down and abandoning module MovieSceneTracks (426)
[2019.01.31-18.25.58:764][329]LogModuleManager: Shutting down and abandoning module MovieScene (424)
[2019.01.31-18.25.58:779][329]LogModuleManager: Shutting down and abandoning module StreamingPauseRendering (422)
[2019.01.31-18.25.58:795][329]LogModuleManager: Shutting down and abandoning module LauncherPlatform (420)
[2019.01.31-18.25.58:795][329]LogModuleManager: Shutting down and abandoning module AnalyticsET (418)
[2019.01.31-18.25.58:795][329]LogModuleManager: Shutting down and abandoning module PortalServices (416)
[2019.01.31-18.25.58:795][329]LogModuleManager: Shutting down and abandoning module PortalRpc (414)
[2019.01.31-18.25.58:795][329]LogModuleManager: Shutting down and abandoning module MessagingRpc (412)
[2019.01.31-18.25.58:795][329]LogModuleManager: Shutting down and abandoning module AIModule (410)
[2019.01.31-18.25.58:804][329]LogModuleManager: Shutting down and abandoning module GameplayDebugger (409)
[2019.01.31-18.25.58:816][329]LogModuleManager: Shutting down and abandoning module AITestSuite (407)
[2019.01.31-18.25.58:820][329]LogModuleManager: Shutting down and abandoning module NavigationSystem (405)
[2019.01.31-18.25.58:820][329]LogModuleManager: Shutting down and abandoning module DesktopPlatform (402)
[2019.01.31-18.25.58:820][329]LogModuleManager: Shutting down and abandoning module ProfilerService (400)
[2019.01.31-18.25.59:048][329]LogModuleManager: Shutting down and abandoning module TaskGraph (398)
[2019.01.31-18.25.59:066][329]LogModuleManager: Shutting down and abandoning module SteamVRController (396)
[2019.01.31-18.25.59:066][329]LogModuleManager: Shutting down and abandoning module ProceduralMeshComponentEditor (394)
[2019.01.31-18.25.59:066][329]LogModuleManager: Shutting down and abandoning module ProceduralMeshComponent (392)
[2019.01.31-18.25.59:073][329]LogModuleManager: Shutting down and abandoning module OculusInput (390)
[2019.01.31-18.25.59:073][329]LogModuleManager: Shutting down and abandoning module MobilePatchingUtils (388)
[2019.01.31-18.25.59:073][329]LogModuleManager: Shutting down and abandoning module EditableMesh (386)
[2019.01.31-18.25.59:088][329]LogModuleManager: Shutting down and abandoning module CustomMeshComponent (384)
[2019.01.31-18.25.59:088][329]LogModuleManager: Shutting down and abandoning module CableComponent (382)
[2019.01.31-18.25.59:088][329]LogModuleManager: Shutting down and abandoning module AudioCapture (380)
[2019.01.31-18.25.59:088][329]LogModuleManager: Shutting down and abandoning module ArchVisCharacter (378)
[2019.01.31-18.25.59:088][329]LogModuleManager: Shutting down and abandoning module AndroidPermission (376)
[2019.01.31-18.25.59:088][329]LogModuleManager: Shutting down and abandoning module NUTUnrealEngine4 (374)
[2019.01.31-18.25.59:088][329]LogModuleManager: Shutting down and abandoning module NetcodeUnitTest (372)
[2019.01.31-18.25.59:119][329]LogModuleManager: Shutting down and abandoning module MediaCompositingEditor (370)
[2019.01.31-18.25.59:119][329]LogModuleManager: Shutting down and abandoning module MediaCompositing (368)
[2019.01.31-18.25.59:119][329]LogModuleManager: Shutting down and abandoning module LinearTimecode (366)
[2019.01.31-18.25.59:119][329]LogModuleManager: Shutting down and abandoning module ImgMedia (364)
[2019.01.31-18.25.59:137][329]LogModuleManager: Shutting down and abandoning module HTML5Networking (362)
[2019.01.31-18.25.59:137][329]LogModuleManager: Shutting down and abandoning module GeometryCacheTracks (360)
[2019.01.31-18.25.59:137][329]LogModuleManager: Shutting down and abandoning module GeometryCacheSequencer (358)
[2019.01.31-18.25.59:137][329]LogModuleManager: Shutting down and abandoning module BackChannel (356)
[2019.01.31-18.25.59:149][329]LogModuleManager: Shutting down and abandoning module AppleVision (354)
[2019.01.31-18.25.59:149][329]LogModuleManager: Shutting down and abandoning module AppleImageUtils (352)
[2019.01.31-18.25.59:149][329]LogModuleManager: Shutting down and abandoning module AlembicImporter (350)
[2019.01.31-18.25.59:149][329]LogModuleManager: Shutting down and abandoning module AlembicLibrary (349)
[2019.01.31-18.25.59:149][329]LogModuleManager: Shutting down and abandoning module GeometryCache (348)
[2019.01.31-18.25.59:149][329]LogModuleManager: Shutting down and abandoning module GeometryCacheEd (347)
[2019.01.31-18.25.59:149][329]LogModuleManager: Shutting down and abandoning module DatasmithContentEditor (342)
[2019.01.31-18.25.59:165][329]LogModuleManager: Shutting down and abandoning module DatasmithContent (340)
[2019.01.31-18.25.59:166][329]LogModuleManager: Shutting down and abandoning module SpeedTreeImporter (338)
[2019.01.31-18.25.59:166][329]LogModuleManager: Shutting down and abandoning module PluginBrowser (336)
[2019.01.31-18.25.59:185][329]LogModuleManager: Shutting down and abandoning module MobileLauncherProfileWizard (334)
[2019.01.31-18.25.59:196][329]LogModuleManager: Shutting down and abandoning module PolygonModeling (332)
[2019.01.31-18.25.59:196][329]LogModuleManager: Shutting down and abandoning module MeshEditor (330)
[2019.01.31-18.25.59:207][329]LogModuleManager: Shutting down and abandoning module CryptoKeysOpenSSL (328)
[2019.01.31-18.25.59:215][329]LogModuleManager: Shutting down and abandoning module CryptoKeys (326)
[2019.01.31-18.25.59:215][329]LogModuleManager: Shutting down and abandoning module VisualStudioSourceCodeAccess (324)
[2019.01.31-18.25.59:215][329]LogModuleManager: Shutting down and abandoning module VisualStudioCodeSourceCodeAccess (322)
[2019.01.31-18.25.59:215][329]LogModuleManager: Shutting down and abandoning module UObjectPlugin (320)
[2019.01.31-18.25.59:215][329]LogModuleManager: Shutting down and abandoning module SubversionSourceControl (318)
[2019.01.31-18.25.59:226][329]LogModuleManager: Shutting down and abandoning module PerforceSourceControl (316)
[2019.01.31-18.25.59:236][329]LogModuleManager: Shutting down and abandoning module GitSourceControl (314)
[2019.01.31-18.25.59:249][329]LogModuleManager: Shutting down and abandoning module SourceControl (313)
[2019.01.31-18.25.59:258][329]LogModuleManager: Shutting down and abandoning module CLionSourceCodeAccess (310)
[2019.01.31-18.25.59:258][329]LogModuleManager: Shutting down and abandoning module LightPropagationVolumeEditor (308)
[2019.01.31-18.25.59:258][329]LogModuleManager: Shutting down and abandoning module PaperTiledImporter (306)
[2019.01.31-18.25.59:258][329]LogModuleManager: Shutting down and abandoning module PaperSpriteSheetImporter (304)
[2019.01.31-18.25.59:258][329]LogModuleManager: Shutting down and abandoning module Paper2DEditor (302)
[2019.01.31-18.25.59:280][329]LogModuleManager: Shutting down and abandoning module MeshPaint (301)
[2019.01.31-18.25.59:281][329]LogModuleManager: Shutting down and abandoning module RuntimePhysXCooking (298)
[2019.01.31-18.25.59:281][329]LogModuleManager: Shutting down and abandoning module PhysXVehiclesEditor (296)
[2019.01.31-18.25.59:281][329]LogModuleManager: Shutting down and abandoning module PhysXVehicles (294)
[2019.01.31-18.25.59:281][329]LogModuleManager: Shutting down and abandoning module OculusEditor (292)
[2019.01.31-18.25.59:289][329]LogModuleManager: Shutting down and abandoning module LocationServicesBPLibrary (290)
[2019.01.31-18.25.59:289][329]LogModuleManager: Shutting down and abandoning module ImmediatePhysicsEditor (288)
[2019.01.31-18.25.59:289][329]LogModuleManager: Shutting down and abandoning module ImmediatePhysics (286)
[2019.01.31-18.25.59:301][329]LogModuleManager: Shutting down and abandoning module ActorSequence (284)
[2019.01.31-18.25.59:301][329]LogModuleManager: Shutting down and abandoning module UdpMessaging (282)
[2019.01.31-18.25.59:402][329]LogModuleManager: Shutting down and abandoning module TcpMessaging (280)
[2019.01.31-18.25.59:510][329]LogModuleManager: Shutting down and abandoning module MagicLeapAudio (278)
[2019.01.31-18.25.59:510][329]LogModuleManager: Shutting down and abandoning module GameplayTagsEditor (276)
[2019.01.31-18.25.59:522][329]LogModuleManager: Shutting down and abandoning module FacialAnimationEditor (274)
[2019.01.31-18.25.59:522][329]LogModuleManager: Shutting down and abandoning module FacialAnimation (272)
[2019.01.31-18.25.59:522][329]LogModuleManager: Shutting down and abandoning module DataValidation (270)
[2019.01.31-18.25.59:522][329]LogModuleManager: Shutting down and abandoning module AssetManagerEditor (268)
[2019.01.31-18.25.59:529][329]LogModuleManager: Shutting down and abandoning module LevelEditor (267)
[2019.01.31-18.25.59:538][329]LogModuleManager: Shutting down and abandoning module PixelInspectorModule (266)
[2019.01.31-18.25.59:560][329]LogModuleManager: Shutting down and abandoning module CommonMenuExtensions (264)
[2019.01.31-18.25.59:561][329]LogModuleManager: Shutting down and abandoning module MainFrame (262)
[2019.01.31-18.25.59:577][329]LogModuleManager: Shutting down and abandoning module HotReload (261)
[2019.01.31-18.25.59:592][329]LogModuleManager: Shutting down and abandoning module ContentBrowser (257)
[2019.01.31-18.25.59:593][329]LogModuleManager: Shutting down and abandoning module TreeMap (255)
[2019.01.31-18.25.59:595][329]LogModuleManager: Shutting down and abandoning module LightPropagationVolumeRuntime (252)
[2019.01.31-18.25.59:595][329]LogModuleManager: Shutting down and abandoning module AISupportModule (250)
[2019.01.31-18.25.59:595][329]LogModuleManager: Shutting down and abandoning module Paper2D (248)
[2019.01.31-18.25.59:623][329]LogModuleManager: Shutting down and abandoning module WindowsMoviePlayer (246)
[2019.01.31-18.25.59:631][329]LogModuleManager: Shutting down and abandoning module WmfMedia (244)
[2019.01.31-18.25.59:640][329]LogModuleManager: Shutting down and abandoning module Media (243)
[2019.01.31-18.25.59:646][329]LogModuleManager: Shutting down and abandoning module PacketHandler (240)
[2019.01.31-18.25.59:646][329]LogModuleManager: Shutting down and abandoning module ClothingSystemEditor (238)
[2019.01.31-18.25.59:646][329]LogModuleManager: Shutting down and abandoning module ClothingSystemRuntime (236)
[2019.01.31-18.25.59:658][329]LogModuleManager: Shutting down and abandoning module MediaAssets (234)
[2019.01.31-18.25.59:658][329]LogModuleManager: Shutting down and abandoning module Overlay (232)
[2019.01.31-18.25.59:658][329]LogModuleManager: Shutting down and abandoning module OverlayEditor (231)
[2019.01.31-18.25.59:659][329]LogModuleManager: Shutting down and abandoning module VREditor (228)
[2019.01.31-18.25.59:668][329]LogModuleManager: Shutting down and abandoning module StringTableEditor (226)
[2019.01.31-18.25.59:681][329]LogModuleManager: Shutting down and abandoning module GameplayTasksEditor (224)
[2019.01.31-18.25.59:681][329]LogModuleManager: Shutting down and abandoning module BehaviorTreeEditor (222)
[2019.01.31-18.25.59:705][329]LogModuleManager: Shutting down and abandoning module FunctionalTesting (220)
[2019.01.31-18.25.59:718][329]LogModuleManager: Shutting down and abandoning module CollisionAnalyzer (218)
[2019.01.31-18.25.59:741][329]LogModuleManager: Shutting down and abandoning module WorkspaceMenuStructure (217)
[2019.01.31-18.25.59:741][329]LogModuleManager: Shutting down and abandoning module UMG (214)
[2019.01.31-18.25.59:741][329]LogModuleManager: Shutting down and abandoning module UMGEditor (213)
[2019.01.31-18.25.59:767][329]LogModuleManager: Shutting down and abandoning module Sequencer (212)
[2019.01.31-18.25.59:820][329]LogModuleManager: Shutting down and abandoning module MessageLog (209)
[2019.01.31-18.25.59:821][329]LogModuleManager: Shutting down and abandoning module SlateReflector (204)
[2019.01.31-18.25.59:851][329]LogModuleManager: Shutting down and abandoning module Slate (202)
[2019.01.31-18.25.59:851][329]LogModuleManager: Shutting down and abandoning module EditorStyle (200)
[2019.01.31-18.25.59:852][329]LogModuleManager: Shutting down and abandoning module MRMesh (198)
[2019.01.31-18.25.59:861][329]LogModuleManager: Shutting down and abandoning module SourceCodeAccess (196)
[2019.01.31-18.25.59:861][329]LogModuleManager: Shutting down and abandoning module HeadMountedDisplay (194)
[2019.01.31-18.25.59:861][329]LogModuleManager: Shutting down and abandoning module XAudio2 (192)
[2019.01.31-18.25.59:861][329]LogModuleManager: Shutting down and abandoning module Networking (190)
[2019.01.31-18.25.59:861][329]LogModuleManager: Shutting down and abandoning module Core (188)
[2019.01.31-18.25.59:861][329]LogModuleManager: Shutting down and abandoning module LevelSequence (186)
[2019.01.31-18.25.59:862][329]LogModuleManager: Shutting down and abandoning module KismetCompiler (184)
[2019.01.31-18.25.59:862][329]LogModuleManager: Shutting down and abandoning module MeshUtilities (182)
[2019.01.31-18.25.59:869][329]LogModuleManager: Shutting down and abandoning module MeshMergeUtilities (181)
[2019.01.31-18.25.59:879][329]LogModuleManager: Shutting down and abandoning module MeshReductionInterface (180)
[2019.01.31-18.25.59:879][329]LogModuleManager: Shutting down and abandoning module SimplygonSwarm (179)
[2019.01.31-18.25.59:887][329]LogModuleManager: Shutting down and abandoning module ProxyLODMeshReduction (177)
[2019.01.31-18.25.59:906][329]LogModuleManager: Shutting down and abandoning module SimplygonMeshReduction (175)
[2019.01.31-18.25.59:906][329]LogModuleManager: Shutting down and abandoning module QuadricMeshReduction (173)
[2019.01.31-18.25.59:927][329]LogModuleManager: Shutting down and abandoning module MaterialBaking (169)
[2019.01.31-18.25.59:927][329]LogModuleManager: Shutting down and abandoning module DirectoryWatcher (165)
[2019.01.31-18.25.59:927][329]LogModuleManager: Shutting down and abandoning module DerivedDataCache (162)
[2019.01.31-18.25.59:928][329]LogDerivedDataCache: Shutdown
[2019.01.31-18.25.59:928][329]LogModuleManager: Shutting down and abandoning module XGEController (160)
[2019.01.31-18.25.59:928][329]LogXGEController: Cleaning working directory: C:/Users/MAX-GAME/AppData/Local/Temp/UnrealXGEWorkingDir/
[2019.01.31-18.25.59:941][329]LogModuleManager: Shutting down and abandoning module TargetPlatform (158)
[2019.01.31-18.25.59:941][329]LogModuleManager: Shutting down and abandoning module VulkanShaderFormat (157)
[2019.01.31-18.25.59:968][329]LogModuleManager: Shutting down and abandoning module ShaderFormatVectorVM (155)
[2019.01.31-18.25.59:975][329]LogModuleManager: Shutting down and abandoning module ShaderFormatOpenGL (153)
[2019.01.31-18.25.59:983][329]LogModuleManager: Shutting down and abandoning module ShaderFormatD3D (151)
[2019.01.31-18.25.59:983][329]LogModuleManager: Shutting down and abandoning module MetalShaderFormat (149)
[2019.01.31-18.26.00:003][329]LogModuleManager: Shutting down and abandoning module TextureFormatUncompressed (147)
[2019.01.31-18.26.00:003][329]LogModuleManager: Shutting down and abandoning module TextureFormatPVR (145)
[2019.01.31-18.26.00:003][329]LogModuleManager: Shutting down and abandoning module TextureFormatDXT (143)
[2019.01.31-18.26.00:003][329]LogModuleManager: Shutting down and abandoning module TextureFormatIntelISPCTexComp (141)
[2019.01.31-18.26.00:012][329]LogModuleManager: Shutting down and abandoning module TextureFormatASTC (139)
[2019.01.31-18.26.00:012][329]LogModuleManager: Shutting down and abandoning module ImageWrapper (138)
[2019.01.31-18.26.00:012][329]LogModuleManager: Shutting down and abandoning module TextureFormatAndroid (135)
[2019.01.31-18.26.00:012][329]LogModuleManager: Shutting down and abandoning module AudioFormatOpus (133)
[2019.01.31-18.26.00:012][329]LogModuleManager: Shutting down and abandoning module AudioFormatOgg (131)
[2019.01.31-18.26.00:012][329]LogModuleManager: Shutting down and abandoning module AudioFormatADPCM (129)
[2019.01.31-18.26.00:012][329]LogModuleManager: Shutting down and abandoning module LuminTargetPlatform (127)
[2019.01.31-18.26.00:012][329]LogModuleManager: Shutting down and abandoning module LinuxTargetPlatform (125)
[2019.01.31-18.26.00:012][329]LogModuleManager: Shutting down and abandoning module LinuxServerTargetPlatform (123)
[2019.01.31-18.26.00:012][329]LogModuleManager: Shutting down and abandoning module LinuxNoEditorTargetPlatform (121)
[2019.01.31-18.26.00:024][329]LogModuleManager: Shutting down and abandoning module LinuxClientTargetPlatform (119)
[2019.01.31-18.26.00:035][329]LogModuleManager: Shutting down and abandoning module TVOSTargetPlatform (117)
[2019.01.31-18.26.00:035][329]LogModuleManager: Shutting down and abandoning module Messaging (115)
[2019.01.31-18.26.00:035][329]LogModuleManager: Shutting down and abandoning module IOSTargetPlatform (113)
[2019.01.31-18.26.00:036][329]LogModuleManager: Shutting down and abandoning module HTML5TargetPlatform (111)
[2019.01.31-18.26.00:036][329]LogModuleManager: Shutting down and abandoning module AndroidTargetPlatform (109)
[2019.01.31-18.26.00:046][329]LogModuleManager: Shutting down and abandoning module WindowsTargetPlatform (107)
[2019.01.31-18.26.00:046][329]LogModuleManager: Shutting down and abandoning module WindowsServerTargetPlatform (105)
[2019.01.31-18.26.00:046][329]LogModuleManager: Shutting down and abandoning module WindowsNoEditorTargetPlatform (103)
[2019.01.31-18.26.00:046][329]LogModuleManager: Shutting down and abandoning module WindowsClientTargetPlatform (101)
[2019.01.31-18.26.00:046][329]LogModuleManager: Shutting down and abandoning module MacTargetPlatform (99)
[2019.01.31-18.26.00:046][329]LogModuleManager: Shutting down and abandoning module MacServerTargetPlatform (97)
[2019.01.31-18.26.00:046][329]LogModuleManager: Shutting down and abandoning module MacNoEditorTargetPlatform (95)
[2019.01.31-18.26.00:046][329]LogModuleManager: Shutting down and abandoning module MacClientTargetPlatform (93)
[2019.01.31-18.26.00:046][329]LogModuleManager: Shutting down and abandoning module AllDesktopTargetPlatform (91)
[2019.01.31-18.26.00:046][329]LogModuleManager: Shutting down and abandoning module InputCore (88)
[2019.01.31-18.26.00:046][329]LogModuleManager: Shutting down and abandoning module Settings (86)
[2019.01.31-18.26.00:047][329]LogModuleManager: Shutting down and abandoning module PhysXCooking (84)
[2019.01.31-18.26.00:047][329]LogModuleManager: Shutting down and abandoning module SteamVR (82)
[2019.01.31-18.26.00:047][329]LogModuleManager: Shutting down and abandoning module OculusHMD (80)
[2019.01.31-18.26.00:049][329]LogModuleManager: Shutting down and abandoning module ExampleDeviceProfileSelector (78)
[2019.01.31-18.26.00:049][329]LogModuleManager: Shutting down and abandoning module LauncherChunkInstaller (76)
[2019.01.31-18.26.00:049][329]LogModuleManager: Shutting down and abandoning module OnlineBlueprintSupport (74)
[2019.01.31-18.26.00:049][329]LogModuleManager: Shutting down and abandoning module OnlineSubsystem (70)
[2019.01.31-18.26.00:065][329]LogModuleManager: Shutting down and abandoning module XMPP (65)
[2019.01.31-18.26.00:074][329]LogModuleManager: Shutting down and abandoning module WebSockets (64)
[2019.01.31-18.26.00:100][329]LogModuleManager: Shutting down and abandoning module HTTP (61)
[2019.01.31-18.26.00:114][329]LogHttp: Display: Http module shutting down, but needs to wait on 1 outstanding Http requests:
[2019.01.31-18.26.00:114][329]LogHttp: Display: 	verb=[POST] url=[https://datarouter.ol.epicgames.com/datarouter/api/v1/public/data?SessionID=%7BDD983C77-4271-C8D2-98FC-5F932B9B04CC%7D&AppID=UEEditor.Rocket.Release&AppVersion=4.20.3-4369336%2B%2B%2BUE4%2BRelease-4.20&UserID=4117aea747ad9bd9bf9f51ade1dac875%7C9dc66da4e050489a8bccca371cda8540%7C283dd208-cc54-4bac-b5dc-862bab642dbb&AppEnvironment=datacollector-binary&UploadType=eteventstream] status=Processing
[2019.01.31-18.26.00:133][329]LogModuleManager: Shutting down and abandoning module SSL (60)
[2019.01.31-18.26.00:149][329]LogModuleManager: Shutting down and abandoning module MagicLeapEmulator (56)
[2019.01.31-18.26.00:150][329]LogModuleManager: Shutting down and abandoning module MagicLeapPrivileges (54)
[2019.01.31-18.26.00:150][329]LogModuleManager: Shutting down and abandoning module MagicLeapIdentity (52)
[2019.01.31-18.26.00:150][329]LogModuleManager: Shutting down and abandoning module MagicLeapHelperVulkan (50)
[2019.01.31-18.26.00:150][329]LogModuleManager: Shutting down and abandoning module MagicLeapHelperOpenGL (48)
[2019.01.31-18.26.00:150][329]LogModuleManager: Shutting down and abandoning module MagicLeapSecureStorage (46)
[2019.01.31-18.26.00:150][329]LogModuleManager: Shutting down and abandoning module MagicLeapGestures (44)
[2019.01.31-18.26.00:150][329]LogModuleManager: Shutting down and abandoning module MagicLeapEyeTracker (42)
[2019.01.31-18.26.00:150][329]LogModuleManager: Shutting down and abandoning module MagicLeapController (40)
[2019.01.31-18.26.00:150][329]LogSlate: Slate User Destroyed.  User Index 0, Is Virtual User: 0
[2019.01.31-18.26.00:150][329]LogModuleManager: Shutting down and abandoning module MagicLeap (38)
[2019.01.31-18.26.00:150][329]LogModuleManager: Shutting down and abandoning module AnimationModifiers (36)
[2019.01.31-18.26.00:164][329]LogModuleManager: Shutting down and abandoning module PropertyEditor (35)
[2019.01.31-18.26.00:165][329]LogModuleManager: Shutting down and abandoning module AudioEditor (32)
[2019.01.31-18.26.00:183][329]LogModuleManager: Shutting down and abandoning module TextureCompressor (30)
[2019.01.31-18.26.00:183][329]LogModuleManager: Shutting down and abandoning module ShaderCore (28)
[2019.01.31-18.26.00:183][329]LogModuleManager: Shutting down and abandoning module Landscape (26)
[2019.01.31-18.26.00:183][329]LogModuleManager: Shutting down and abandoning module SlateRHIRenderer (24)
[2019.01.31-18.26.00:193][329]LogModuleManager: Shutting down and abandoning module OpenGLDrv (22)
[2019.01.31-18.26.00:205][329]LogModuleManager: Shutting down and abandoning module D3D11RHI (20)
[2019.01.31-18.26.00:205][329]LogModuleManager: Shutting down and abandoning module AnimGraphRuntime (18)
[2019.01.31-18.26.00:215][329]LogModuleManager: Shutting down and abandoning module Renderer (16)
[2019.01.31-18.26.00:215][329]LogModuleManager: Shutting down and abandoning module Engine (14)
[2019.01.31-18.26.00:215][329]LogModuleManager: Shutting down and abandoning module CoreUObject (12)
[2019.01.31-18.26.00:215][329]LogModuleManager: Shutting down and abandoning module NetworkFile (10)
[2019.01.31-18.26.00:224][329]LogModuleManager: Shutting down and abandoning module CookedIterativeFile (8)
[2019.01.31-18.26.00:224][329]LogModuleManager: Shutting down and abandoning module StreamingFile (6)
[2019.01.31-18.26.00:226][329]LogModuleManager: Shutting down and abandoning module SandboxFile (4)
[2019.01.31-18.26.00:226][329]LogModuleManager: Shutting down and abandoning module PakFile (2)
[2019.01.31-18.26.00:253][329]LogExit: Exiting.
[2019.01.31-18.26.00:279][329]Log file closed, 01/31/19 19:26:00
